2024-10-10 07:14:28 [restartedMain] INFO  s.org.arrupe.becas.BecasApplication - Starting BecasApplication using Java 17.0.12 with PID 14504 (C:\Users\ulise\Desktop\Becas+\Becas\build\classes\java\main started by ulise in C:\Users\ulise\Desktop\Becas+\Becas)
2024-10-10 07:14:28 [restartedMain] DEBUG s.org.arrupe.becas.BecasApplication - Running with Spring Boot v3.3.4, Spring v6.1.13
2024-10-10 07:14:28 [restartedMain] INFO  s.org.arrupe.becas.BecasApplication - No active profile set, falling back to 1 default profile: "default"
2024-10-10 07:14:28 [restartedMain] INFO  o.s.b.d.e.DevToolsPropertyDefaultsPostProcessor - Devtools property defaults active! Set 'spring.devtools.add-properties' to 'false' to disable
2024-10-10 07:14:28 [restartedMain] INFO  o.s.b.d.e.DevToolsPropertyDefaultsPostProcessor - For additional web related logging consider setting the 'logging.level.web' property to 'DEBUG'
2024-10-10 07:14:33 [restartedMain] INFO  o.s.b.w.e.tomcat.TomcatWebServer - Tomcat initialized with port 8080 (http)
2024-10-10 07:14:33 [restartedMain] INFO  o.a.coyote.http11.Http11NioProtocol - Initializing ProtocolHandler ["http-nio-8080"]
2024-10-10 07:14:33 [restartedMain] INFO  o.a.catalina.core.StandardService - Starting service [Tomcat]
2024-10-10 07:14:33 [restartedMain] INFO  o.a.catalina.core.StandardEngine - Starting Servlet engine: [Apache Tomcat/10.1.30]
2024-10-10 07:14:33 [restartedMain] INFO  o.a.c.c.C.[Tomcat].[localhost].[/] - Initializing Spring embedded WebApplicationContext
2024-10-10 07:14:33 [restartedMain] INFO  o.s.b.w.s.c.ServletWebServerApplicationContext - Root WebApplicationContext: initialization completed in 4537 ms
2024-10-10 07:14:33 [restartedMain] INFO  o.s.b.a.w.s.WelcomePageHandlerMapping - Adding welcome page template: index
2024-10-10 07:14:34 [restartedMain] WARN  o.t.templatemode.TemplateMode - [THYMELEAF][restartedMain] Unknown Template Mode 'HTML5'. Must be one of: 'HTML', 'XML', 'TEXT', 'JAVASCRIPT', 'CSS', 'RAW'. Using default Template Mode 'HTML'.
2024-10-10 07:14:34 [restartedMain] INFO  o.s.b.d.a.OptionalLiveReloadServer - LiveReload server is running on port 35729
2024-10-10 07:14:34 [restartedMain] INFO  o.a.coyote.http11.Http11NioProtocol - Starting ProtocolHandler ["http-nio-8080"]
2024-10-10 07:14:34 [restartedMain] INFO  o.s.b.w.e.tomcat.TomcatWebServer - Tomcat started on port 8080 (http) with context path '/'
2024-10-10 07:14:34 [restartedMain] INFO  s.org.arrupe.becas.BecasApplication - Started BecasApplication in 6.359 seconds (process running for 7.266)
2024-10-10 07:14:35 [http-nio-8080-exec-1] INFO  o.a.c.c.C.[Tomcat].[localhost].[/] - Initializing Spring DispatcherServlet 'dispatcherServlet'
2024-10-10 07:14:35 [http-nio-8080-exec-1] INFO  o.s.web.servlet.DispatcherServlet - Initializing Servlet 'dispatcherServlet'
2024-10-10 07:14:35 [http-nio-8080-exec-1] INFO  o.s.web.servlet.DispatcherServlet - Completed initialization in 1 ms
2024-10-10 07:14:35 [http-nio-8080-exec-1] DEBUG s.o.a.b.controller.LoginController - Accediendo a la página de inicio
2024-10-10 07:14:35 [http-nio-8080-exec-2] DEBUG s.o.a.b.controller.LoginController - Mostrando página de login
2024-10-10 07:14:40 [http-nio-8080-exec-7] DEBUG s.o.a.b.controller.LoginController - Accediendo a la página de inicio
2024-10-10 07:14:40 [http-nio-8080-exec-10] DEBUG s.o.a.b.controller.LoginController - Mostrando página de login
2024-10-10 07:15:06 [http-nio-8080-exec-4] DEBUG s.o.a.b.controller.LoginController - Intentando iniciar sesión para el carnet: TO241352
2024-10-10 07:15:07 [http-nio-8080-exec-4] DEBUG s.o.a.b.controller.LoginController - Login exitoso para el carnet: TO241352
2024-10-10 07:15:07 [http-nio-8080-exec-5] DEBUG s.o.a.b.controller.LoginController - Accediendo al dashboard para el usuario: TO241352
2024-10-10 07:18:06 [restartedMain] INFO  s.org.arrupe.becas.BecasApplication - Starting BecasApplication using Java 17.0.12 with PID 2256 (C:\Users\ulise\Desktop\Becas+\Becas\build\classes\java\main started by ulise in C:\Users\ulise\Desktop\Becas+\Becas)
2024-10-10 07:18:06 [restartedMain] DEBUG s.org.arrupe.becas.BecasApplication - Running with Spring Boot v3.3.4, Spring v6.1.13
2024-10-10 07:18:06 [restartedMain] INFO  s.org.arrupe.becas.BecasApplication - No active profile set, falling back to 1 default profile: "default"
2024-10-10 07:18:06 [restartedMain] INFO  o.s.b.d.e.DevToolsPropertyDefaultsPostProcessor - Devtools property defaults active! Set 'spring.devtools.add-properties' to 'false' to disable
2024-10-10 07:18:06 [restartedMain] INFO  o.s.b.d.e.DevToolsPropertyDefaultsPostProcessor - For additional web related logging consider setting the 'logging.level.web' property to 'DEBUG'
2024-10-10 07:18:07 [restartedMain] INFO  o.s.b.w.e.tomcat.TomcatWebServer - Tomcat initialized with port 8080 (http)
2024-10-10 07:18:07 [restartedMain] INFO  o.a.coyote.http11.Http11NioProtocol - Initializing ProtocolHandler ["http-nio-8080"]
2024-10-10 07:18:08 [restartedMain] INFO  o.a.catalina.core.StandardService - Starting service [Tomcat]
2024-10-10 07:18:08 [restartedMain] INFO  o.a.catalina.core.StandardEngine - Starting Servlet engine: [Apache Tomcat/10.1.30]
2024-10-10 07:18:08 [restartedMain] INFO  o.a.c.c.C.[Tomcat].[localhost].[/] - Initializing Spring embedded WebApplicationContext
2024-10-10 07:18:08 [restartedMain] INFO  o.s.b.w.s.c.ServletWebServerApplicationContext - Root WebApplicationContext: initialization completed in 1761 ms
2024-10-10 07:18:08 [restartedMain] INFO  o.s.b.a.w.s.WelcomePageHandlerMapping - Adding welcome page template: index
2024-10-10 07:18:08 [restartedMain] WARN  o.t.templatemode.TemplateMode - [THYMELEAF][restartedMain] Unknown Template Mode 'HTML5'. Must be one of: 'HTML', 'XML', 'TEXT', 'JAVASCRIPT', 'CSS', 'RAW'. Using default Template Mode 'HTML'.
2024-10-10 07:18:08 [restartedMain] INFO  o.s.b.d.a.OptionalLiveReloadServer - LiveReload server is running on port 35729
2024-10-10 07:18:08 [restartedMain] INFO  o.a.coyote.http11.Http11NioProtocol - Starting ProtocolHandler ["http-nio-8080"]
2024-10-10 07:18:08 [restartedMain] INFO  o.s.b.w.e.tomcat.TomcatWebServer - Tomcat started on port 8080 (http) with context path '/'
2024-10-10 07:18:08 [restartedMain] INFO  s.org.arrupe.becas.BecasApplication - Started BecasApplication in 3.567 seconds (process running for 4.195)
2024-10-10 07:20:21 [http-nio-8080-exec-3] INFO  o.a.c.c.C.[Tomcat].[localhost].[/] - Initializing Spring DispatcherServlet 'dispatcherServlet'
2024-10-10 07:20:21 [http-nio-8080-exec-3] INFO  o.s.web.servlet.DispatcherServlet - Initializing Servlet 'dispatcherServlet'
2024-10-10 07:20:21 [http-nio-8080-exec-3] INFO  o.s.web.servlet.DispatcherServlet - Completed initialization in 1 ms
2024-10-10 07:20:26 [http-nio-8080-exec-4] DEBUG s.o.a.b.controller.LoginController - Accediendo a la página de inicio
2024-10-10 07:20:28 [http-nio-8080-exec-10] DEBUG s.o.a.b.controller.LoginController - Mostrando página de login
2024-10-10 07:20:35 [http-nio-8080-exec-2] DEBUG s.o.a.b.controller.LoginController - Intentando iniciar sesión para el carnet: PL241350
2024-10-10 07:20:36 [http-nio-8080-exec-2] DEBUG s.o.a.b.controller.LoginController - Login exitoso para el carnet: PL241350
2024-10-10 07:20:36 [http-nio-8080-exec-9] DEBUG s.o.a.b.controller.LoginController - Accediendo al dashboard para el usuario: PL241350
2024-10-10 07:29:30 [restartedMain] INFO  s.org.arrupe.becas.BecasApplication - Starting BecasApplication using Java 17.0.12 with PID 11864 (C:\Users\ulise\Desktop\Becas+\Becas\build\classes\java\main started by ulise in C:\Users\ulise\Desktop\Becas+\Becas)
2024-10-10 07:29:30 [restartedMain] DEBUG s.org.arrupe.becas.BecasApplication - Running with Spring Boot v3.3.4, Spring v6.1.13
2024-10-10 07:29:30 [restartedMain] INFO  s.org.arrupe.becas.BecasApplication - No active profile set, falling back to 1 default profile: "default"
2024-10-10 07:29:30 [restartedMain] INFO  o.s.b.d.e.DevToolsPropertyDefaultsPostProcessor - Devtools property defaults active! Set 'spring.devtools.add-properties' to 'false' to disable
2024-10-10 07:29:30 [restartedMain] INFO  o.s.b.d.e.DevToolsPropertyDefaultsPostProcessor - For additional web related logging consider setting the 'logging.level.web' property to 'DEBUG'
2024-10-10 07:29:32 [restartedMain] INFO  o.s.b.w.e.tomcat.TomcatWebServer - Tomcat initialized with port 8080 (http)
2024-10-10 07:29:32 [restartedMain] INFO  o.a.coyote.http11.Http11NioProtocol - Initializing ProtocolHandler ["http-nio-8080"]
2024-10-10 07:29:32 [restartedMain] INFO  o.a.catalina.core.StandardService - Starting service [Tomcat]
2024-10-10 07:29:32 [restartedMain] INFO  o.a.catalina.core.StandardEngine - Starting Servlet engine: [Apache Tomcat/10.1.30]
2024-10-10 07:29:32 [restartedMain] INFO  o.a.c.c.C.[Tomcat].[localhost].[/] - Initializing Spring embedded WebApplicationContext
2024-10-10 07:29:32 [restartedMain] INFO  o.s.b.w.s.c.ServletWebServerApplicationContext - Root WebApplicationContext: initialization completed in 2391 ms
2024-10-10 07:29:32 [restartedMain] INFO  o.s.b.a.w.s.WelcomePageHandlerMapping - Adding welcome page template: index
2024-10-10 07:29:33 [restartedMain] WARN  o.t.templatemode.TemplateMode - [THYMELEAF][restartedMain] Unknown Template Mode 'HTML5'. Must be one of: 'HTML', 'XML', 'TEXT', 'JAVASCRIPT', 'CSS', 'RAW'. Using default Template Mode 'HTML'.
2024-10-10 07:29:33 [restartedMain] INFO  o.s.b.d.a.OptionalLiveReloadServer - LiveReload server is running on port 35729
2024-10-10 07:29:33 [restartedMain] INFO  o.a.coyote.http11.Http11NioProtocol - Starting ProtocolHandler ["http-nio-8080"]
2024-10-10 07:29:33 [restartedMain] INFO  o.s.b.w.e.tomcat.TomcatWebServer - Tomcat started on port 8080 (http) with context path '/'
2024-10-10 07:29:33 [restartedMain] INFO  s.org.arrupe.becas.BecasApplication - Started BecasApplication in 4.547 seconds (process running for 5.413)
2024-10-10 07:33:14 [http-nio-8080-exec-1] INFO  o.a.c.c.C.[Tomcat].[localhost].[/] - Initializing Spring DispatcherServlet 'dispatcherServlet'
2024-10-10 07:33:14 [http-nio-8080-exec-1] INFO  o.s.web.servlet.DispatcherServlet - Initializing Servlet 'dispatcherServlet'
2024-10-10 07:33:14 [http-nio-8080-exec-1] INFO  o.s.web.servlet.DispatcherServlet - Completed initialization in 7 ms
2024-10-10 07:33:14 [http-nio-8080-exec-2] DEBUG s.o.a.b.controller.LoginController - Mostrando página de login
2024-10-10 07:33:25 [http-nio-8080-exec-5] DEBUG s.o.a.b.controller.LoginController - Intentando iniciar sesión para el carnet: TO241352
2024-10-10 07:33:25 [http-nio-8080-exec-5] DEBUG s.o.a.b.controller.LoginController - Login exitoso para el carnet: TO241352
2024-10-10 07:33:25 [http-nio-8080-exec-6] DEBUG s.o.a.b.controller.LoginController - Accediendo al dashboard para el usuario: TO241352
2024-10-10 07:35:17 [restartedMain] INFO  s.org.arrupe.becas.BecasApplication - Starting BecasApplication using Java 17.0.12 with PID 2292 (C:\Users\ulise\Desktop\Becas+\Becas\build\classes\java\main started by ulise in C:\Users\ulise\Desktop\Becas+\Becas)
2024-10-10 07:35:17 [restartedMain] DEBUG s.org.arrupe.becas.BecasApplication - Running with Spring Boot v3.3.4, Spring v6.1.13
2024-10-10 07:35:17 [restartedMain] INFO  s.org.arrupe.becas.BecasApplication - No active profile set, falling back to 1 default profile: "default"
2024-10-10 07:35:17 [restartedMain] INFO  o.s.b.d.e.DevToolsPropertyDefaultsPostProcessor - Devtools property defaults active! Set 'spring.devtools.add-properties' to 'false' to disable
2024-10-10 07:35:17 [restartedMain] INFO  o.s.b.d.e.DevToolsPropertyDefaultsPostProcessor - For additional web related logging consider setting the 'logging.level.web' property to 'DEBUG'
2024-10-10 07:35:18 [restartedMain] INFO  o.s.b.w.e.tomcat.TomcatWebServer - Tomcat initialized with port 8080 (http)
2024-10-10 07:35:18 [restartedMain] INFO  o.a.coyote.http11.Http11NioProtocol - Initializing ProtocolHandler ["http-nio-8080"]
2024-10-10 07:35:18 [restartedMain] INFO  o.a.catalina.core.StandardService - Starting service [Tomcat]
2024-10-10 07:35:18 [restartedMain] INFO  o.a.catalina.core.StandardEngine - Starting Servlet engine: [Apache Tomcat/10.1.30]
2024-10-10 07:35:18 [restartedMain] INFO  o.a.c.c.C.[Tomcat].[localhost].[/] - Initializing Spring embedded WebApplicationContext
2024-10-10 07:35:18 [restartedMain] INFO  o.s.b.w.s.c.ServletWebServerApplicationContext - Root WebApplicationContext: initialization completed in 1583 ms
2024-10-10 07:35:18 [restartedMain] INFO  o.s.b.a.w.s.WelcomePageHandlerMapping - Adding welcome page template: index
2024-10-10 07:35:19 [restartedMain] WARN  o.t.templatemode.TemplateMode - [THYMELEAF][restartedMain] Unknown Template Mode 'HTML5'. Must be one of: 'HTML', 'XML', 'TEXT', 'JAVASCRIPT', 'CSS', 'RAW'. Using default Template Mode 'HTML'.
2024-10-10 07:35:19 [restartedMain] INFO  o.s.b.d.a.OptionalLiveReloadServer - LiveReload server is running on port 35729
2024-10-10 07:35:19 [restartedMain] INFO  o.a.coyote.http11.Http11NioProtocol - Starting ProtocolHandler ["http-nio-8080"]
2024-10-10 07:35:20 [restartedMain] INFO  o.s.b.w.e.tomcat.TomcatWebServer - Tomcat started on port 8080 (http) with context path '/'
2024-10-10 07:35:20 [restartedMain] INFO  s.org.arrupe.becas.BecasApplication - Started BecasApplication in 3.991 seconds (process running for 4.506)
2024-10-10 07:35:30 [http-nio-8080-exec-2] INFO  o.a.c.c.C.[Tomcat].[localhost].[/] - Initializing Spring DispatcherServlet 'dispatcherServlet'
2024-10-10 07:35:30 [http-nio-8080-exec-2] INFO  o.s.web.servlet.DispatcherServlet - Initializing Servlet 'dispatcherServlet'
2024-10-10 07:35:30 [http-nio-8080-exec-2] INFO  o.s.web.servlet.DispatcherServlet - Completed initialization in 2 ms
2024-10-10 07:36:13 [http-nio-8080-exec-5] DEBUG s.o.a.b.controller.LoginController - Intentando iniciar sesión para el carnet: TO241352
2024-10-10 07:36:13 [http-nio-8080-exec-5] DEBUG s.o.a.b.controller.LoginController - Login exitoso para el carnet: TO241352
2024-10-10 07:36:13 [http-nio-8080-exec-6] DEBUG s.o.a.b.controller.LoginController - Accediendo al dashboard para el usuario: TO241352
2024-10-10 07:39:17 [restartedMain] INFO  s.org.arrupe.becas.BecasApplication - Starting BecasApplication using Java 17.0.12 with PID 16180 (C:\Users\ulise\Desktop\Becas+\Becas\build\classes\java\main started by ulise in C:\Users\ulise\Desktop\Becas+\Becas)
2024-10-10 07:39:17 [restartedMain] DEBUG s.org.arrupe.becas.BecasApplication - Running with Spring Boot v3.3.4, Spring v6.1.13
2024-10-10 07:39:17 [restartedMain] INFO  s.org.arrupe.becas.BecasApplication - No active profile set, falling back to 1 default profile: "default"
2024-10-10 07:39:17 [restartedMain] INFO  o.s.b.d.e.DevToolsPropertyDefaultsPostProcessor - Devtools property defaults active! Set 'spring.devtools.add-properties' to 'false' to disable
2024-10-10 07:39:17 [restartedMain] INFO  o.s.b.d.e.DevToolsPropertyDefaultsPostProcessor - For additional web related logging consider setting the 'logging.level.web' property to 'DEBUG'
2024-10-10 07:39:22 [restartedMain] INFO  o.s.b.w.e.tomcat.TomcatWebServer - Tomcat initialized with port 8080 (http)
2024-10-10 07:39:22 [restartedMain] INFO  o.a.coyote.http11.Http11NioProtocol - Initializing ProtocolHandler ["http-nio-8080"]
2024-10-10 07:39:22 [restartedMain] INFO  o.a.catalina.core.StandardService - Starting service [Tomcat]
2024-10-10 07:39:22 [restartedMain] INFO  o.a.catalina.core.StandardEngine - Starting Servlet engine: [Apache Tomcat/10.1.30]
2024-10-10 07:39:22 [restartedMain] INFO  o.a.c.c.C.[Tomcat].[localhost].[/] - Initializing Spring embedded WebApplicationContext
2024-10-10 07:39:22 [restartedMain] INFO  o.s.b.w.s.c.ServletWebServerApplicationContext - Root WebApplicationContext: initialization completed in 4163 ms
2024-10-10 07:39:22 [restartedMain] INFO  o.s.b.a.w.s.WelcomePageHandlerMapping - Adding welcome page template: index
2024-10-10 07:39:22 [restartedMain] WARN  o.t.templatemode.TemplateMode - [THYMELEAF][restartedMain] Unknown Template Mode 'HTML5'. Must be one of: 'HTML', 'XML', 'TEXT', 'JAVASCRIPT', 'CSS', 'RAW'. Using default Template Mode 'HTML'.
2024-10-10 07:39:22 [restartedMain] INFO  o.s.b.d.a.OptionalLiveReloadServer - LiveReload server is running on port 35729
2024-10-10 07:39:22 [restartedMain] INFO  o.a.coyote.http11.Http11NioProtocol - Starting ProtocolHandler ["http-nio-8080"]
2024-10-10 07:39:22 [restartedMain] INFO  o.s.b.w.e.tomcat.TomcatWebServer - Tomcat started on port 8080 (http) with context path '/'
2024-10-10 07:39:22 [restartedMain] INFO  s.org.arrupe.becas.BecasApplication - Started BecasApplication in 5.999 seconds (process running for 6.997)
2024-10-10 07:39:25 [http-nio-8080-exec-1] INFO  o.a.c.c.C.[Tomcat].[localhost].[/] - Initializing Spring DispatcherServlet 'dispatcherServlet'
2024-10-10 07:39:25 [http-nio-8080-exec-1] INFO  o.s.web.servlet.DispatcherServlet - Initializing Servlet 'dispatcherServlet'
2024-10-10 07:39:25 [http-nio-8080-exec-1] INFO  o.s.web.servlet.DispatcherServlet - Completed initialization in 2 ms
2024-10-10 07:39:25 [http-nio-8080-exec-2] DEBUG s.o.a.b.controller.LoginController - Mostrando página de login
2024-10-10 07:39:30 [http-nio-8080-exec-5] DEBUG s.o.a.b.controller.LoginController - Intentando iniciar sesión para el carnet: TO241352
2024-10-10 07:39:30 [http-nio-8080-exec-5] DEBUG s.o.a.b.controller.LoginController - Login exitoso para el carnet: TO241352
2024-10-10 07:39:30 [http-nio-8080-exec-6] DEBUG s.o.a.b.controller.LoginController - Accediendo al dashboard para el usuario: TO241352
2024-10-10 07:40:26 [restartedMain] INFO  s.org.arrupe.becas.BecasApplication - Starting BecasApplication using Java 17.0.12 with PID 4000 (C:\Users\ulise\Desktop\Becas+\Becas\build\classes\java\main started by ulise in C:\Users\ulise\Desktop\Becas+\Becas)
2024-10-10 07:40:26 [restartedMain] DEBUG s.org.arrupe.becas.BecasApplication - Running with Spring Boot v3.3.4, Spring v6.1.13
2024-10-10 07:40:26 [restartedMain] INFO  s.org.arrupe.becas.BecasApplication - No active profile set, falling back to 1 default profile: "default"
2024-10-10 07:40:27 [restartedMain] INFO  o.s.b.d.e.DevToolsPropertyDefaultsPostProcessor - Devtools property defaults active! Set 'spring.devtools.add-properties' to 'false' to disable
2024-10-10 07:40:27 [restartedMain] INFO  o.s.b.d.e.DevToolsPropertyDefaultsPostProcessor - For additional web related logging consider setting the 'logging.level.web' property to 'DEBUG'
2024-10-10 07:40:28 [restartedMain] INFO  o.s.b.w.e.tomcat.TomcatWebServer - Tomcat initialized with port 8080 (http)
2024-10-10 07:40:28 [restartedMain] INFO  o.a.coyote.http11.Http11NioProtocol - Initializing ProtocolHandler ["http-nio-8080"]
2024-10-10 07:40:28 [restartedMain] INFO  o.a.catalina.core.StandardService - Starting service [Tomcat]
2024-10-10 07:40:28 [restartedMain] INFO  o.a.catalina.core.StandardEngine - Starting Servlet engine: [Apache Tomcat/10.1.30]
2024-10-10 07:40:28 [restartedMain] INFO  o.a.c.c.C.[Tomcat].[localhost].[/] - Initializing Spring embedded WebApplicationContext
2024-10-10 07:40:28 [restartedMain] INFO  o.s.b.w.s.c.ServletWebServerApplicationContext - Root WebApplicationContext: initialization completed in 1653 ms
2024-10-10 07:40:28 [restartedMain] INFO  o.s.b.a.w.s.WelcomePageHandlerMapping - Adding welcome page template: index
2024-10-10 07:40:29 [restartedMain] WARN  o.t.templatemode.TemplateMode - [THYMELEAF][restartedMain] Unknown Template Mode 'HTML5'. Must be one of: 'HTML', 'XML', 'TEXT', 'JAVASCRIPT', 'CSS', 'RAW'. Using default Template Mode 'HTML'.
2024-10-10 07:40:29 [restartedMain] INFO  o.s.b.d.a.OptionalLiveReloadServer - LiveReload server is running on port 35729
2024-10-10 07:40:29 [restartedMain] INFO  o.a.coyote.http11.Http11NioProtocol - Starting ProtocolHandler ["http-nio-8080"]
2024-10-10 07:40:29 [restartedMain] INFO  o.s.b.w.e.tomcat.TomcatWebServer - Tomcat started on port 8080 (http) with context path '/'
2024-10-10 07:40:29 [restartedMain] INFO  s.org.arrupe.becas.BecasApplication - Started BecasApplication in 3.13 seconds (process running for 3.802)
2024-10-10 07:40:35 [http-nio-8080-exec-1] INFO  o.a.c.c.C.[Tomcat].[localhost].[/] - Initializing Spring DispatcherServlet 'dispatcherServlet'
2024-10-10 07:40:35 [http-nio-8080-exec-1] INFO  o.s.web.servlet.DispatcherServlet - Initializing Servlet 'dispatcherServlet'
2024-10-10 07:40:35 [http-nio-8080-exec-1] INFO  o.s.web.servlet.DispatcherServlet - Completed initialization in 0 ms
2024-10-10 07:40:35 [http-nio-8080-exec-5] DEBUG s.o.a.b.controller.LoginController - Mostrando página de login
2024-10-10 07:40:40 [http-nio-8080-exec-2] DEBUG s.o.a.b.controller.LoginController - Intentando iniciar sesión para el carnet: TO241352
2024-10-10 07:40:40 [http-nio-8080-exec-2] DEBUG s.o.a.b.controller.LoginController - Login exitoso para el carnet: TO241352
2024-10-10 07:40:40 [http-nio-8080-exec-6] DEBUG s.o.a.b.controller.LoginController - Accediendo al dashboard para el usuario: TO241352
2024-10-10 07:45:02 [restartedMain] INFO  s.org.arrupe.becas.BecasApplication - Starting BecasApplication using Java 17.0.12 with PID 14188 (C:\Users\ulise\Desktop\Becas+\Becas\build\classes\java\main started by ulise in C:\Users\ulise\Desktop\Becas+\Becas)
2024-10-10 07:45:02 [restartedMain] DEBUG s.org.arrupe.becas.BecasApplication - Running with Spring Boot v3.3.4, Spring v6.1.13
2024-10-10 07:45:02 [restartedMain] INFO  s.org.arrupe.becas.BecasApplication - No active profile set, falling back to 1 default profile: "default"
2024-10-10 07:45:02 [restartedMain] INFO  o.s.b.d.e.DevToolsPropertyDefaultsPostProcessor - Devtools property defaults active! Set 'spring.devtools.add-properties' to 'false' to disable
2024-10-10 07:45:02 [restartedMain] INFO  o.s.b.d.e.DevToolsPropertyDefaultsPostProcessor - For additional web related logging consider setting the 'logging.level.web' property to 'DEBUG'
2024-10-10 07:45:03 [restartedMain] INFO  o.s.b.w.e.tomcat.TomcatWebServer - Tomcat initialized with port 8080 (http)
2024-10-10 07:45:03 [restartedMain] INFO  o.a.coyote.http11.Http11NioProtocol - Initializing ProtocolHandler ["http-nio-8080"]
2024-10-10 07:45:03 [restartedMain] INFO  o.a.catalina.core.StandardService - Starting service [Tomcat]
2024-10-10 07:45:03 [restartedMain] INFO  o.a.catalina.core.StandardEngine - Starting Servlet engine: [Apache Tomcat/10.1.30]
2024-10-10 07:45:03 [restartedMain] INFO  o.a.c.c.C.[Tomcat].[localhost].[/] - Initializing Spring embedded WebApplicationContext
2024-10-10 07:45:03 [restartedMain] INFO  o.s.b.w.s.c.ServletWebServerApplicationContext - Root WebApplicationContext: initialization completed in 1205 ms
2024-10-10 07:45:03 [restartedMain] INFO  o.s.b.a.w.s.WelcomePageHandlerMapping - Adding welcome page template: index
2024-10-10 07:45:03 [restartedMain] WARN  o.t.templatemode.TemplateMode - [THYMELEAF][restartedMain] Unknown Template Mode 'HTML5'. Must be one of: 'HTML', 'XML', 'TEXT', 'JAVASCRIPT', 'CSS', 'RAW'. Using default Template Mode 'HTML'.
2024-10-10 07:45:03 [restartedMain] INFO  o.s.b.d.a.OptionalLiveReloadServer - LiveReload server is running on port 35729
2024-10-10 07:45:03 [restartedMain] INFO  o.a.coyote.http11.Http11NioProtocol - Starting ProtocolHandler ["http-nio-8080"]
2024-10-10 07:45:03 [restartedMain] INFO  o.s.b.w.e.tomcat.TomcatWebServer - Tomcat started on port 8080 (http) with context path '/'
2024-10-10 07:45:03 [restartedMain] INFO  s.org.arrupe.becas.BecasApplication - Started BecasApplication in 2.468 seconds (process running for 3.025)
2024-10-10 07:45:25 [http-nio-8080-exec-1] INFO  o.a.c.c.C.[Tomcat].[localhost].[/] - Initializing Spring DispatcherServlet 'dispatcherServlet'
2024-10-10 07:45:25 [http-nio-8080-exec-1] INFO  o.s.web.servlet.DispatcherServlet - Initializing Servlet 'dispatcherServlet'
2024-10-10 07:45:25 [http-nio-8080-exec-1] INFO  o.s.web.servlet.DispatcherServlet - Completed initialization in 1 ms
2024-10-10 07:45:25 [http-nio-8080-exec-1] DEBUG s.o.a.b.controller.LoginController - Mostrando página de login
2024-10-10 07:45:30 [http-nio-8080-exec-3] DEBUG s.o.a.b.controller.LoginController - Intentando iniciar sesión para el carnet: TO241352
2024-10-10 07:45:30 [http-nio-8080-exec-3] DEBUG s.o.a.b.controller.LoginController - Login exitoso para el carnet: TO241352
2024-10-10 07:45:30 [http-nio-8080-exec-6] DEBUG s.o.a.b.controller.LoginController - Accediendo al dashboard para el usuario: TO241352
2024-10-10 07:46:12 [restartedMain] INFO  s.org.arrupe.becas.BecasApplication - Starting BecasApplication using Java 17.0.12 with PID 1324 (C:\Users\ulise\Desktop\Becas+\Becas\build\classes\java\main started by ulise in C:\Users\ulise\Desktop\Becas+\Becas)
2024-10-10 07:46:12 [restartedMain] DEBUG s.org.arrupe.becas.BecasApplication - Running with Spring Boot v3.3.4, Spring v6.1.13
2024-10-10 07:46:12 [restartedMain] INFO  s.org.arrupe.becas.BecasApplication - No active profile set, falling back to 1 default profile: "default"
2024-10-10 07:46:12 [restartedMain] INFO  o.s.b.d.e.DevToolsPropertyDefaultsPostProcessor - Devtools property defaults active! Set 'spring.devtools.add-properties' to 'false' to disable
2024-10-10 07:46:12 [restartedMain] INFO  o.s.b.d.e.DevToolsPropertyDefaultsPostProcessor - For additional web related logging consider setting the 'logging.level.web' property to 'DEBUG'
2024-10-10 07:46:13 [restartedMain] INFO  o.s.b.w.e.tomcat.TomcatWebServer - Tomcat initialized with port 8080 (http)
2024-10-10 07:46:13 [restartedMain] INFO  o.a.coyote.http11.Http11NioProtocol - Initializing ProtocolHandler ["http-nio-8080"]
2024-10-10 07:46:13 [restartedMain] INFO  o.a.catalina.core.StandardService - Starting service [Tomcat]
2024-10-10 07:46:13 [restartedMain] INFO  o.a.catalina.core.StandardEngine - Starting Servlet engine: [Apache Tomcat/10.1.30]
2024-10-10 07:46:13 [restartedMain] INFO  o.a.c.c.C.[Tomcat].[localhost].[/] - Initializing Spring embedded WebApplicationContext
2024-10-10 07:46:13 [restartedMain] INFO  o.s.b.w.s.c.ServletWebServerApplicationContext - Root WebApplicationContext: initialization completed in 1095 ms
2024-10-10 07:46:13 [restartedMain] INFO  o.s.b.a.w.s.WelcomePageHandlerMapping - Adding welcome page template: index
2024-10-10 07:46:13 [restartedMain] WARN  o.t.templatemode.TemplateMode - [THYMELEAF][restartedMain] Unknown Template Mode 'HTML5'. Must be one of: 'HTML', 'XML', 'TEXT', 'JAVASCRIPT', 'CSS', 'RAW'. Using default Template Mode 'HTML'.
2024-10-10 07:46:13 [restartedMain] INFO  o.s.b.d.a.OptionalLiveReloadServer - LiveReload server is running on port 35729
2024-10-10 07:46:13 [restartedMain] INFO  o.a.coyote.http11.Http11NioProtocol - Starting ProtocolHandler ["http-nio-8080"]
2024-10-10 07:46:13 [restartedMain] INFO  o.s.b.w.e.tomcat.TomcatWebServer - Tomcat started on port 8080 (http) with context path '/'
2024-10-10 07:46:13 [restartedMain] INFO  s.org.arrupe.becas.BecasApplication - Started BecasApplication in 2.163 seconds (process running for 2.52)
2024-10-10 07:46:18 [http-nio-8080-exec-1] INFO  o.a.c.c.C.[Tomcat].[localhost].[/] - Initializing Spring DispatcherServlet 'dispatcherServlet'
2024-10-10 07:46:18 [http-nio-8080-exec-1] INFO  o.s.web.servlet.DispatcherServlet - Initializing Servlet 'dispatcherServlet'
2024-10-10 07:46:18 [http-nio-8080-exec-1] INFO  o.s.web.servlet.DispatcherServlet - Completed initialization in 1 ms
2024-10-10 07:46:21 [http-nio-8080-exec-3] DEBUG s.o.a.b.controller.LoginController - Intentando iniciar sesión para el carnet: TO241352
2024-10-10 07:46:21 [http-nio-8080-exec-3] DEBUG s.o.a.b.controller.LoginController - Login exitoso para el carnet: TO241352
2024-10-10 07:46:21 [http-nio-8080-exec-4] DEBUG s.o.a.b.controller.LoginController - Accediendo al dashboard para el usuario: TO241352
2024-10-10 07:46:58 [restartedMain] INFO  s.org.arrupe.becas.BecasApplication - Starting BecasApplication using Java 17.0.12 with PID 23400 (C:\Users\ulise\Desktop\Becas+\Becas\build\classes\java\main started by ulise in C:\Users\ulise\Desktop\Becas+\Becas)
2024-10-10 07:46:58 [restartedMain] DEBUG s.org.arrupe.becas.BecasApplication - Running with Spring Boot v3.3.4, Spring v6.1.13
2024-10-10 07:46:58 [restartedMain] INFO  s.org.arrupe.becas.BecasApplication - No active profile set, falling back to 1 default profile: "default"
2024-10-10 07:46:58 [restartedMain] INFO  o.s.b.d.e.DevToolsPropertyDefaultsPostProcessor - Devtools property defaults active! Set 'spring.devtools.add-properties' to 'false' to disable
2024-10-10 07:46:58 [restartedMain] INFO  o.s.b.d.e.DevToolsPropertyDefaultsPostProcessor - For additional web related logging consider setting the 'logging.level.web' property to 'DEBUG'
2024-10-10 07:46:58 [File Watcher] INFO  o.s.b.d.a.LocalDevToolsAutoConfiguration$RestartingClassPathChangeChangedEventListener - Restarting due to 19 class path changes (0 additions, 0 deletions, 19 modifications)
2024-10-10 07:46:58 [Thread-5] INFO  o.a.coyote.http11.Http11NioProtocol - Stopping ProtocolHandler ["http-nio-8080"]
2024-10-10 07:46:59 [restartedMain] INFO  o.s.b.w.e.tomcat.TomcatWebServer - Tomcat initialized with port 8080 (http)
2024-10-10 07:46:59 [restartedMain] INFO  o.a.coyote.http11.Http11NioProtocol - Initializing ProtocolHandler ["http-nio-8080"]
2024-10-10 07:46:59 [restartedMain] INFO  o.a.catalina.core.StandardService - Starting service [Tomcat]
2024-10-10 07:46:59 [restartedMain] INFO  o.a.catalina.core.StandardEngine - Starting Servlet engine: [Apache Tomcat/10.1.30]
2024-10-10 07:46:59 [restartedMain] INFO  o.a.c.c.C.[Tomcat].[localhost].[/] - Initializing Spring embedded WebApplicationContext
2024-10-10 07:46:59 [restartedMain] INFO  o.s.b.w.s.c.ServletWebServerApplicationContext - Root WebApplicationContext: initialization completed in 1163 ms
2024-10-10 07:46:59 [restartedMain] INFO  o.s.b.a.w.s.WelcomePageHandlerMapping - Adding welcome page template: index
2024-10-10 07:46:59 [restartedMain] WARN  o.t.templatemode.TemplateMode - [THYMELEAF][restartedMain] Unknown Template Mode 'HTML5'. Must be one of: 'HTML', 'XML', 'TEXT', 'JAVASCRIPT', 'CSS', 'RAW'. Using default Template Mode 'HTML'.
2024-10-10 07:46:59 [restartedMain] INFO  o.s.b.d.a.OptionalLiveReloadServer - LiveReload server is running on port 35729
2024-10-10 07:46:59 [restartedMain] INFO  o.a.coyote.http11.Http11NioProtocol - Starting ProtocolHandler ["http-nio-8080"]
2024-10-10 07:46:59 [restartedMain] INFO  o.s.b.w.e.tomcat.TomcatWebServer - Tomcat started on port 8080 (http) with context path '/'
2024-10-10 07:46:59 [restartedMain] INFO  s.org.arrupe.becas.BecasApplication - Started BecasApplication in 2.07 seconds (process running for 2.415)
2024-10-10 07:47:00 [http-nio-8080-exec-1] INFO  o.a.c.c.C.[Tomcat].[localhost].[/] - Initializing Spring DispatcherServlet 'dispatcherServlet'
2024-10-10 07:47:00 [http-nio-8080-exec-1] INFO  o.s.web.servlet.DispatcherServlet - Initializing Servlet 'dispatcherServlet'
2024-10-10 07:47:00 [http-nio-8080-exec-1] INFO  o.s.web.servlet.DispatcherServlet - Completed initialization in 1 ms
2024-10-10 07:47:00 [http-nio-8080-exec-4] DEBUG s.o.a.b.controller.LoginController - Mostrando página de login
2024-10-10 07:47:06 [http-nio-8080-exec-10] DEBUG s.o.a.b.controller.LoginController - Intentando iniciar sesión para el carnet: TO241352
2024-10-10 07:47:06 [http-nio-8080-exec-10] DEBUG s.o.a.b.controller.LoginController - Login exitoso para el carnet: TO241352
2024-10-10 07:47:06 [http-nio-8080-exec-6] DEBUG s.o.a.b.controller.LoginController - Accediendo al dashboard para el usuario: TO241352
2024-10-10 07:47:43 [File Watcher] INFO  o.s.b.d.a.LocalDevToolsAutoConfiguration$RestartingClassPathChangeChangedEventListener - Restarting due to 19 class path changes (0 additions, 0 deletions, 19 modifications)
2024-10-10 07:47:44 [Thread-5] INFO  o.a.coyote.http11.Http11NioProtocol - Stopping ProtocolHandler ["http-nio-8080"]
2024-10-10 07:47:44 [restartedMain] INFO  s.org.arrupe.becas.BecasApplication - Starting BecasApplication using Java 17.0.12 with PID 10128 (C:\Users\ulise\Desktop\Becas+\Becas\build\classes\java\main started by ulise in C:\Users\ulise\Desktop\Becas+\Becas)
2024-10-10 07:47:44 [restartedMain] DEBUG s.org.arrupe.becas.BecasApplication - Running with Spring Boot v3.3.4, Spring v6.1.13
2024-10-10 07:47:44 [restartedMain] INFO  s.org.arrupe.becas.BecasApplication - No active profile set, falling back to 1 default profile: "default"
2024-10-10 07:47:44 [restartedMain] INFO  o.s.b.d.e.DevToolsPropertyDefaultsPostProcessor - Devtools property defaults active! Set 'spring.devtools.add-properties' to 'false' to disable
2024-10-10 07:47:44 [restartedMain] INFO  o.s.b.d.e.DevToolsPropertyDefaultsPostProcessor - For additional web related logging consider setting the 'logging.level.web' property to 'DEBUG'
2024-10-10 07:47:44 [restartedMain] INFO  s.org.arrupe.becas.BecasApplication - Starting BecasApplication using Java 17.0.12 with PID 23400 (C:\Users\ulise\Desktop\Becas+\Becas\build\classes\java\main started by ulise in C:\Users\ulise\Desktop\Becas+\Becas)
2024-10-10 07:47:44 [restartedMain] DEBUG s.org.arrupe.becas.BecasApplication - Running with Spring Boot v3.3.4, Spring v6.1.13
2024-10-10 07:47:44 [restartedMain] INFO  s.org.arrupe.becas.BecasApplication - No active profile set, falling back to 1 default profile: "default"
2024-10-10 07:47:44 [restartedMain] INFO  o.s.b.w.e.tomcat.TomcatWebServer - Tomcat initialized with port 8080 (http)
2024-10-10 07:47:44 [restartedMain] INFO  o.a.coyote.http11.Http11NioProtocol - Initializing ProtocolHandler ["http-nio-8080"]
2024-10-10 07:47:44 [restartedMain] INFO  o.a.catalina.core.StandardService - Starting service [Tomcat]
2024-10-10 07:47:44 [restartedMain] INFO  o.a.catalina.core.StandardEngine - Starting Servlet engine: [Apache Tomcat/10.1.30]
2024-10-10 07:47:44 [restartedMain] INFO  o.a.c.c.C.[Tomcat].[localhost].[/] - Initializing Spring embedded WebApplicationContext
2024-10-10 07:47:44 [restartedMain] INFO  o.s.b.w.s.c.ServletWebServerApplicationContext - Root WebApplicationContext: initialization completed in 272 ms
2024-10-10 07:47:44 [restartedMain] INFO  o.s.b.a.w.s.WelcomePageHandlerMapping - Adding welcome page template: index
2024-10-10 07:47:44 [restartedMain] WARN  o.t.templatemode.TemplateMode - [THYMELEAF][restartedMain] Unknown Template Mode 'HTML5'. Must be one of: 'HTML', 'XML', 'TEXT', 'JAVASCRIPT', 'CSS', 'RAW'. Using default Template Mode 'HTML'.
2024-10-10 07:47:44 [restartedMain] INFO  o.s.b.d.a.OptionalLiveReloadServer - LiveReload server is running on port 35729
2024-10-10 07:47:44 [restartedMain] INFO  o.a.coyote.http11.Http11NioProtocol - Starting ProtocolHandler ["http-nio-8080"]
2024-10-10 07:47:44 [restartedMain] INFO  o.s.b.w.e.tomcat.TomcatWebServer - Tomcat started on port 8080 (http) with context path '/'
2024-10-10 07:47:44 [restartedMain] INFO  s.org.arrupe.becas.BecasApplication - Started BecasApplication in 0.414 seconds (process running for 47.426)
2024-10-10 07:47:44 [restartedMain] INFO  o.s.b.d.a.ConditionEvaluationDeltaLoggingListener - Condition evaluation unchanged
2024-10-10 07:47:45 [restartedMain] INFO  o.s.b.w.e.tomcat.TomcatWebServer - Tomcat initialized with port 8080 (http)
2024-10-10 07:47:45 [restartedMain] INFO  o.a.coyote.http11.Http11NioProtocol - Initializing ProtocolHandler ["http-nio-8080"]
2024-10-10 07:47:45 [restartedMain] INFO  o.a.catalina.core.StandardService - Starting service [Tomcat]
2024-10-10 07:47:45 [restartedMain] INFO  o.a.catalina.core.StandardEngine - Starting Servlet engine: [Apache Tomcat/10.1.30]
2024-10-10 07:47:45 [restartedMain] INFO  o.a.c.c.C.[Tomcat].[localhost].[/] - Initializing Spring embedded WebApplicationContext
2024-10-10 07:47:45 [restartedMain] INFO  o.s.b.w.s.c.ServletWebServerApplicationContext - Root WebApplicationContext: initialization completed in 1178 ms
2024-10-10 07:47:45 [restartedMain] INFO  o.s.b.a.w.s.WelcomePageHandlerMapping - Adding welcome page template: index
2024-10-10 07:47:45 [restartedMain] WARN  o.t.templatemode.TemplateMode - [THYMELEAF][restartedMain] Unknown Template Mode 'HTML5'. Must be one of: 'HTML', 'XML', 'TEXT', 'JAVASCRIPT', 'CSS', 'RAW'. Using default Template Mode 'HTML'.
2024-10-10 07:47:45 [restartedMain] INFO  o.s.b.d.a.OptionalLiveReloadServer - LiveReload server is running on port 35729
2024-10-10 07:47:45 [restartedMain] INFO  o.a.coyote.http11.Http11NioProtocol - Starting ProtocolHandler ["http-nio-8080"]
2024-10-10 07:47:45 [restartedMain] INFO  o.s.b.w.e.tomcat.TomcatWebServer - Tomcat started on port 8080 (http) with context path '/'
2024-10-10 07:47:45 [restartedMain] INFO  s.org.arrupe.becas.BecasApplication - Started BecasApplication in 2.155 seconds (process running for 2.584)
2024-10-10 07:47:47 [http-nio-8080-exec-1] INFO  o.a.c.c.C.[Tomcat].[localhost].[/] - Initializing Spring DispatcherServlet 'dispatcherServlet'
2024-10-10 07:47:47 [http-nio-8080-exec-1] INFO  o.s.web.servlet.DispatcherServlet - Initializing Servlet 'dispatcherServlet'
2024-10-10 07:47:47 [http-nio-8080-exec-1] INFO  o.s.web.servlet.DispatcherServlet - Completed initialization in 0 ms
2024-10-10 07:47:47 [http-nio-8080-exec-2] DEBUG s.o.a.b.controller.LoginController - Mostrando página de login
2024-10-10 07:49:57 [http-nio-8080-exec-7] DEBUG s.o.a.b.controller.LoginController - Intentando iniciar sesión para el carnet: TO241352
2024-10-10 07:49:57 [http-nio-8080-exec-7] DEBUG s.o.a.b.controller.LoginController - Login exitoso para el carnet: TO241352
2024-10-10 07:49:57 [http-nio-8080-exec-8] DEBUG s.o.a.b.controller.LoginController - Accediendo al dashboard para el usuario: TO241352
2024-10-10 08:00:36 [http-nio-8080-exec-7] DEBUG s.o.a.b.controller.LoginController - Cerrando sesión para el usuario: TO241352
2024-10-10 08:00:36 [http-nio-8080-exec-8] DEBUG s.o.a.b.controller.LoginController - Mostrando página de login
2024-10-10 08:00:40 [http-nio-8080-exec-1] DEBUG s.o.a.b.controller.LoginController - Mostrando página de login
2024-10-10 08:00:45 [http-nio-8080-exec-8] DEBUG s.o.a.b.controller.LoginController - Mostrando página de login
2024-10-10 08:01:05 [http-nio-8080-exec-4] DEBUG s.o.a.b.controller.LoginController - Intentando iniciar sesión para el carnet: PL241350
2024-10-10 08:01:05 [http-nio-8080-exec-4] DEBUG s.o.a.b.controller.LoginController - Login exitoso para el carnet: PL241350
2024-10-10 08:01:05 [http-nio-8080-exec-5] DEBUG s.o.a.b.controller.LoginController - Accediendo al dashboard para el usuario: PL241350
2024-10-10 08:01:10 [http-nio-8080-exec-4] DEBUG s.o.a.b.controller.LoginController - Cerrando sesión para el usuario: PL241350
2024-10-10 08:01:10 [http-nio-8080-exec-5] DEBUG s.o.a.b.controller.LoginController - Mostrando página de login
2024-10-10 08:01:19 [http-nio-8080-exec-1] DEBUG s.o.a.b.controller.LoginController - Cerrando sesión para el usuario: null
2024-10-10 08:01:19 [http-nio-8080-exec-2] DEBUG s.o.a.b.controller.LoginController - Mostrando página de login
2024-10-10 08:01:24 [http-nio-8080-exec-7] DEBUG s.o.a.b.controller.LoginController - Mostrando página de login
2024-10-10 08:02:27 [http-nio-8080-exec-4] DEBUG s.o.a.b.controller.LoginController - Mostrando página de login
2024-10-10 08:02:35 [http-nio-8080-exec-1] DEBUG s.o.a.b.controller.LoginController - Mostrando página de login
2024-10-10 08:04:11 [http-nio-8080-exec-10] DEBUG s.o.a.b.controller.LoginController - Intentando iniciar sesión para el carnet: PL241350
2024-10-10 08:04:11 [http-nio-8080-exec-10] DEBUG s.o.a.b.controller.LoginController - Login exitoso para el carnet: PL241350
2024-10-10 08:04:11 [http-nio-8080-exec-7] DEBUG s.o.a.b.controller.LoginController - Accediendo al dashboard para el usuario: PL241350
2024-10-10 08:23:35 [restartedMain] INFO  s.org.arrupe.becas.BecasApplication - Starting BecasApplication using Java 17.0.12 with PID 19452 (C:\Users\ulise\Desktop\Becas+\Becas\build\classes\java\main started by ulise in C:\Users\ulise\Desktop\Becas+\Becas)
2024-10-10 08:23:35 [restartedMain] DEBUG s.org.arrupe.becas.BecasApplication - Running with Spring Boot v3.3.4, Spring v6.1.13
2024-10-10 08:23:35 [restartedMain] INFO  s.org.arrupe.becas.BecasApplication - No active profile set, falling back to 1 default profile: "default"
2024-10-10 08:23:35 [restartedMain] INFO  o.s.b.d.e.DevToolsPropertyDefaultsPostProcessor - Devtools property defaults active! Set 'spring.devtools.add-properties' to 'false' to disable
2024-10-10 08:23:35 [restartedMain] INFO  o.s.b.d.e.DevToolsPropertyDefaultsPostProcessor - For additional web related logging consider setting the 'logging.level.web' property to 'DEBUG'
2024-10-10 08:23:37 [restartedMain] INFO  o.s.b.w.e.tomcat.TomcatWebServer - Tomcat initialized with port 8080 (http)
2024-10-10 08:23:37 [restartedMain] INFO  o.a.coyote.http11.Http11NioProtocol - Initializing ProtocolHandler ["http-nio-8080"]
2024-10-10 08:23:37 [restartedMain] INFO  o.a.catalina.core.StandardService - Starting service [Tomcat]
2024-10-10 08:23:37 [restartedMain] INFO  o.a.catalina.core.StandardEngine - Starting Servlet engine: [Apache Tomcat/10.1.30]
2024-10-10 08:23:37 [restartedMain] INFO  o.a.c.c.C.[Tomcat].[localhost].[/] - Initializing Spring embedded WebApplicationContext
2024-10-10 08:23:37 [restartedMain] INFO  o.s.b.w.s.c.ServletWebServerApplicationContext - Root WebApplicationContext: initialization completed in 1745 ms
2024-10-10 08:23:37 [restartedMain] INFO  o.s.b.a.w.s.WelcomePageHandlerMapping - Adding welcome page template: index
2024-10-10 08:23:38 [restartedMain] WARN  o.t.templatemode.TemplateMode - [THYMELEAF][restartedMain] Unknown Template Mode 'HTML5'. Must be one of: 'HTML', 'XML', 'TEXT', 'JAVASCRIPT', 'CSS', 'RAW'. Using default Template Mode 'HTML'.
2024-10-10 08:23:38 [restartedMain] INFO  o.s.b.d.a.OptionalLiveReloadServer - LiveReload server is running on port 35729
2024-10-10 08:23:38 [restartedMain] INFO  o.a.coyote.http11.Http11NioProtocol - Starting ProtocolHandler ["http-nio-8080"]
2024-10-10 08:23:38 [restartedMain] INFO  o.s.b.w.e.tomcat.TomcatWebServer - Tomcat started on port 8080 (http) with context path '/'
2024-10-10 08:23:38 [restartedMain] INFO  s.org.arrupe.becas.BecasApplication - Started BecasApplication in 6.385 seconds (process running for 7.473)
2024-10-10 08:23:47 [http-nio-8080-exec-1] INFO  o.a.c.c.C.[Tomcat].[localhost].[/] - Initializing Spring DispatcherServlet 'dispatcherServlet'
2024-10-10 08:23:47 [http-nio-8080-exec-1] INFO  o.s.web.servlet.DispatcherServlet - Initializing Servlet 'dispatcherServlet'
2024-10-10 08:23:47 [http-nio-8080-exec-1] INFO  o.s.web.servlet.DispatcherServlet - Completed initialization in 2 ms
2024-10-10 08:23:50 [http-nio-8080-exec-6] DEBUG s.o.a.b.controller.LoginController - Mostrando página de login
2024-10-10 08:23:57 [http-nio-8080-exec-10] DEBUG s.o.a.b.controller.LoginController - Intentando iniciar sesión para el carnet: TO241352
2024-10-10 08:23:58 [http-nio-8080-exec-10] DEBUG s.o.a.b.controller.LoginController - Login exitoso para el carnet: TO241352
2024-10-10 08:23:58 [http-nio-8080-exec-2] DEBUG s.o.a.b.controller.LoginController - Accediendo al dashboard para el usuario: TO241352
2024-10-10 08:33:24 [restartedMain] INFO  s.org.arrupe.becas.BecasApplication - Starting BecasApplication using Java 17.0.12 with PID 23460 (C:\Users\ulise\Desktop\Becas+\Becas\build\classes\java\main started by ulise in C:\Users\ulise\Desktop\Becas+\Becas)
2024-10-10 08:33:24 [restartedMain] DEBUG s.org.arrupe.becas.BecasApplication - Running with Spring Boot v3.3.4, Spring v6.1.13
2024-10-10 08:33:24 [restartedMain] INFO  s.org.arrupe.becas.BecasApplication - No active profile set, falling back to 1 default profile: "default"
2024-10-10 08:33:24 [restartedMain] INFO  o.s.b.d.e.DevToolsPropertyDefaultsPostProcessor - Devtools property defaults active! Set 'spring.devtools.add-properties' to 'false' to disable
2024-10-10 08:33:24 [restartedMain] INFO  o.s.b.d.e.DevToolsPropertyDefaultsPostProcessor - For additional web related logging consider setting the 'logging.level.web' property to 'DEBUG'
2024-10-10 08:33:26 [restartedMain] INFO  o.s.b.w.e.tomcat.TomcatWebServer - Tomcat initialized with port 8080 (http)
2024-10-10 08:33:26 [restartedMain] INFO  o.a.coyote.http11.Http11NioProtocol - Initializing ProtocolHandler ["http-nio-8080"]
2024-10-10 08:33:26 [restartedMain] INFO  o.a.catalina.core.StandardService - Starting service [Tomcat]
2024-10-10 08:33:26 [restartedMain] INFO  o.a.catalina.core.StandardEngine - Starting Servlet engine: [Apache Tomcat/10.1.30]
2024-10-10 08:33:26 [restartedMain] INFO  o.a.c.c.C.[Tomcat].[localhost].[/] - Initializing Spring embedded WebApplicationContext
2024-10-10 08:33:26 [restartedMain] INFO  o.s.b.w.s.c.ServletWebServerApplicationContext - Root WebApplicationContext: initialization completed in 1727 ms
2024-10-10 08:33:26 [restartedMain] INFO  o.s.b.a.w.s.WelcomePageHandlerMapping - Adding welcome page template: index
2024-10-10 08:33:27 [restartedMain] WARN  o.t.templatemode.TemplateMode - [THYMELEAF][restartedMain] Unknown Template Mode 'HTML5'. Must be one of: 'HTML', 'XML', 'TEXT', 'JAVASCRIPT', 'CSS', 'RAW'. Using default Template Mode 'HTML'.
2024-10-10 08:33:27 [restartedMain] INFO  o.s.b.d.a.OptionalLiveReloadServer - LiveReload server is running on port 35729
2024-10-10 08:33:27 [restartedMain] INFO  o.a.coyote.http11.Http11NioProtocol - Starting ProtocolHandler ["http-nio-8080"]
2024-10-10 08:33:27 [restartedMain] INFO  o.s.b.w.e.tomcat.TomcatWebServer - Tomcat started on port 8080 (http) with context path '/'
2024-10-10 08:33:27 [restartedMain] INFO  s.org.arrupe.becas.BecasApplication - Started BecasApplication in 3.281 seconds (process running for 3.767)
2024-10-10 08:33:48 [http-nio-8080-exec-1] INFO  o.a.c.c.C.[Tomcat].[localhost].[/] - Initializing Spring DispatcherServlet 'dispatcherServlet'
2024-10-10 08:33:48 [http-nio-8080-exec-1] INFO  o.s.web.servlet.DispatcherServlet - Initializing Servlet 'dispatcherServlet'
2024-10-10 08:33:48 [http-nio-8080-exec-1] INFO  o.s.web.servlet.DispatcherServlet - Completed initialization in 1 ms
2024-10-10 08:33:48 [http-nio-8080-exec-1] DEBUG s.o.a.b.controller.LoginController - Accediendo a la página de inicio
2024-10-10 08:33:50 [http-nio-8080-exec-7] DEBUG s.o.a.b.controller.LoginController - Mostrando página de login
2024-10-10 08:33:55 [http-nio-8080-exec-3] DEBUG s.o.a.b.controller.LoginController - Intentando iniciar sesión para el carnet: TO241352
2024-10-10 08:33:55 [http-nio-8080-exec-3] DEBUG s.o.a.b.controller.LoginController - Login exitoso para el carnet: TO241352
2024-10-10 08:33:55 [http-nio-8080-exec-6] DEBUG s.o.a.b.controller.LoginController - Accediendo al dashboard para el usuario: TO241352
2024-10-10 08:34:02 [http-nio-8080-exec-5] ERROR org.thymeleaf.TemplateEngine - [THYMELEAF][http-nio-8080-exec-5] Exception processing template "tipos_beca": Error resolving template [tipos_beca], template might not exist or might not be accessible by any of the configured Template Resolvers
org.thymeleaf.exceptions.TemplateInputException: Error resolving template [tipos_beca], template might not exist or might not be accessible by any of the configured Template Resolvers
	at org.thymeleaf.engine.TemplateManager.resolveTemplate(TemplateManager.java:869)
	at org.thymeleaf.engine.TemplateManager.parseAndProcess(TemplateManager.java:607)
	at org.thymeleaf.TemplateEngine.process(TemplateEngine.java:1103)
	at org.thymeleaf.TemplateEngine.process(TemplateEngine.java:1077)
	at org.thymeleaf.spring6.view.ThymeleafView.renderFragment(ThymeleafView.java:372)
	at org.thymeleaf.spring6.view.ThymeleafView.render(ThymeleafView.java:192)
	at org.springframework.web.servlet.DispatcherServlet.render(DispatcherServlet.java:1432)
	at org.springframework.web.servlet.DispatcherServlet.processDispatchResult(DispatcherServlet.java:1168)
	at org.springframework.web.servlet.DispatcherServlet.doDispatch(DispatcherServlet.java:1106)
	at org.springframework.web.servlet.DispatcherServlet.doService(DispatcherServlet.java:979)
	at org.springframework.web.servlet.FrameworkServlet.processRequest(FrameworkServlet.java:1014)
	at org.springframework.web.servlet.FrameworkServlet.doGet(FrameworkServlet.java:903)
	at jakarta.servlet.http.HttpServlet.service(HttpServlet.java:564)
	at org.springframework.web.servlet.FrameworkServlet.service(FrameworkServlet.java:885)
	at jakarta.servlet.http.HttpServlet.service(HttpServlet.java:658)
	at org.apache.catalina.core.ApplicationFilterChain.internalDoFilter(ApplicationFilterChain.java:195)
	at org.apache.catalina.core.ApplicationFilterChain.doFilter(ApplicationFilterChain.java:140)
	at org.apache.tomcat.websocket.server.WsFilter.doFilter(WsFilter.java:51)
	at org.apache.catalina.core.ApplicationFilterChain.internalDoFilter(ApplicationFilterChain.java:164)
	at org.apache.catalina.core.ApplicationFilterChain.doFilter(ApplicationFilterChain.java:140)
	at org.springframework.web.filter.RequestContextFilter.doFilterInternal(RequestContextFilter.java:100)
	at org.springframework.web.filter.OncePerRequestFilter.doFilter(OncePerRequestFilter.java:116)
	at org.apache.catalina.core.ApplicationFilterChain.internalDoFilter(ApplicationFilterChain.java:164)
	at org.apache.catalina.core.ApplicationFilterChain.doFilter(ApplicationFilterChain.java:140)
	at org.springframework.web.filter.FormContentFilter.doFilterInternal(FormContentFilter.java:93)
	at org.springframework.web.filter.OncePerRequestFilter.doFilter(OncePerRequestFilter.java:116)
	at org.apache.catalina.core.ApplicationFilterChain.internalDoFilter(ApplicationFilterChain.java:164)
	at org.apache.catalina.core.ApplicationFilterChain.doFilter(ApplicationFilterChain.java:140)
	at org.springframework.web.filter.CharacterEncodingFilter.doFilterInternal(CharacterEncodingFilter.java:201)
	at org.springframework.web.filter.OncePerRequestFilter.doFilter(OncePerRequestFilter.java:116)
	at org.apache.catalina.core.ApplicationFilterChain.internalDoFilter(ApplicationFilterChain.java:164)
	at org.apache.catalina.core.ApplicationFilterChain.doFilter(ApplicationFilterChain.java:140)
	at org.apache.catalina.core.StandardWrapperValve.invoke(StandardWrapperValve.java:167)
	at org.apache.catalina.core.StandardContextValve.invoke(StandardContextValve.java:90)
	at org.apache.catalina.authenticator.AuthenticatorBase.invoke(AuthenticatorBase.java:483)
	at org.apache.catalina.core.StandardHostValve.invoke(StandardHostValve.java:115)
	at org.apache.catalina.valves.ErrorReportValve.invoke(ErrorReportValve.java:93)
	at org.apache.catalina.core.StandardEngineValve.invoke(StandardEngineValve.java:74)
	at org.apache.catalina.connector.CoyoteAdapter.service(CoyoteAdapter.java:344)
	at org.apache.coyote.http11.Http11Processor.service(Http11Processor.java:384)
	at org.apache.coyote.AbstractProcessorLight.process(AbstractProcessorLight.java:63)
	at org.apache.coyote.AbstractProtocol$ConnectionHandler.process(AbstractProtocol.java:905)
	at org.apache.tomcat.util.net.NioEndpoint$SocketProcessor.doRun(NioEndpoint.java:1741)
	at org.apache.tomcat.util.net.SocketProcessorBase.run(SocketProcessorBase.java:52)
	at org.apache.tomcat.util.threads.ThreadPoolExecutor.runWorker(ThreadPoolExecutor.java:1190)
	at org.apache.tomcat.util.threads.ThreadPoolExecutor$Worker.run(ThreadPoolExecutor.java:659)
	at org.apache.tomcat.util.threads.TaskThread$WrappingRunnable.run(TaskThread.java:63)
	at java.base/java.lang.Thread.run(Thread.java:842)
2024-10-10 08:34:02 [http-nio-8080-exec-5] ERROR o.a.c.c.C.[.[.[.[dispatcherServlet] - Servlet.service() for servlet [dispatcherServlet] in context with path [] threw exception [Request processing failed: org.thymeleaf.exceptions.TemplateInputException: Error resolving template [tipos_beca], template might not exist or might not be accessible by any of the configured Template Resolvers] with root cause
org.thymeleaf.exceptions.TemplateInputException: Error resolving template [tipos_beca], template might not exist or might not be accessible by any of the configured Template Resolvers
	at org.thymeleaf.engine.TemplateManager.resolveTemplate(TemplateManager.java:869)
	at org.thymeleaf.engine.TemplateManager.parseAndProcess(TemplateManager.java:607)
	at org.thymeleaf.TemplateEngine.process(TemplateEngine.java:1103)
	at org.thymeleaf.TemplateEngine.process(TemplateEngine.java:1077)
	at org.thymeleaf.spring6.view.ThymeleafView.renderFragment(ThymeleafView.java:372)
	at org.thymeleaf.spring6.view.ThymeleafView.render(ThymeleafView.java:192)
	at org.springframework.web.servlet.DispatcherServlet.render(DispatcherServlet.java:1432)
	at org.springframework.web.servlet.DispatcherServlet.processDispatchResult(DispatcherServlet.java:1168)
	at org.springframework.web.servlet.DispatcherServlet.doDispatch(DispatcherServlet.java:1106)
	at org.springframework.web.servlet.DispatcherServlet.doService(DispatcherServlet.java:979)
	at org.springframework.web.servlet.FrameworkServlet.processRequest(FrameworkServlet.java:1014)
	at org.springframework.web.servlet.FrameworkServlet.doGet(FrameworkServlet.java:903)
	at jakarta.servlet.http.HttpServlet.service(HttpServlet.java:564)
	at org.springframework.web.servlet.FrameworkServlet.service(FrameworkServlet.java:885)
	at jakarta.servlet.http.HttpServlet.service(HttpServlet.java:658)
	at org.apache.catalina.core.ApplicationFilterChain.internalDoFilter(ApplicationFilterChain.java:195)
	at org.apache.catalina.core.ApplicationFilterChain.doFilter(ApplicationFilterChain.java:140)
	at org.apache.tomcat.websocket.server.WsFilter.doFilter(WsFilter.java:51)
	at org.apache.catalina.core.ApplicationFilterChain.internalDoFilter(ApplicationFilterChain.java:164)
	at org.apache.catalina.core.ApplicationFilterChain.doFilter(ApplicationFilterChain.java:140)
	at org.springframework.web.filter.RequestContextFilter.doFilterInternal(RequestContextFilter.java:100)
	at org.springframework.web.filter.OncePerRequestFilter.doFilter(OncePerRequestFilter.java:116)
	at org.apache.catalina.core.ApplicationFilterChain.internalDoFilter(ApplicationFilterChain.java:164)
	at org.apache.catalina.core.ApplicationFilterChain.doFilter(ApplicationFilterChain.java:140)
	at org.springframework.web.filter.FormContentFilter.doFilterInternal(FormContentFilter.java:93)
	at org.springframework.web.filter.OncePerRequestFilter.doFilter(OncePerRequestFilter.java:116)
	at org.apache.catalina.core.ApplicationFilterChain.internalDoFilter(ApplicationFilterChain.java:164)
	at org.apache.catalina.core.ApplicationFilterChain.doFilter(ApplicationFilterChain.java:140)
	at org.springframework.web.filter.CharacterEncodingFilter.doFilterInternal(CharacterEncodingFilter.java:201)
	at org.springframework.web.filter.OncePerRequestFilter.doFilter(OncePerRequestFilter.java:116)
	at org.apache.catalina.core.ApplicationFilterChain.internalDoFilter(ApplicationFilterChain.java:164)
	at org.apache.catalina.core.ApplicationFilterChain.doFilter(ApplicationFilterChain.java:140)
	at org.apache.catalina.core.StandardWrapperValve.invoke(StandardWrapperValve.java:167)
	at org.apache.catalina.core.StandardContextValve.invoke(StandardContextValve.java:90)
	at org.apache.catalina.authenticator.AuthenticatorBase.invoke(AuthenticatorBase.java:483)
	at org.apache.catalina.core.StandardHostValve.invoke(StandardHostValve.java:115)
	at org.apache.catalina.valves.ErrorReportValve.invoke(ErrorReportValve.java:93)
	at org.apache.catalina.core.StandardEngineValve.invoke(StandardEngineValve.java:74)
	at org.apache.catalina.connector.CoyoteAdapter.service(CoyoteAdapter.java:344)
	at org.apache.coyote.http11.Http11Processor.service(Http11Processor.java:384)
	at org.apache.coyote.AbstractProcessorLight.process(AbstractProcessorLight.java:63)
	at org.apache.coyote.AbstractProtocol$ConnectionHandler.process(AbstractProtocol.java:905)
	at org.apache.tomcat.util.net.NioEndpoint$SocketProcessor.doRun(NioEndpoint.java:1741)
	at org.apache.tomcat.util.net.SocketProcessorBase.run(SocketProcessorBase.java:52)
	at org.apache.tomcat.util.threads.ThreadPoolExecutor.runWorker(ThreadPoolExecutor.java:1190)
	at org.apache.tomcat.util.threads.ThreadPoolExecutor$Worker.run(ThreadPoolExecutor.java:659)
	at org.apache.tomcat.util.threads.TaskThread$WrappingRunnable.run(TaskThread.java:63)
	at java.base/java.lang.Thread.run(Thread.java:842)
2024-10-10 08:34:45 [restartedMain] INFO  s.org.arrupe.becas.BecasApplication - Starting BecasApplication using Java 17.0.12 with PID 28020 (C:\Users\ulise\Desktop\Becas+\Becas\build\classes\java\main started by ulise in C:\Users\ulise\Desktop\Becas+\Becas)
2024-10-10 08:34:45 [restartedMain] DEBUG s.org.arrupe.becas.BecasApplication - Running with Spring Boot v3.3.4, Spring v6.1.13
2024-10-10 08:34:45 [restartedMain] INFO  s.org.arrupe.becas.BecasApplication - No active profile set, falling back to 1 default profile: "default"
2024-10-10 08:34:45 [restartedMain] INFO  o.s.b.d.e.DevToolsPropertyDefaultsPostProcessor - Devtools property defaults active! Set 'spring.devtools.add-properties' to 'false' to disable
2024-10-10 08:34:45 [restartedMain] INFO  o.s.b.d.e.DevToolsPropertyDefaultsPostProcessor - For additional web related logging consider setting the 'logging.level.web' property to 'DEBUG'
2024-10-10 08:34:46 [restartedMain] INFO  o.s.b.w.e.tomcat.TomcatWebServer - Tomcat initialized with port 8080 (http)
2024-10-10 08:34:46 [restartedMain] INFO  o.a.coyote.http11.Http11NioProtocol - Initializing ProtocolHandler ["http-nio-8080"]
2024-10-10 08:34:46 [restartedMain] INFO  o.a.catalina.core.StandardService - Starting service [Tomcat]
2024-10-10 08:34:46 [restartedMain] INFO  o.a.catalina.core.StandardEngine - Starting Servlet engine: [Apache Tomcat/10.1.30]
2024-10-10 08:34:46 [restartedMain] INFO  o.a.c.c.C.[Tomcat].[localhost].[/] - Initializing Spring embedded WebApplicationContext
2024-10-10 08:34:46 [restartedMain] INFO  o.s.b.w.s.c.ServletWebServerApplicationContext - Root WebApplicationContext: initialization completed in 1513 ms
2024-10-10 08:34:46 [restartedMain] INFO  o.s.b.a.w.s.WelcomePageHandlerMapping - Adding welcome page template: index
2024-10-10 08:34:47 [restartedMain] WARN  o.t.templatemode.TemplateMode - [THYMELEAF][restartedMain] Unknown Template Mode 'HTML5'. Must be one of: 'HTML', 'XML', 'TEXT', 'JAVASCRIPT', 'CSS', 'RAW'. Using default Template Mode 'HTML'.
2024-10-10 08:34:47 [restartedMain] INFO  o.s.b.d.a.OptionalLiveReloadServer - LiveReload server is running on port 35729
2024-10-10 08:34:47 [restartedMain] INFO  o.a.coyote.http11.Http11NioProtocol - Starting ProtocolHandler ["http-nio-8080"]
2024-10-10 08:34:47 [restartedMain] INFO  o.s.b.w.e.tomcat.TomcatWebServer - Tomcat started on port 8080 (http) with context path '/'
2024-10-10 08:34:47 [restartedMain] INFO  s.org.arrupe.becas.BecasApplication - Started BecasApplication in 2.911 seconds (process running for 3.487)
2024-10-10 08:34:47 [http-nio-8080-exec-1] INFO  o.a.c.c.C.[Tomcat].[localhost].[/] - Initializing Spring DispatcherServlet 'dispatcherServlet'
2024-10-10 08:34:47 [http-nio-8080-exec-1] INFO  o.s.web.servlet.DispatcherServlet - Initializing Servlet 'dispatcherServlet'
2024-10-10 08:34:47 [http-nio-8080-exec-1] INFO  o.s.web.servlet.DispatcherServlet - Completed initialization in 1 ms
2024-10-10 08:34:47 [http-nio-8080-exec-1] WARN  o.a.c.util.SessionIdGeneratorBase - Creation of SecureRandom instance for session ID generation using [SHA1PRNG] took [288] milliseconds.
2024-10-10 08:34:47 [http-nio-8080-exec-1] DEBUG s.o.a.b.controller.LoginController - Mostrando página de login
2024-10-10 08:34:54 [http-nio-8080-exec-4] DEBUG s.o.a.b.controller.LoginController - Accediendo a la página de inicio
2024-10-10 08:34:55 [http-nio-8080-exec-10] DEBUG s.o.a.b.controller.LoginController - Mostrando página de login
2024-10-10 08:35:01 [http-nio-8080-exec-6] DEBUG s.o.a.b.controller.LoginController - Intentando iniciar sesión para el carnet: TO241352
2024-10-10 08:35:01 [http-nio-8080-exec-6] DEBUG s.o.a.b.controller.LoginController - Login exitoso para el carnet: TO241352
2024-10-10 08:35:01 [http-nio-8080-exec-9] DEBUG s.o.a.b.controller.LoginController - Accediendo al dashboard para el usuario: TO241352
2024-10-10 08:35:33 [restartedMain] INFO  s.org.arrupe.becas.BecasApplication - Starting BecasApplication using Java 17.0.12 with PID 28948 (C:\Users\ulise\Desktop\Becas+\Becas\build\classes\java\main started by ulise in C:\Users\ulise\Desktop\Becas+\Becas)
2024-10-10 08:35:33 [restartedMain] DEBUG s.org.arrupe.becas.BecasApplication - Running with Spring Boot v3.3.4, Spring v6.1.13
2024-10-10 08:35:33 [restartedMain] INFO  s.org.arrupe.becas.BecasApplication - No active profile set, falling back to 1 default profile: "default"
2024-10-10 08:35:34 [restartedMain] INFO  o.s.b.d.e.DevToolsPropertyDefaultsPostProcessor - Devtools property defaults active! Set 'spring.devtools.add-properties' to 'false' to disable
2024-10-10 08:35:34 [restartedMain] INFO  o.s.b.d.e.DevToolsPropertyDefaultsPostProcessor - For additional web related logging consider setting the 'logging.level.web' property to 'DEBUG'
2024-10-10 08:35:35 [restartedMain] INFO  o.s.b.w.e.tomcat.TomcatWebServer - Tomcat initialized with port 8080 (http)
2024-10-10 08:35:35 [restartedMain] INFO  o.a.coyote.http11.Http11NioProtocol - Initializing ProtocolHandler ["http-nio-8080"]
2024-10-10 08:35:35 [restartedMain] INFO  o.a.catalina.core.StandardService - Starting service [Tomcat]
2024-10-10 08:35:35 [restartedMain] INFO  o.a.catalina.core.StandardEngine - Starting Servlet engine: [Apache Tomcat/10.1.30]
2024-10-10 08:35:35 [restartedMain] INFO  o.a.c.c.C.[Tomcat].[localhost].[/] - Initializing Spring embedded WebApplicationContext
2024-10-10 08:35:35 [restartedMain] INFO  o.s.b.w.s.c.ServletWebServerApplicationContext - Root WebApplicationContext: initialization completed in 1196 ms
2024-10-10 08:35:35 [restartedMain] INFO  o.s.b.a.w.s.WelcomePageHandlerMapping - Adding welcome page template: index
2024-10-10 08:35:35 [restartedMain] WARN  o.t.templatemode.TemplateMode - [THYMELEAF][restartedMain] Unknown Template Mode 'HTML5'. Must be one of: 'HTML', 'XML', 'TEXT', 'JAVASCRIPT', 'CSS', 'RAW'. Using default Template Mode 'HTML'.
2024-10-10 08:35:35 [restartedMain] INFO  o.s.b.d.a.OptionalLiveReloadServer - LiveReload server is running on port 35729
2024-10-10 08:35:35 [restartedMain] INFO  o.a.coyote.http11.Http11NioProtocol - Starting ProtocolHandler ["http-nio-8080"]
2024-10-10 08:35:35 [restartedMain] INFO  o.s.b.w.e.tomcat.TomcatWebServer - Tomcat started on port 8080 (http) with context path '/'
2024-10-10 08:35:35 [restartedMain] INFO  s.org.arrupe.becas.BecasApplication - Started BecasApplication in 2.154 seconds (process running for 2.566)
2024-10-10 08:35:40 [http-nio-8080-exec-1] INFO  o.a.c.c.C.[Tomcat].[localhost].[/] - Initializing Spring DispatcherServlet 'dispatcherServlet'
2024-10-10 08:35:40 [http-nio-8080-exec-1] INFO  o.s.web.servlet.DispatcherServlet - Initializing Servlet 'dispatcherServlet'
2024-10-10 08:35:40 [http-nio-8080-exec-1] INFO  o.s.web.servlet.DispatcherServlet - Completed initialization in 1 ms
2024-10-10 08:36:03 [http-nio-8080-exec-6] DEBUG s.o.a.b.controller.LoginController - Cerrando sesión para el usuario: null
2024-10-10 08:36:03 [http-nio-8080-exec-10] DEBUG s.o.a.b.controller.LoginController - Mostrando página de login
2024-10-10 08:36:18 [http-nio-8080-exec-10] DEBUG s.o.a.b.controller.LoginController - Cerrando sesión para el usuario: null
2024-10-10 08:36:18 [http-nio-8080-exec-2] DEBUG s.o.a.b.controller.LoginController - Mostrando página de login
2024-10-10 08:36:28 [http-nio-8080-exec-3] DEBUG s.o.a.b.controller.LoginController - Accediendo a la página de inicio
2024-10-10 08:36:54 [File Watcher] INFO  o.s.b.d.a.LocalDevToolsAutoConfiguration$RestartingClassPathChangeChangedEventListener - Restarting due to 21 class path changes (0 additions, 0 deletions, 21 modifications)
2024-10-10 08:36:54 [Thread-5] INFO  o.a.coyote.http11.Http11NioProtocol - Stopping ProtocolHandler ["http-nio-8080"]
2024-10-10 08:36:55 [restartedMain] INFO  s.org.arrupe.becas.BecasApplication - Starting BecasApplication using Java 17.0.12 with PID 24852 (C:\Users\ulise\Desktop\Becas+\Becas\build\classes\java\main started by ulise in C:\Users\ulise\Desktop\Becas+\Becas)
2024-10-10 08:36:55 [restartedMain] DEBUG s.org.arrupe.becas.BecasApplication - Running with Spring Boot v3.3.4, Spring v6.1.13
2024-10-10 08:36:55 [restartedMain] INFO  s.org.arrupe.becas.BecasApplication - No active profile set, falling back to 1 default profile: "default"
2024-10-10 08:36:55 [restartedMain] INFO  o.s.b.d.e.DevToolsPropertyDefaultsPostProcessor - Devtools property defaults active! Set 'spring.devtools.add-properties' to 'false' to disable
2024-10-10 08:36:55 [restartedMain] INFO  o.s.b.d.e.DevToolsPropertyDefaultsPostProcessor - For additional web related logging consider setting the 'logging.level.web' property to 'DEBUG'
2024-10-10 08:36:55 [restartedMain] INFO  s.org.arrupe.becas.BecasApplication - Starting BecasApplication using Java 17.0.12 with PID 28948 (C:\Users\ulise\Desktop\Becas+\Becas\build\classes\java\main started by ulise in C:\Users\ulise\Desktop\Becas+\Becas)
2024-10-10 08:36:55 [restartedMain] DEBUG s.org.arrupe.becas.BecasApplication - Running with Spring Boot v3.3.4, Spring v6.1.13
2024-10-10 08:36:55 [restartedMain] INFO  s.org.arrupe.becas.BecasApplication - No active profile set, falling back to 1 default profile: "default"
2024-10-10 08:36:55 [restartedMain] INFO  o.s.b.w.e.tomcat.TomcatWebServer - Tomcat initialized with port 8080 (http)
2024-10-10 08:36:55 [restartedMain] INFO  o.a.coyote.http11.Http11NioProtocol - Initializing ProtocolHandler ["http-nio-8080"]
2024-10-10 08:36:55 [restartedMain] INFO  o.a.catalina.core.StandardService - Starting service [Tomcat]
2024-10-10 08:36:55 [restartedMain] INFO  o.a.catalina.core.StandardEngine - Starting Servlet engine: [Apache Tomcat/10.1.30]
2024-10-10 08:36:55 [restartedMain] INFO  o.a.c.c.C.[Tomcat].[localhost].[/] - Initializing Spring embedded WebApplicationContext
2024-10-10 08:36:55 [restartedMain] INFO  o.s.b.w.s.c.ServletWebServerApplicationContext - Root WebApplicationContext: initialization completed in 377 ms
2024-10-10 08:36:55 [restartedMain] INFO  o.s.b.a.w.s.WelcomePageHandlerMapping - Adding welcome page template: index
2024-10-10 08:36:55 [restartedMain] WARN  o.t.templatemode.TemplateMode - [THYMELEAF][restartedMain] Unknown Template Mode 'HTML5'. Must be one of: 'HTML', 'XML', 'TEXT', 'JAVASCRIPT', 'CSS', 'RAW'. Using default Template Mode 'HTML'.
2024-10-10 08:36:55 [restartedMain] INFO  o.s.b.d.a.OptionalLiveReloadServer - LiveReload server is running on port 35729
2024-10-10 08:36:55 [restartedMain] INFO  o.a.coyote.http11.Http11NioProtocol - Starting ProtocolHandler ["http-nio-8080"]
2024-10-10 08:36:55 [restartedMain] INFO  o.s.b.w.e.tomcat.TomcatWebServer - Tomcat started on port 8080 (http) with context path '/'
2024-10-10 08:36:55 [restartedMain] INFO  s.org.arrupe.becas.BecasApplication - Started BecasApplication in 0.554 seconds (process running for 82.753)
2024-10-10 08:36:55 [restartedMain] INFO  o.s.b.d.a.ConditionEvaluationDeltaLoggingListener - Condition evaluation unchanged
2024-10-10 08:36:57 [restartedMain] INFO  o.s.b.w.e.tomcat.TomcatWebServer - Tomcat initialized with port 8080 (http)
2024-10-10 08:36:57 [restartedMain] INFO  o.a.coyote.http11.Http11NioProtocol - Initializing ProtocolHandler ["http-nio-8080"]
2024-10-10 08:36:57 [restartedMain] INFO  o.a.catalina.core.StandardService - Starting service [Tomcat]
2024-10-10 08:36:57 [restartedMain] INFO  o.a.catalina.core.StandardEngine - Starting Servlet engine: [Apache Tomcat/10.1.30]
2024-10-10 08:36:57 [restartedMain] INFO  o.a.c.c.C.[Tomcat].[localhost].[/] - Initializing Spring embedded WebApplicationContext
2024-10-10 08:36:57 [restartedMain] INFO  o.s.b.w.s.c.ServletWebServerApplicationContext - Root WebApplicationContext: initialization completed in 2434 ms
2024-10-10 08:36:57 [restartedMain] INFO  o.s.b.a.w.s.WelcomePageHandlerMapping - Adding welcome page template: index
2024-10-10 08:36:58 [restartedMain] WARN  o.t.templatemode.TemplateMode - [THYMELEAF][restartedMain] Unknown Template Mode 'HTML5'. Must be one of: 'HTML', 'XML', 'TEXT', 'JAVASCRIPT', 'CSS', 'RAW'. Using default Template Mode 'HTML'.
2024-10-10 08:36:58 [restartedMain] WARN  o.s.b.d.a.OptionalLiveReloadServer - Unable to start LiveReload server
2024-10-10 08:36:58 [restartedMain] INFO  o.a.coyote.http11.Http11NioProtocol - Starting ProtocolHandler ["http-nio-8080"]
2024-10-10 08:36:58 [restartedMain] WARN  o.s.b.w.s.c.AnnotationConfigServletWebServerApplicationContext - Exception encountered during context initialization - cancelling refresh attempt: org.springframework.context.ApplicationContextException: Failed to start bean 'webServerStartStop'
2024-10-10 08:36:58 [restartedMain] INFO  o.s.b.a.l.ConditionEvaluationReportLogger - 

Error starting ApplicationContext. To display the condition evaluation report re-run your application with 'debug' enabled.
2024-10-10 08:36:58 [restartedMain] ERROR o.s.b.d.LoggingFailureAnalysisReporter - 

***************************
APPLICATION FAILED TO START
***************************

Description:

Web server failed to start. Port 8080 was already in use.

Action:

Identify and stop the process that's listening on port 8080 or configure this application to listen on another port.

2024-10-10 08:37:17 [http-nio-8080-exec-2] INFO  o.a.c.c.C.[Tomcat].[localhost].[/] - Initializing Spring DispatcherServlet 'dispatcherServlet'
2024-10-10 08:37:17 [http-nio-8080-exec-2] INFO  o.s.web.servlet.DispatcherServlet - Initializing Servlet 'dispatcherServlet'
2024-10-10 08:37:17 [http-nio-8080-exec-2] INFO  o.s.web.servlet.DispatcherServlet - Completed initialization in 1 ms
2024-10-10 08:37:17 [http-nio-8080-exec-2] DEBUG s.o.a.b.controller.LoginController - Mostrando página de login
2024-10-10 08:37:22 [http-nio-8080-exec-7] DEBUG s.o.a.b.controller.LoginController - Intentando iniciar sesión para el carnet: TO241352
2024-10-10 08:37:22 [http-nio-8080-exec-7] DEBUG s.o.a.b.controller.LoginController - Login exitoso para el carnet: TO241352
2024-10-10 08:37:22 [http-nio-8080-exec-10] DEBUG s.o.a.b.controller.LoginController - Accediendo al dashboard para el usuario: TO241352
2024-10-10 08:37:34 [http-nio-8080-exec-1] DEBUG s.o.a.b.controller.LoginController - Accediendo al dashboard para el usuario: TO241352
2024-10-10 08:37:40 [http-nio-8080-exec-8] DEBUG s.o.a.b.controller.LoginController - Accediendo al dashboard para el usuario: TO241352
2024-10-10 08:38:41 [http-nio-8080-exec-8] DEBUG s.o.a.b.controller.LoginController - Accediendo a la página de inicio
2024-10-10 08:38:51 [http-nio-8080-exec-7] DEBUG s.o.a.b.controller.LoginController - Usuario ya autenticado, redirigiendo a dashboard
2024-10-10 08:38:51 [http-nio-8080-exec-6] DEBUG s.o.a.b.controller.LoginController - Accediendo al dashboard para el usuario: TO241352
2024-10-10 08:39:24 [http-nio-8080-exec-2] DEBUG s.o.a.b.controller.LoginController - Cerrando sesión para el usuario: TO241352
2024-10-10 08:39:24 [http-nio-8080-exec-8] DEBUG s.o.a.b.controller.LoginController - Mostrando página de login
