2024-10-08 23:46:25 [restartedMain] INFO  s.org.arrupe.becas.BecasApplication - Starting BecasApplication using Java 17.0.12 with PID 21784 (C:\Users\ulise\Desktop\Becas+\Becas\build\classes\java\main started by ulise in C:\Users\ulise\Desktop\Becas+\Becas)
2024-10-08 23:46:25 [restartedMain] DEBUG s.org.arrupe.becas.BecasApplication - Running with Spring Boot v3.3.4, Spring v6.1.13
2024-10-08 23:46:25 [restartedMain] INFO  s.org.arrupe.becas.BecasApplication - No active profile set, falling back to 1 default profile: "default"
2024-10-08 23:46:25 [restartedMain] INFO  o.s.b.d.e.DevToolsPropertyDefaultsPostProcessor - Devtools property defaults active! Set 'spring.devtools.add-properties' to 'false' to disable
2024-10-08 23:46:25 [restartedMain] INFO  o.s.b.d.e.DevToolsPropertyDefaultsPostProcessor - For additional web related logging consider setting the 'logging.level.web' property to 'DEBUG'
2024-10-08 23:46:26 [restartedMain] INFO  o.s.d.r.c.RepositoryConfigurationDelegate - Bootstrapping Spring Data JPA repositories in DEFAULT mode.
2024-10-08 23:46:26 [restartedMain] INFO  o.s.d.r.c.RepositoryConfigurationDelegate - Finished Spring Data repository scanning in 85 ms. Found 3 JPA repository interfaces.
2024-10-08 23:46:27 [restartedMain] INFO  o.s.b.w.e.tomcat.TomcatWebServer - Tomcat initialized with port 8080 (http)
2024-10-08 23:46:27 [restartedMain] INFO  o.a.coyote.http11.Http11NioProtocol - Initializing ProtocolHandler ["http-nio-8080"]
2024-10-08 23:46:27 [restartedMain] INFO  o.a.catalina.core.StandardService - Starting service [Tomcat]
2024-10-08 23:46:27 [restartedMain] INFO  o.a.catalina.core.StandardEngine - Starting Servlet engine: [Apache Tomcat/10.1.30]
2024-10-08 23:46:27 [restartedMain] INFO  o.a.c.c.C.[Tomcat].[localhost].[/] - Initializing Spring embedded WebApplicationContext
2024-10-08 23:46:27 [restartedMain] INFO  o.s.b.w.s.c.ServletWebServerApplicationContext - Root WebApplicationContext: initialization completed in 2483 ms
2024-10-08 23:46:27 [restartedMain] INFO  com.zaxxer.hikari.HikariDataSource - HikariPool-1 - Starting...
2024-10-08 23:46:28 [restartedMain] INFO  com.zaxxer.hikari.pool.HikariPool - HikariPool-1 - Added connection com.mysql.cj.jdbc.ConnectionImpl@ef289f0
2024-10-08 23:46:28 [restartedMain] INFO  com.zaxxer.hikari.HikariDataSource - HikariPool-1 - Start completed.
2024-10-08 23:46:28 [restartedMain] INFO  o.h.jpa.internal.util.LogHelper - HHH000204: Processing PersistenceUnitInfo [name: default]
2024-10-08 23:46:28 [restartedMain] INFO  org.hibernate.Version - HHH000412: Hibernate ORM core version 6.5.3.Final
2024-10-08 23:46:28 [restartedMain] INFO  o.h.c.i.RegionFactoryInitiator - HHH000026: Second-level cache disabled
2024-10-08 23:46:29 [restartedMain] INFO  o.s.o.j.p.SpringPersistenceUnitInfo - No LoadTimeWeaver setup: ignoring JPA class transformer
2024-10-08 23:46:29 [restartedMain] WARN  org.hibernate.dialect.Dialect - HHH000511: The 5.5.5 version for [org.hibernate.dialect.MySQLDialect] is no longer supported, hence certain features may not work properly. The minimum supported version is 8.0.0. Check the community dialects project for available legacy versions.
2024-10-08 23:46:30 [restartedMain] INFO  o.h.e.t.j.p.i.JtaPlatformInitiator - HHH000489: No JTA platform available (set 'hibernate.transaction.jta.platform' to enable JTA platform integration)
2024-10-08 23:46:30 [restartedMain] INFO  o.s.o.j.LocalContainerEntityManagerFactoryBean - Initialized JPA EntityManagerFactory for persistence unit 'default'
2024-10-08 23:46:31 [restartedMain] WARN  o.s.b.a.o.j.JpaBaseConfiguration$JpaWebConfiguration - spring.jpa.open-in-view is enabled by default. Therefore, database queries may be performed during view rendering. Explicitly configure spring.jpa.open-in-view to disable this warning
2024-10-08 23:46:31 [restartedMain] INFO  o.s.b.a.w.s.WelcomePageHandlerMapping - Adding welcome page template: index
2024-10-08 23:46:31 [restartedMain] WARN  o.t.templatemode.TemplateMode - [THYMELEAF][restartedMain] Unknown Template Mode 'HTML5'. Must be one of: 'HTML', 'XML', 'TEXT', 'JAVASCRIPT', 'CSS', 'RAW'. Using default Template Mode 'HTML'.
2024-10-08 23:46:32 [restartedMain] WARN  o.s.b.d.a.OptionalLiveReloadServer - Unable to start LiveReload server
2024-10-08 23:46:32 [restartedMain] INFO  o.a.coyote.http11.Http11NioProtocol - Starting ProtocolHandler ["http-nio-8080"]
2024-10-08 23:46:32 [restartedMain] INFO  o.s.b.w.e.tomcat.TomcatWebServer - Tomcat started on port 8080 (http) with context path '/'
2024-10-08 23:46:32 [restartedMain] INFO  s.org.arrupe.becas.BecasApplication - Started BecasApplication in 7.771 seconds (process running for 8.507)
2024-10-08 23:47:40 [http-nio-8080-exec-1] INFO  o.a.c.c.C.[Tomcat].[localhost].[/] - Initializing Spring DispatcherServlet 'dispatcherServlet'
2024-10-08 23:47:40 [http-nio-8080-exec-1] INFO  o.s.web.servlet.DispatcherServlet - Initializing Servlet 'dispatcherServlet'
2024-10-08 23:47:40 [http-nio-8080-exec-1] INFO  o.s.web.servlet.DispatcherServlet - Completed initialization in 2 ms
2024-10-08 23:47:40 [http-nio-8080-exec-1] INFO  s.o.a.b.controller.LoginController - Accediendo a la página principal
2024-10-08 23:47:42 [http-nio-8080-exec-8] INFO  s.o.a.b.controller.LoginController - Accediendo al formulario de login
2024-10-08 23:47:42 [http-nio-8080-exec-8] DEBUG s.o.a.b.controller.LoginController - Estado de la sesión - usuarioAutenticado: null
2024-10-08 23:47:48 [http-nio-8080-exec-2] INFO  s.o.a.b.controller.LoginController - Iniciando proceso de login para carnet: TO241352
2024-10-08 23:47:48 [http-nio-8080-exec-2] DEBUG s.o.a.b.controller.LoginController - Enviando solicitud a API: http://192.242.6.129:8081/login
2024-10-08 23:48:09 [http-nio-8080-exec-2] ERROR s.o.a.b.controller.LoginController - Error de conexión con el servidor: I/O error on POST request for "http://192.242.6.129:8081/login": Connection timed out: connect
2024-10-08 23:48:34 [restartedMain] INFO  s.org.arrupe.becas.BecasApplication - Starting BecasApplication using Java 17.0.12 with PID 4988 (C:\Users\ulise\Desktop\Becas+\Becas\build\classes\java\main started by ulise in C:\Users\ulise\Desktop\Becas+\Becas)
2024-10-08 23:48:34 [restartedMain] DEBUG s.org.arrupe.becas.BecasApplication - Running with Spring Boot v3.3.4, Spring v6.1.13
2024-10-08 23:48:34 [restartedMain] INFO  s.org.arrupe.becas.BecasApplication - No active profile set, falling back to 1 default profile: "default"
2024-10-08 23:48:34 [restartedMain] INFO  o.s.b.d.e.DevToolsPropertyDefaultsPostProcessor - Devtools property defaults active! Set 'spring.devtools.add-properties' to 'false' to disable
2024-10-08 23:48:34 [restartedMain] INFO  o.s.b.d.e.DevToolsPropertyDefaultsPostProcessor - For additional web related logging consider setting the 'logging.level.web' property to 'DEBUG'
2024-10-08 23:48:35 [restartedMain] INFO  o.s.d.r.c.RepositoryConfigurationDelegate - Bootstrapping Spring Data JPA repositories in DEFAULT mode.
2024-10-08 23:48:35 [restartedMain] INFO  o.s.d.r.c.RepositoryConfigurationDelegate - Finished Spring Data repository scanning in 85 ms. Found 3 JPA repository interfaces.
2024-10-08 23:48:37 [restartedMain] INFO  o.s.b.w.e.tomcat.TomcatWebServer - Tomcat initialized with port 8080 (http)
2024-10-08 23:48:37 [restartedMain] INFO  o.a.coyote.http11.Http11NioProtocol - Initializing ProtocolHandler ["http-nio-8080"]
2024-10-08 23:48:37 [restartedMain] INFO  o.a.catalina.core.StandardService - Starting service [Tomcat]
2024-10-08 23:48:37 [restartedMain] INFO  o.a.catalina.core.StandardEngine - Starting Servlet engine: [Apache Tomcat/10.1.30]
2024-10-08 23:48:37 [restartedMain] INFO  o.a.c.c.C.[Tomcat].[localhost].[/] - Initializing Spring embedded WebApplicationContext
2024-10-08 23:48:37 [restartedMain] INFO  o.s.b.w.s.c.ServletWebServerApplicationContext - Root WebApplicationContext: initialization completed in 2573 ms
2024-10-08 23:48:37 [restartedMain] INFO  com.zaxxer.hikari.HikariDataSource - HikariPool-1 - Starting...
2024-10-08 23:48:37 [restartedMain] INFO  com.zaxxer.hikari.pool.HikariPool - HikariPool-1 - Added connection com.mysql.cj.jdbc.ConnectionImpl@f6f904c
2024-10-08 23:48:37 [restartedMain] INFO  com.zaxxer.hikari.HikariDataSource - HikariPool-1 - Start completed.
2024-10-08 23:48:37 [restartedMain] INFO  o.h.jpa.internal.util.LogHelper - HHH000204: Processing PersistenceUnitInfo [name: default]
2024-10-08 23:48:38 [restartedMain] INFO  org.hibernate.Version - HHH000412: Hibernate ORM core version 6.5.3.Final
2024-10-08 23:48:38 [restartedMain] INFO  o.h.c.i.RegionFactoryInitiator - HHH000026: Second-level cache disabled
2024-10-08 23:48:38 [restartedMain] INFO  o.s.o.j.p.SpringPersistenceUnitInfo - No LoadTimeWeaver setup: ignoring JPA class transformer
2024-10-08 23:48:38 [restartedMain] WARN  org.hibernate.dialect.Dialect - HHH000511: The 5.5.5 version for [org.hibernate.dialect.MySQLDialect] is no longer supported, hence certain features may not work properly. The minimum supported version is 8.0.0. Check the community dialects project for available legacy versions.
2024-10-08 23:48:41 [restartedMain] INFO  o.h.e.t.j.p.i.JtaPlatformInitiator - HHH000489: No JTA platform available (set 'hibernate.transaction.jta.platform' to enable JTA platform integration)
2024-10-08 23:48:41 [restartedMain] INFO  o.s.o.j.LocalContainerEntityManagerFactoryBean - Initialized JPA EntityManagerFactory for persistence unit 'default'
2024-10-08 23:48:42 [restartedMain] WARN  o.s.b.a.o.j.JpaBaseConfiguration$JpaWebConfiguration - spring.jpa.open-in-view is enabled by default. Therefore, database queries may be performed during view rendering. Explicitly configure spring.jpa.open-in-view to disable this warning
2024-10-08 23:48:42 [restartedMain] INFO  o.s.b.a.w.s.WelcomePageHandlerMapping - Adding welcome page template: index
2024-10-08 23:48:42 [restartedMain] WARN  o.t.templatemode.TemplateMode - [THYMELEAF][restartedMain] Unknown Template Mode 'HTML5'. Must be one of: 'HTML', 'XML', 'TEXT', 'JAVASCRIPT', 'CSS', 'RAW'. Using default Template Mode 'HTML'.
2024-10-08 23:48:42 [restartedMain] WARN  o.s.b.d.a.OptionalLiveReloadServer - Unable to start LiveReload server
2024-10-08 23:48:42 [restartedMain] INFO  o.a.coyote.http11.Http11NioProtocol - Starting ProtocolHandler ["http-nio-8080"]
2024-10-08 23:48:42 [restartedMain] INFO  o.s.b.w.e.tomcat.TomcatWebServer - Tomcat started on port 8080 (http) with context path '/'
2024-10-08 23:48:43 [restartedMain] INFO  s.org.arrupe.becas.BecasApplication - Started BecasApplication in 9.333 seconds (process running for 10.135)
2024-10-08 23:48:46 [http-nio-8080-exec-4] INFO  o.a.c.c.C.[Tomcat].[localhost].[/] - Initializing Spring DispatcherServlet 'dispatcherServlet'
2024-10-08 23:48:46 [http-nio-8080-exec-4] INFO  o.s.web.servlet.DispatcherServlet - Initializing Servlet 'dispatcherServlet'
2024-10-08 23:48:46 [http-nio-8080-exec-4] INFO  o.s.web.servlet.DispatcherServlet - Completed initialization in 2 ms
2024-10-08 23:48:51 [http-nio-8080-exec-1] INFO  s.o.a.b.controller.LoginController - Iniciando proceso de login para carnet: TO241352
2024-10-08 23:48:51 [http-nio-8080-exec-1] DEBUG s.o.a.b.controller.LoginController - Enviando solicitud a API: http://192.168.0.7:8081/login
2024-10-08 23:48:52 [http-nio-8080-exec-1] DEBUG s.o.a.b.controller.LoginController - Respuesta de API recibida: 200 OK
2024-10-08 23:48:52 [http-nio-8080-exec-1] INFO  s.o.a.b.controller.LoginController - Login exitoso para carnet: TO241352
2024-10-08 23:48:52 [http-nio-8080-exec-5] INFO  s.o.a.b.controller.LoginController - Accediendo al formulario de login
2024-10-08 23:48:52 [http-nio-8080-exec-5] DEBUG s.o.a.b.controller.LoginController - Estado de la sesión - usuarioAutenticado: true
2024-10-08 23:48:52 [http-nio-8080-exec-5] INFO  s.o.a.b.controller.LoginController - Usuario ya autenticado, redirigiendo a dashboard
2024-10-08 23:48:52 [http-nio-8080-exec-9] INFO  s.o.a.b.controller.LoginController - Accediendo al formulario de login
2024-10-08 23:48:52 [http-nio-8080-exec-9] DEBUG s.o.a.b.controller.LoginController - Estado de la sesión - usuarioAutenticado: true
2024-10-08 23:48:52 [http-nio-8080-exec-9] INFO  s.o.a.b.controller.LoginController - Usuario ya autenticado, redirigiendo a dashboard
2024-10-08 23:48:52 [http-nio-8080-exec-4] INFO  s.o.a.b.controller.LoginController - Accediendo al formulario de login
2024-10-08 23:48:52 [http-nio-8080-exec-4] DEBUG s.o.a.b.controller.LoginController - Estado de la sesión - usuarioAutenticado: true
2024-10-08 23:48:52 [http-nio-8080-exec-4] INFO  s.o.a.b.controller.LoginController - Usuario ya autenticado, redirigiendo a dashboard
2024-10-08 23:48:52 [http-nio-8080-exec-8] INFO  s.o.a.b.controller.LoginController - Accediendo al formulario de login
2024-10-08 23:48:52 [http-nio-8080-exec-8] DEBUG s.o.a.b.controller.LoginController - Estado de la sesión - usuarioAutenticado: true
2024-10-08 23:48:52 [http-nio-8080-exec-8] INFO  s.o.a.b.controller.LoginController - Usuario ya autenticado, redirigiendo a dashboard
2024-10-08 23:48:52 [http-nio-8080-exec-1] INFO  s.o.a.b.controller.LoginController - Accediendo al formulario de login
2024-10-08 23:48:52 [http-nio-8080-exec-1] DEBUG s.o.a.b.controller.LoginController - Estado de la sesión - usuarioAutenticado: true
2024-10-08 23:48:52 [http-nio-8080-exec-1] INFO  s.o.a.b.controller.LoginController - Usuario ya autenticado, redirigiendo a dashboard
2024-10-08 23:48:53 [http-nio-8080-exec-6] INFO  s.o.a.b.controller.LoginController - Accediendo al formulario de login
2024-10-08 23:48:53 [http-nio-8080-exec-6] DEBUG s.o.a.b.controller.LoginController - Estado de la sesión - usuarioAutenticado: true
2024-10-08 23:48:53 [http-nio-8080-exec-6] INFO  s.o.a.b.controller.LoginController - Usuario ya autenticado, redirigiendo a dashboard
2024-10-08 23:48:53 [http-nio-8080-exec-10] INFO  s.o.a.b.controller.LoginController - Accediendo al formulario de login
2024-10-08 23:48:53 [http-nio-8080-exec-10] DEBUG s.o.a.b.controller.LoginController - Estado de la sesión - usuarioAutenticado: true
2024-10-08 23:48:53 [http-nio-8080-exec-10] INFO  s.o.a.b.controller.LoginController - Usuario ya autenticado, redirigiendo a dashboard
2024-10-08 23:48:53 [http-nio-8080-exec-3] INFO  s.o.a.b.controller.LoginController - Accediendo al formulario de login
2024-10-08 23:48:53 [http-nio-8080-exec-3] DEBUG s.o.a.b.controller.LoginController - Estado de la sesión - usuarioAutenticado: true
2024-10-08 23:48:53 [http-nio-8080-exec-3] INFO  s.o.a.b.controller.LoginController - Usuario ya autenticado, redirigiendo a dashboard
2024-10-08 23:48:53 [http-nio-8080-exec-7] INFO  s.o.a.b.controller.LoginController - Accediendo al formulario de login
2024-10-08 23:48:53 [http-nio-8080-exec-7] DEBUG s.o.a.b.controller.LoginController - Estado de la sesión - usuarioAutenticado: true
2024-10-08 23:48:53 [http-nio-8080-exec-7] INFO  s.o.a.b.controller.LoginController - Usuario ya autenticado, redirigiendo a dashboard
2024-10-08 23:48:54 [http-nio-8080-exec-5] INFO  s.o.a.b.controller.LoginController - Accediendo al formulario de login
2024-10-08 23:48:54 [http-nio-8080-exec-5] DEBUG s.o.a.b.controller.LoginController - Estado de la sesión - usuarioAutenticado: true
2024-10-08 23:48:54 [http-nio-8080-exec-5] INFO  s.o.a.b.controller.LoginController - Usuario ya autenticado, redirigiendo a dashboard
2024-10-08 23:48:54 [http-nio-8080-exec-9] INFO  s.o.a.b.controller.LoginController - Accediendo al formulario de login
2024-10-08 23:48:54 [http-nio-8080-exec-9] DEBUG s.o.a.b.controller.LoginController - Estado de la sesión - usuarioAutenticado: true
2024-10-08 23:48:54 [http-nio-8080-exec-9] INFO  s.o.a.b.controller.LoginController - Usuario ya autenticado, redirigiendo a dashboard
2024-10-08 23:48:54 [http-nio-8080-exec-4] INFO  s.o.a.b.controller.LoginController - Accediendo al formulario de login
2024-10-08 23:48:54 [http-nio-8080-exec-4] DEBUG s.o.a.b.controller.LoginController - Estado de la sesión - usuarioAutenticado: true
2024-10-08 23:48:54 [http-nio-8080-exec-4] INFO  s.o.a.b.controller.LoginController - Usuario ya autenticado, redirigiendo a dashboard
2024-10-08 23:48:54 [http-nio-8080-exec-8] INFO  s.o.a.b.controller.LoginController - Accediendo al formulario de login
2024-10-08 23:48:54 [http-nio-8080-exec-8] DEBUG s.o.a.b.controller.LoginController - Estado de la sesión - usuarioAutenticado: true
2024-10-08 23:48:54 [http-nio-8080-exec-8] INFO  s.o.a.b.controller.LoginController - Usuario ya autenticado, redirigiendo a dashboard
2024-10-08 23:48:54 [http-nio-8080-exec-1] INFO  s.o.a.b.controller.LoginController - Accediendo al formulario de login
2024-10-08 23:48:54 [http-nio-8080-exec-1] DEBUG s.o.a.b.controller.LoginController - Estado de la sesión - usuarioAutenticado: true
2024-10-08 23:48:54 [http-nio-8080-exec-1] INFO  s.o.a.b.controller.LoginController - Usuario ya autenticado, redirigiendo a dashboard
2024-10-08 23:48:54 [http-nio-8080-exec-5] INFO  s.o.a.b.controller.LoginController - Accediendo al formulario de login
2024-10-08 23:48:54 [http-nio-8080-exec-5] DEBUG s.o.a.b.controller.LoginController - Estado de la sesión - usuarioAutenticado: true
2024-10-08 23:48:54 [http-nio-8080-exec-5] INFO  s.o.a.b.controller.LoginController - Usuario ya autenticado, redirigiendo a dashboard
2024-10-08 23:48:54 [http-nio-8080-exec-9] INFO  s.o.a.b.controller.LoginController - Accediendo al formulario de login
2024-10-08 23:48:54 [http-nio-8080-exec-9] DEBUG s.o.a.b.controller.LoginController - Estado de la sesión - usuarioAutenticado: true
2024-10-08 23:48:54 [http-nio-8080-exec-9] INFO  s.o.a.b.controller.LoginController - Usuario ya autenticado, redirigiendo a dashboard
2024-10-08 23:48:54 [http-nio-8080-exec-4] INFO  s.o.a.b.controller.LoginController - Accediendo al formulario de login
2024-10-08 23:48:54 [http-nio-8080-exec-4] DEBUG s.o.a.b.controller.LoginController - Estado de la sesión - usuarioAutenticado: true
2024-10-08 23:48:54 [http-nio-8080-exec-4] INFO  s.o.a.b.controller.LoginController - Usuario ya autenticado, redirigiendo a dashboard
2024-10-08 23:48:54 [http-nio-8080-exec-8] INFO  s.o.a.b.controller.LoginController - Accediendo al formulario de login
2024-10-08 23:48:54 [http-nio-8080-exec-8] DEBUG s.o.a.b.controller.LoginController - Estado de la sesión - usuarioAutenticado: true
2024-10-08 23:48:54 [http-nio-8080-exec-8] INFO  s.o.a.b.controller.LoginController - Usuario ya autenticado, redirigiendo a dashboard
2024-10-08 23:48:54 [http-nio-8080-exec-1] INFO  s.o.a.b.controller.LoginController - Accediendo al formulario de login
2024-10-08 23:48:54 [http-nio-8080-exec-1] DEBUG s.o.a.b.controller.LoginController - Estado de la sesión - usuarioAutenticado: true
2024-10-08 23:48:54 [http-nio-8080-exec-1] INFO  s.o.a.b.controller.LoginController - Usuario ya autenticado, redirigiendo a dashboard
2024-10-08 23:49:00 [http-nio-8080-exec-5] INFO  s.o.a.b.controller.LoginController - Accediendo al formulario de login
2024-10-08 23:49:00 [http-nio-8080-exec-5] DEBUG s.o.a.b.controller.LoginController - Estado de la sesión - usuarioAutenticado: true
2024-10-08 23:49:00 [http-nio-8080-exec-5] INFO  s.o.a.b.controller.LoginController - Usuario ya autenticado, redirigiendo a dashboard
2024-10-08 23:49:00 [http-nio-8080-exec-9] INFO  s.o.a.b.controller.LoginController - Accediendo al formulario de login
2024-10-08 23:49:00 [http-nio-8080-exec-9] DEBUG s.o.a.b.controller.LoginController - Estado de la sesión - usuarioAutenticado: true
2024-10-08 23:49:00 [http-nio-8080-exec-9] INFO  s.o.a.b.controller.LoginController - Usuario ya autenticado, redirigiendo a dashboard
2024-10-08 23:49:00 [http-nio-8080-exec-4] INFO  s.o.a.b.controller.LoginController - Accediendo al formulario de login
2024-10-08 23:49:00 [http-nio-8080-exec-4] DEBUG s.o.a.b.controller.LoginController - Estado de la sesión - usuarioAutenticado: true
2024-10-08 23:49:00 [http-nio-8080-exec-4] INFO  s.o.a.b.controller.LoginController - Usuario ya autenticado, redirigiendo a dashboard
2024-10-08 23:49:00 [http-nio-8080-exec-8] INFO  s.o.a.b.controller.LoginController - Accediendo al formulario de login
2024-10-08 23:49:00 [http-nio-8080-exec-8] DEBUG s.o.a.b.controller.LoginController - Estado de la sesión - usuarioAutenticado: true
2024-10-08 23:49:00 [http-nio-8080-exec-8] INFO  s.o.a.b.controller.LoginController - Usuario ya autenticado, redirigiendo a dashboard
2024-10-08 23:49:00 [http-nio-8080-exec-1] INFO  s.o.a.b.controller.LoginController - Accediendo al formulario de login
2024-10-08 23:49:00 [http-nio-8080-exec-1] DEBUG s.o.a.b.controller.LoginController - Estado de la sesión - usuarioAutenticado: true
2024-10-08 23:49:00 [http-nio-8080-exec-1] INFO  s.o.a.b.controller.LoginController - Usuario ya autenticado, redirigiendo a dashboard
2024-10-08 23:49:00 [http-nio-8080-exec-5] INFO  s.o.a.b.controller.LoginController - Accediendo al formulario de login
2024-10-08 23:49:00 [http-nio-8080-exec-5] DEBUG s.o.a.b.controller.LoginController - Estado de la sesión - usuarioAutenticado: true
2024-10-08 23:49:00 [http-nio-8080-exec-5] INFO  s.o.a.b.controller.LoginController - Usuario ya autenticado, redirigiendo a dashboard
2024-10-08 23:49:00 [http-nio-8080-exec-9] INFO  s.o.a.b.controller.LoginController - Accediendo al formulario de login
2024-10-08 23:49:00 [http-nio-8080-exec-9] DEBUG s.o.a.b.controller.LoginController - Estado de la sesión - usuarioAutenticado: true
2024-10-08 23:49:00 [http-nio-8080-exec-9] INFO  s.o.a.b.controller.LoginController - Usuario ya autenticado, redirigiendo a dashboard
2024-10-08 23:49:00 [http-nio-8080-exec-4] INFO  s.o.a.b.controller.LoginController - Accediendo al formulario de login
2024-10-08 23:49:00 [http-nio-8080-exec-4] DEBUG s.o.a.b.controller.LoginController - Estado de la sesión - usuarioAutenticado: true
2024-10-08 23:49:00 [http-nio-8080-exec-4] INFO  s.o.a.b.controller.LoginController - Usuario ya autenticado, redirigiendo a dashboard
2024-10-08 23:49:00 [http-nio-8080-exec-8] INFO  s.o.a.b.controller.LoginController - Accediendo al formulario de login
2024-10-08 23:49:00 [http-nio-8080-exec-8] DEBUG s.o.a.b.controller.LoginController - Estado de la sesión - usuarioAutenticado: true
2024-10-08 23:49:00 [http-nio-8080-exec-8] INFO  s.o.a.b.controller.LoginController - Usuario ya autenticado, redirigiendo a dashboard
2024-10-08 23:49:00 [http-nio-8080-exec-1] INFO  s.o.a.b.controller.LoginController - Accediendo al formulario de login
2024-10-08 23:49:00 [http-nio-8080-exec-1] DEBUG s.o.a.b.controller.LoginController - Estado de la sesión - usuarioAutenticado: true
2024-10-08 23:49:00 [http-nio-8080-exec-1] INFO  s.o.a.b.controller.LoginController - Usuario ya autenticado, redirigiendo a dashboard
2024-10-08 23:49:51 [http-nio-8080-exec-10] INFO  s.o.a.b.controller.LoginController - Accediendo al dashboard de prueba
2024-10-08 23:51:07 [restartedMain] INFO  s.org.arrupe.becas.BecasApplication - Starting BecasApplication using Java 17.0.12 with PID 6112 (C:\Users\ulise\Desktop\Becas+\Becas\build\classes\java\main started by ulise in C:\Users\ulise\Desktop\Becas+\Becas)
2024-10-08 23:51:07 [restartedMain] DEBUG s.org.arrupe.becas.BecasApplication - Running with Spring Boot v3.3.4, Spring v6.1.13
2024-10-08 23:51:07 [restartedMain] INFO  s.org.arrupe.becas.BecasApplication - No active profile set, falling back to 1 default profile: "default"
2024-10-08 23:51:07 [restartedMain] INFO  o.s.b.d.e.DevToolsPropertyDefaultsPostProcessor - Devtools property defaults active! Set 'spring.devtools.add-properties' to 'false' to disable
2024-10-08 23:51:07 [restartedMain] INFO  o.s.b.d.e.DevToolsPropertyDefaultsPostProcessor - For additional web related logging consider setting the 'logging.level.web' property to 'DEBUG'
2024-10-08 23:51:09 [restartedMain] INFO  o.s.d.r.c.RepositoryConfigurationDelegate - Bootstrapping Spring Data JPA repositories in DEFAULT mode.
2024-10-08 23:51:09 [restartedMain] INFO  o.s.d.r.c.RepositoryConfigurationDelegate - Finished Spring Data repository scanning in 91 ms. Found 3 JPA repository interfaces.
2024-10-08 23:51:10 [restartedMain] INFO  o.s.b.w.e.tomcat.TomcatWebServer - Tomcat initialized with port 8080 (http)
2024-10-08 23:51:10 [restartedMain] INFO  o.a.coyote.http11.Http11NioProtocol - Initializing ProtocolHandler ["http-nio-8080"]
2024-10-08 23:51:10 [restartedMain] INFO  o.a.catalina.core.StandardService - Starting service [Tomcat]
2024-10-08 23:51:10 [restartedMain] INFO  o.a.catalina.core.StandardEngine - Starting Servlet engine: [Apache Tomcat/10.1.30]
2024-10-08 23:51:10 [restartedMain] INFO  o.a.c.c.C.[Tomcat].[localhost].[/] - Initializing Spring embedded WebApplicationContext
2024-10-08 23:51:10 [restartedMain] INFO  o.s.b.w.s.c.ServletWebServerApplicationContext - Root WebApplicationContext: initialization completed in 2945 ms
2024-10-08 23:51:10 [restartedMain] INFO  com.zaxxer.hikari.HikariDataSource - HikariPool-1 - Starting...
2024-10-08 23:51:11 [restartedMain] INFO  com.zaxxer.hikari.pool.HikariPool - HikariPool-1 - Added connection com.mysql.cj.jdbc.ConnectionImpl@178c566c
2024-10-08 23:51:11 [restartedMain] INFO  com.zaxxer.hikari.HikariDataSource - HikariPool-1 - Start completed.
2024-10-08 23:51:11 [restartedMain] INFO  o.h.jpa.internal.util.LogHelper - HHH000204: Processing PersistenceUnitInfo [name: default]
2024-10-08 23:51:11 [restartedMain] INFO  org.hibernate.Version - HHH000412: Hibernate ORM core version 6.5.3.Final
2024-10-08 23:51:11 [restartedMain] INFO  o.h.c.i.RegionFactoryInitiator - HHH000026: Second-level cache disabled
2024-10-08 23:51:12 [restartedMain] INFO  o.s.o.j.p.SpringPersistenceUnitInfo - No LoadTimeWeaver setup: ignoring JPA class transformer
2024-10-08 23:51:12 [restartedMain] WARN  org.hibernate.dialect.Dialect - HHH000511: The 5.5.5 version for [org.hibernate.dialect.MySQLDialect] is no longer supported, hence certain features may not work properly. The minimum supported version is 8.0.0. Check the community dialects project for available legacy versions.
2024-10-08 23:51:14 [restartedMain] INFO  o.h.e.t.j.p.i.JtaPlatformInitiator - HHH000489: No JTA platform available (set 'hibernate.transaction.jta.platform' to enable JTA platform integration)
2024-10-08 23:51:14 [restartedMain] INFO  o.s.o.j.LocalContainerEntityManagerFactoryBean - Initialized JPA EntityManagerFactory for persistence unit 'default'
2024-10-08 23:51:14 [restartedMain] WARN  o.s.b.a.o.j.JpaBaseConfiguration$JpaWebConfiguration - spring.jpa.open-in-view is enabled by default. Therefore, database queries may be performed during view rendering. Explicitly configure spring.jpa.open-in-view to disable this warning
2024-10-08 23:51:14 [restartedMain] INFO  o.s.b.a.w.s.WelcomePageHandlerMapping - Adding welcome page template: index
2024-10-08 23:51:15 [restartedMain] WARN  o.t.templatemode.TemplateMode - [THYMELEAF][restartedMain] Unknown Template Mode 'HTML5'. Must be one of: 'HTML', 'XML', 'TEXT', 'JAVASCRIPT', 'CSS', 'RAW'. Using default Template Mode 'HTML'.
2024-10-08 23:51:15 [restartedMain] WARN  o.s.b.d.a.OptionalLiveReloadServer - Unable to start LiveReload server
2024-10-08 23:51:15 [restartedMain] INFO  o.a.coyote.http11.Http11NioProtocol - Starting ProtocolHandler ["http-nio-8080"]
2024-10-08 23:51:15 [restartedMain] INFO  o.s.b.w.e.tomcat.TomcatWebServer - Tomcat started on port 8080 (http) with context path '/'
2024-10-08 23:51:15 [restartedMain] INFO  s.org.arrupe.becas.BecasApplication - Started BecasApplication in 8.688 seconds (process running for 9.719)
2024-10-08 23:51:18 [http-nio-8080-exec-1] INFO  o.a.c.c.C.[Tomcat].[localhost].[/] - Initializing Spring DispatcherServlet 'dispatcherServlet'
2024-10-08 23:51:18 [http-nio-8080-exec-1] INFO  o.s.web.servlet.DispatcherServlet - Initializing Servlet 'dispatcherServlet'
2024-10-08 23:51:18 [http-nio-8080-exec-1] INFO  o.s.web.servlet.DispatcherServlet - Completed initialization in 1 ms
2024-10-08 23:51:18 [http-nio-8080-exec-2] INFO  s.o.a.b.controller.LoginController - Accediendo al formulario de login
2024-10-08 23:51:28 [http-nio-8080-exec-7] INFO  s.o.a.b.controller.LoginController - Iniciando proceso de login para carnet: TO241352
2024-10-08 23:51:28 [http-nio-8080-exec-7] DEBUG s.o.a.b.controller.LoginController - Enviando solicitud a API: http://192.168.0.7:8081/login
2024-10-08 23:51:28 [http-nio-8080-exec-7] INFO  s.o.a.b.controller.LoginController - Login exitoso para carnet: TO241352
2024-10-08 23:51:28 [http-nio-8080-exec-9] INFO  s.o.a.b.controller.LoginController - Accediendo al formulario de login
2024-10-08 23:51:28 [http-nio-8080-exec-9] INFO  s.o.a.b.controller.LoginController - Usuario ya autenticado, redirigiendo a dashboard
2024-10-08 23:51:28 [http-nio-8080-exec-1] INFO  s.o.a.b.controller.LoginController - Accediendo al formulario de login
2024-10-08 23:51:28 [http-nio-8080-exec-1] INFO  s.o.a.b.controller.LoginController - Usuario ya autenticado, redirigiendo a dashboard
2024-10-08 23:51:28 [http-nio-8080-exec-3] INFO  s.o.a.b.controller.LoginController - Accediendo al formulario de login
2024-10-08 23:51:28 [http-nio-8080-exec-3] INFO  s.o.a.b.controller.LoginController - Usuario ya autenticado, redirigiendo a dashboard
2024-10-08 23:51:28 [http-nio-8080-exec-5] INFO  s.o.a.b.controller.LoginController - Accediendo al formulario de login
2024-10-08 23:51:28 [http-nio-8080-exec-5] INFO  s.o.a.b.controller.LoginController - Usuario ya autenticado, redirigiendo a dashboard
2024-10-08 23:51:28 [http-nio-8080-exec-8] INFO  s.o.a.b.controller.LoginController - Accediendo al formulario de login
2024-10-08 23:51:28 [http-nio-8080-exec-8] INFO  s.o.a.b.controller.LoginController - Usuario ya autenticado, redirigiendo a dashboard
2024-10-08 23:51:28 [http-nio-8080-exec-10] INFO  s.o.a.b.controller.LoginController - Accediendo al formulario de login
2024-10-08 23:51:28 [http-nio-8080-exec-10] INFO  s.o.a.b.controller.LoginController - Usuario ya autenticado, redirigiendo a dashboard
2024-10-08 23:51:28 [http-nio-8080-exec-2] INFO  s.o.a.b.controller.LoginController - Accediendo al formulario de login
2024-10-08 23:51:28 [http-nio-8080-exec-2] INFO  s.o.a.b.controller.LoginController - Usuario ya autenticado, redirigiendo a dashboard
2024-10-08 23:51:28 [http-nio-8080-exec-4] INFO  s.o.a.b.controller.LoginController - Accediendo al formulario de login
2024-10-08 23:51:28 [http-nio-8080-exec-4] INFO  s.o.a.b.controller.LoginController - Usuario ya autenticado, redirigiendo a dashboard
2024-10-08 23:51:28 [http-nio-8080-exec-6] INFO  s.o.a.b.controller.LoginController - Accediendo al formulario de login
2024-10-08 23:51:28 [http-nio-8080-exec-6] INFO  s.o.a.b.controller.LoginController - Usuario ya autenticado, redirigiendo a dashboard
2024-10-08 23:51:29 [http-nio-8080-exec-9] INFO  s.o.a.b.controller.LoginController - Accediendo al formulario de login
2024-10-08 23:51:29 [http-nio-8080-exec-9] INFO  s.o.a.b.controller.LoginController - Usuario ya autenticado, redirigiendo a dashboard
2024-10-08 23:51:29 [http-nio-8080-exec-1] INFO  s.o.a.b.controller.LoginController - Accediendo al formulario de login
2024-10-08 23:51:29 [http-nio-8080-exec-1] INFO  s.o.a.b.controller.LoginController - Usuario ya autenticado, redirigiendo a dashboard
2024-10-08 23:51:29 [http-nio-8080-exec-3] INFO  s.o.a.b.controller.LoginController - Accediendo al formulario de login
2024-10-08 23:51:29 [http-nio-8080-exec-3] INFO  s.o.a.b.controller.LoginController - Usuario ya autenticado, redirigiendo a dashboard
2024-10-08 23:51:29 [http-nio-8080-exec-5] INFO  s.o.a.b.controller.LoginController - Accediendo al formulario de login
2024-10-08 23:51:29 [http-nio-8080-exec-5] INFO  s.o.a.b.controller.LoginController - Usuario ya autenticado, redirigiendo a dashboard
2024-10-08 23:51:29 [http-nio-8080-exec-7] INFO  s.o.a.b.controller.LoginController - Accediendo al formulario de login
2024-10-08 23:51:29 [http-nio-8080-exec-7] INFO  s.o.a.b.controller.LoginController - Usuario ya autenticado, redirigiendo a dashboard
2024-10-08 23:51:29 [http-nio-8080-exec-9] INFO  s.o.a.b.controller.LoginController - Accediendo al formulario de login
2024-10-08 23:51:29 [http-nio-8080-exec-9] INFO  s.o.a.b.controller.LoginController - Usuario ya autenticado, redirigiendo a dashboard
2024-10-08 23:51:29 [http-nio-8080-exec-1] INFO  s.o.a.b.controller.LoginController - Accediendo al formulario de login
2024-10-08 23:51:29 [http-nio-8080-exec-1] INFO  s.o.a.b.controller.LoginController - Usuario ya autenticado, redirigiendo a dashboard
2024-10-08 23:51:29 [http-nio-8080-exec-3] INFO  s.o.a.b.controller.LoginController - Accediendo al formulario de login
2024-10-08 23:51:29 [http-nio-8080-exec-3] INFO  s.o.a.b.controller.LoginController - Usuario ya autenticado, redirigiendo a dashboard
2024-10-08 23:51:29 [http-nio-8080-exec-5] INFO  s.o.a.b.controller.LoginController - Accediendo al formulario de login
2024-10-08 23:51:29 [http-nio-8080-exec-5] INFO  s.o.a.b.controller.LoginController - Usuario ya autenticado, redirigiendo a dashboard
2024-10-08 23:51:29 [http-nio-8080-exec-7] INFO  s.o.a.b.controller.LoginController - Accediendo al formulario de login
2024-10-08 23:51:29 [http-nio-8080-exec-7] INFO  s.o.a.b.controller.LoginController - Usuario ya autenticado, redirigiendo a dashboard
2024-10-08 23:51:34 [http-nio-8080-exec-8] INFO  s.o.a.b.controller.LoginController - Accediendo al formulario de login
2024-10-08 23:51:34 [http-nio-8080-exec-8] INFO  s.o.a.b.controller.LoginController - Usuario ya autenticado, redirigiendo a dashboard
2024-10-08 23:51:34 [http-nio-8080-exec-10] INFO  s.o.a.b.controller.LoginController - Accediendo al formulario de login
2024-10-08 23:51:34 [http-nio-8080-exec-10] INFO  s.o.a.b.controller.LoginController - Usuario ya autenticado, redirigiendo a dashboard
2024-10-08 23:51:34 [http-nio-8080-exec-2] INFO  s.o.a.b.controller.LoginController - Accediendo al formulario de login
2024-10-08 23:51:34 [http-nio-8080-exec-2] INFO  s.o.a.b.controller.LoginController - Usuario ya autenticado, redirigiendo a dashboard
2024-10-08 23:51:34 [http-nio-8080-exec-4] INFO  s.o.a.b.controller.LoginController - Accediendo al formulario de login
2024-10-08 23:51:34 [http-nio-8080-exec-4] INFO  s.o.a.b.controller.LoginController - Usuario ya autenticado, redirigiendo a dashboard
2024-10-08 23:51:34 [http-nio-8080-exec-6] INFO  s.o.a.b.controller.LoginController - Accediendo al formulario de login
2024-10-08 23:51:34 [http-nio-8080-exec-6] INFO  s.o.a.b.controller.LoginController - Usuario ya autenticado, redirigiendo a dashboard
2024-10-08 23:51:34 [http-nio-8080-exec-8] INFO  s.o.a.b.controller.LoginController - Accediendo al formulario de login
2024-10-08 23:51:34 [http-nio-8080-exec-8] INFO  s.o.a.b.controller.LoginController - Usuario ya autenticado, redirigiendo a dashboard
2024-10-08 23:51:34 [http-nio-8080-exec-10] INFO  s.o.a.b.controller.LoginController - Accediendo al formulario de login
2024-10-08 23:51:34 [http-nio-8080-exec-10] INFO  s.o.a.b.controller.LoginController - Usuario ya autenticado, redirigiendo a dashboard
2024-10-08 23:51:34 [http-nio-8080-exec-2] INFO  s.o.a.b.controller.LoginController - Accediendo al formulario de login
2024-10-08 23:51:34 [http-nio-8080-exec-2] INFO  s.o.a.b.controller.LoginController - Usuario ya autenticado, redirigiendo a dashboard
2024-10-08 23:51:34 [http-nio-8080-exec-4] INFO  s.o.a.b.controller.LoginController - Accediendo al formulario de login
2024-10-08 23:51:34 [http-nio-8080-exec-4] INFO  s.o.a.b.controller.LoginController - Usuario ya autenticado, redirigiendo a dashboard
2024-10-08 23:51:34 [http-nio-8080-exec-6] INFO  s.o.a.b.controller.LoginController - Accediendo al formulario de login
2024-10-08 23:51:34 [http-nio-8080-exec-6] INFO  s.o.a.b.controller.LoginController - Usuario ya autenticado, redirigiendo a dashboard
