2024-10-17 10:47:24 [restartedMain] INFO  s.org.arrupe.becas.BecasApplication - Starting BecasApplication using Java 17.0.12 with PID 19780 (C:\Users\adria\OneDrive\Escritorio\Nuevas_Becas\Becas_FrontEnd\build\classes\java\main started by adria in C:\Users\adria\OneDrive\Escritorio\Nuevas_Becas\Becas_FrontEnd)
2024-10-17 10:47:24 [restartedMain] DEBUG s.org.arrupe.becas.BecasApplication - Running with Spring Boot v3.3.4, Spring v6.1.13
2024-10-17 10:47:24 [restartedMain] INFO  s.org.arrupe.becas.BecasApplication - No active profile set, falling back to 1 default profile: "default"
2024-10-17 10:47:24 [restartedMain] INFO  o.s.b.d.e.DevToolsPropertyDefaultsPostProcessor - Devtools property defaults active! Set 'spring.devtools.add-properties' to 'false' to disable
2024-10-17 10:47:24 [restartedMain] INFO  o.s.b.d.e.DevToolsPropertyDefaultsPostProcessor - For additional web related logging consider setting the 'logging.level.web' property to 'DEBUG'
2024-10-17 10:47:25 [restartedMain] INFO  o.s.b.w.e.tomcat.TomcatWebServer - Tomcat initialized with port 8080 (http)
2024-10-17 10:47:25 [restartedMain] INFO  o.a.coyote.http11.Http11NioProtocol - Initializing ProtocolHandler ["http-nio-8080"]
2024-10-17 10:47:25 [restartedMain] INFO  o.a.catalina.core.StandardService - Starting service [Tomcat]
2024-10-17 10:47:25 [restartedMain] INFO  o.a.catalina.core.StandardEngine - Starting Servlet engine: [Apache Tomcat/10.1.30]
2024-10-17 10:47:25 [restartedMain] INFO  o.a.c.c.C.[Tomcat].[localhost].[/] - Initializing Spring embedded WebApplicationContext
2024-10-17 10:47:25 [restartedMain] INFO  o.s.b.w.s.c.ServletWebServerApplicationContext - Root WebApplicationContext: initialization completed in 1437 ms
2024-10-17 10:47:25 [restartedMain] INFO  o.s.b.a.w.s.WelcomePageHandlerMapping - Adding welcome page template: index
2024-10-17 10:47:26 [restartedMain] WARN  o.t.templatemode.TemplateMode - [THYMELEAF][restartedMain] Unknown Template Mode 'HTML5'. Must be one of: 'HTML', 'XML', 'TEXT', 'JAVASCRIPT', 'CSS', 'RAW'. Using default Template Mode 'HTML'.
2024-10-17 10:47:26 [restartedMain] WARN  o.s.b.d.a.OptionalLiveReloadServer - Unable to start LiveReload server
2024-10-17 10:47:26 [restartedMain] INFO  o.a.coyote.http11.Http11NioProtocol - Starting ProtocolHandler ["http-nio-8080"]
2024-10-17 10:47:26 [restartedMain] WARN  o.s.b.w.s.c.AnnotationConfigServletWebServerApplicationContext - Exception encountered during context initialization - cancelling refresh attempt: org.springframework.context.ApplicationContextException: Failed to start bean 'webServerStartStop'
2024-10-17 10:47:26 [restartedMain] INFO  o.s.b.a.l.ConditionEvaluationReportLogger - 

Error starting ApplicationContext. To display the condition evaluation report re-run your application with 'debug' enabled.
2024-10-17 10:47:26 [restartedMain] ERROR o.s.b.d.LoggingFailureAnalysisReporter - 

***************************
APPLICATION FAILED TO START
***************************

Description:

Web server failed to start. Port 8080 was already in use.

Action:

Identify and stop the process that's listening on port 8080 or configure this application to listen on another port.

2024-10-17 10:48:11 [restartedMain] INFO  s.org.arrupe.becas.BecasApplication - Starting BecasApplication using Java 17.0.12 with PID 5504 (C:\Users\adria\OneDrive\Escritorio\Nuevas_Becas\Becas_FrontEnd\build\classes\java\main started by adria in C:\Users\adria\OneDrive\Escritorio\Nuevas_Becas\Becas_FrontEnd)
2024-10-17 10:48:11 [restartedMain] DEBUG s.org.arrupe.becas.BecasApplication - Running with Spring Boot v3.3.4, Spring v6.1.13
2024-10-17 10:48:11 [restartedMain] INFO  s.org.arrupe.becas.BecasApplication - No active profile set, falling back to 1 default profile: "default"
2024-10-17 10:48:11 [restartedMain] INFO  o.s.b.d.e.DevToolsPropertyDefaultsPostProcessor - Devtools property defaults active! Set 'spring.devtools.add-properties' to 'false' to disable
2024-10-17 10:48:11 [restartedMain] INFO  o.s.b.d.e.DevToolsPropertyDefaultsPostProcessor - For additional web related logging consider setting the 'logging.level.web' property to 'DEBUG'
2024-10-17 10:48:13 [restartedMain] INFO  o.s.b.w.e.tomcat.TomcatWebServer - Tomcat initialized with port 8080 (http)
2024-10-17 10:48:13 [restartedMain] INFO  o.a.coyote.http11.Http11NioProtocol - Initializing ProtocolHandler ["http-nio-8080"]
2024-10-17 10:48:13 [restartedMain] INFO  o.a.catalina.core.StandardService - Starting service [Tomcat]
2024-10-17 10:48:13 [restartedMain] INFO  o.a.catalina.core.StandardEngine - Starting Servlet engine: [Apache Tomcat/10.1.30]
2024-10-17 10:48:13 [restartedMain] INFO  o.a.c.c.C.[Tomcat].[localhost].[/] - Initializing Spring embedded WebApplicationContext
2024-10-17 10:48:13 [restartedMain] INFO  o.s.b.w.s.c.ServletWebServerApplicationContext - Root WebApplicationContext: initialization completed in 1275 ms
2024-10-17 10:48:13 [restartedMain] INFO  o.s.b.a.w.s.WelcomePageHandlerMapping - Adding welcome page template: index
2024-10-17 10:48:13 [restartedMain] WARN  o.t.templatemode.TemplateMode - [THYMELEAF][restartedMain] Unknown Template Mode 'HTML5'. Must be one of: 'HTML', 'XML', 'TEXT', 'JAVASCRIPT', 'CSS', 'RAW'. Using default Template Mode 'HTML'.
2024-10-17 10:48:13 [restartedMain] WARN  o.s.b.d.a.OptionalLiveReloadServer - Unable to start LiveReload server
2024-10-17 10:48:13 [restartedMain] INFO  o.a.coyote.http11.Http11NioProtocol - Starting ProtocolHandler ["http-nio-8080"]
2024-10-17 10:48:13 [restartedMain] WARN  o.s.b.w.s.c.AnnotationConfigServletWebServerApplicationContext - Exception encountered during context initialization - cancelling refresh attempt: org.springframework.context.ApplicationContextException: Failed to start bean 'webServerStartStop'
2024-10-17 10:48:13 [restartedMain] INFO  o.s.b.a.l.ConditionEvaluationReportLogger - 

Error starting ApplicationContext. To display the condition evaluation report re-run your application with 'debug' enabled.
2024-10-17 10:48:13 [restartedMain] ERROR o.s.b.d.LoggingFailureAnalysisReporter - 

***************************
APPLICATION FAILED TO START
***************************

Description:

Web server failed to start. Port 8080 was already in use.

Action:

Identify and stop the process that's listening on port 8080 or configure this application to listen on another port.

2024-10-17 10:49:59 [restartedMain] INFO  s.org.arrupe.becas.BecasApplication - Starting BecasApplication using Java 17.0.12 with PID 18472 (C:\Users\adria\OneDrive\Escritorio\Nuevas_Becas\Becas_FrontEnd\build\classes\java\main started by adria in C:\Users\adria\OneDrive\Escritorio\Nuevas_Becas\Becas_FrontEnd)
2024-10-17 10:49:59 [restartedMain] DEBUG s.org.arrupe.becas.BecasApplication - Running with Spring Boot v3.3.4, Spring v6.1.13
2024-10-17 10:49:59 [restartedMain] INFO  s.org.arrupe.becas.BecasApplication - No active profile set, falling back to 1 default profile: "default"
2024-10-17 10:49:59 [restartedMain] INFO  o.s.b.d.e.DevToolsPropertyDefaultsPostProcessor - Devtools property defaults active! Set 'spring.devtools.add-properties' to 'false' to disable
2024-10-17 10:49:59 [restartedMain] INFO  o.s.b.d.e.DevToolsPropertyDefaultsPostProcessor - For additional web related logging consider setting the 'logging.level.web' property to 'DEBUG'
2024-10-17 10:50:01 [restartedMain] INFO  o.s.b.w.e.tomcat.TomcatWebServer - Tomcat initialized with port 8080 (http)
2024-10-17 10:50:01 [restartedMain] INFO  o.a.coyote.http11.Http11NioProtocol - Initializing ProtocolHandler ["http-nio-8080"]
2024-10-17 10:50:01 [restartedMain] INFO  o.a.catalina.core.StandardService - Starting service [Tomcat]
2024-10-17 10:50:01 [restartedMain] INFO  o.a.catalina.core.StandardEngine - Starting Servlet engine: [Apache Tomcat/10.1.30]
2024-10-17 10:50:01 [restartedMain] INFO  o.a.c.c.C.[Tomcat].[localhost].[/] - Initializing Spring embedded WebApplicationContext
2024-10-17 10:50:01 [restartedMain] INFO  o.s.b.w.s.c.ServletWebServerApplicationContext - Root WebApplicationContext: initialization completed in 1553 ms
2024-10-17 10:50:01 [restartedMain] INFO  o.s.b.a.w.s.WelcomePageHandlerMapping - Adding welcome page template: index
2024-10-17 10:50:01 [restartedMain] WARN  o.t.templatemode.TemplateMode - [THYMELEAF][restartedMain] Unknown Template Mode 'HTML5'. Must be one of: 'HTML', 'XML', 'TEXT', 'JAVASCRIPT', 'CSS', 'RAW'. Using default Template Mode 'HTML'.
2024-10-17 10:50:01 [restartedMain] INFO  o.s.b.d.a.OptionalLiveReloadServer - LiveReload server is running on port 35729
2024-10-17 10:50:01 [restartedMain] INFO  o.a.coyote.http11.Http11NioProtocol - Starting ProtocolHandler ["http-nio-8080"]
2024-10-17 10:50:01 [restartedMain] INFO  o.s.b.w.e.tomcat.TomcatWebServer - Tomcat started on port 8080 (http) with context path '/'
2024-10-17 10:50:01 [restartedMain] INFO  s.org.arrupe.becas.BecasApplication - Started BecasApplication in 3.002 seconds (process running for 3.497)
2024-10-17 10:50:19 [http-nio-8080-exec-1] INFO  o.a.c.c.C.[Tomcat].[localhost].[/] - Initializing Spring DispatcherServlet 'dispatcherServlet'
2024-10-17 10:50:19 [http-nio-8080-exec-1] INFO  o.s.web.servlet.DispatcherServlet - Initializing Servlet 'dispatcherServlet'
2024-10-17 10:50:19 [http-nio-8080-exec-1] INFO  o.s.web.servlet.DispatcherServlet - Completed initialization in 2 ms
2024-10-17 10:50:19 [http-nio-8080-exec-1] DEBUG s.o.a.b.controller.LoginController - Accediendo a la página de inicio
2024-10-17 10:50:19 [http-nio-8080-exec-4] DEBUG s.o.a.b.controller.LoginController - Mostrando página de login
2024-10-17 10:50:31 [http-nio-8080-exec-7] INFO  s.o.a.b.controller.LoginController - Procesando login para carnet: JR240001
2024-10-17 10:50:31 [http-nio-8080-exec-7] DEBUG s.o.a.b.controller.LoginController - URL de login: http://192.1.2.188:8081/signin
2024-10-17 10:50:31 [http-nio-8080-exec-7] DEBUG s.o.a.b.controller.LoginController - Enviando solicitud a la API para carnet: JR240001
2024-10-17 10:50:31 [http-nio-8080-exec-7] ERROR s.o.a.b.controller.LoginController - Error HTTP al procesar login para carnet: JR240001. Estado: 401 UNAUTHORIZED, Respuesta: 
org.springframework.web.client.HttpClientErrorException$Unauthorized: 401 : [no body]
	at org.springframework.web.client.HttpClientErrorException.create(HttpClientErrorException.java:106)
	at org.springframework.web.client.DefaultResponseErrorHandler.handleError(DefaultResponseErrorHandler.java:183)
	at org.springframework.web.client.DefaultResponseErrorHandler.handleError(DefaultResponseErrorHandler.java:137)
	at org.springframework.web.client.ResponseErrorHandler.handleError(ResponseErrorHandler.java:63)
	at org.springframework.web.client.RestTemplate.handleResponse(RestTemplate.java:942)
	at org.springframework.web.client.RestTemplate.doExecute(RestTemplate.java:891)
	at org.springframework.web.client.RestTemplate.execute(RestTemplate.java:790)
	at org.springframework.web.client.RestTemplate.exchange(RestTemplate.java:672)
	at sv.org.arrupe.becas.controller.LoginController.procesarLogin(LoginController.java:65)
	at java.base/jdk.internal.reflect.NativeMethodAccessorImpl.invoke0(Native Method)
	at java.base/jdk.internal.reflect.NativeMethodAccessorImpl.invoke(NativeMethodAccessorImpl.java:77)
	at java.base/jdk.internal.reflect.DelegatingMethodAccessorImpl.invoke(DelegatingMethodAccessorImpl.java:43)
	at java.base/java.lang.reflect.Method.invoke(Method.java:569)
	at org.springframework.web.method.support.InvocableHandlerMethod.doInvoke(InvocableHandlerMethod.java:255)
	at org.springframework.web.method.support.InvocableHandlerMethod.invokeForRequest(InvocableHandlerMethod.java:188)
	at org.springframework.web.servlet.mvc.method.annotation.ServletInvocableHandlerMethod.invokeAndHandle(ServletInvocableHandlerMethod.java:118)
	at org.springframework.web.servlet.mvc.method.annotation.RequestMappingHandlerAdapter.invokeHandlerMethod(RequestMappingHandlerAdapter.java:926)
	at org.springframework.web.servlet.mvc.method.annotation.RequestMappingHandlerAdapter.handleInternal(RequestMappingHandlerAdapter.java:831)
	at org.springframework.web.servlet.mvc.method.AbstractHandlerMethodAdapter.handle(AbstractHandlerMethodAdapter.java:87)
	at org.springframework.web.servlet.DispatcherServlet.doDispatch(DispatcherServlet.java:1089)
	at org.springframework.web.servlet.DispatcherServlet.doService(DispatcherServlet.java:979)
	at org.springframework.web.servlet.FrameworkServlet.processRequest(FrameworkServlet.java:1014)
	at org.springframework.web.servlet.FrameworkServlet.doPost(FrameworkServlet.java:914)
	at jakarta.servlet.http.HttpServlet.service(HttpServlet.java:590)
	at org.springframework.web.servlet.FrameworkServlet.service(FrameworkServlet.java:885)
	at jakarta.servlet.http.HttpServlet.service(HttpServlet.java:658)
	at org.apache.catalina.core.ApplicationFilterChain.internalDoFilter(ApplicationFilterChain.java:195)
	at org.apache.catalina.core.ApplicationFilterChain.doFilter(ApplicationFilterChain.java:140)
	at org.apache.tomcat.websocket.server.WsFilter.doFilter(WsFilter.java:51)
	at org.apache.catalina.core.ApplicationFilterChain.internalDoFilter(ApplicationFilterChain.java:164)
	at org.apache.catalina.core.ApplicationFilterChain.doFilter(ApplicationFilterChain.java:140)
	at org.springframework.web.filter.RequestContextFilter.doFilterInternal(RequestContextFilter.java:100)
	at org.springframework.web.filter.OncePerRequestFilter.doFilter(OncePerRequestFilter.java:116)
	at org.apache.catalina.core.ApplicationFilterChain.internalDoFilter(ApplicationFilterChain.java:164)
	at org.apache.catalina.core.ApplicationFilterChain.doFilter(ApplicationFilterChain.java:140)
	at org.springframework.web.filter.FormContentFilter.doFilterInternal(FormContentFilter.java:93)
	at org.springframework.web.filter.OncePerRequestFilter.doFilter(OncePerRequestFilter.java:116)
	at org.apache.catalina.core.ApplicationFilterChain.internalDoFilter(ApplicationFilterChain.java:164)
	at org.apache.catalina.core.ApplicationFilterChain.doFilter(ApplicationFilterChain.java:140)
	at org.springframework.web.filter.CharacterEncodingFilter.doFilterInternal(CharacterEncodingFilter.java:201)
	at org.springframework.web.filter.OncePerRequestFilter.doFilter(OncePerRequestFilter.java:116)
	at org.apache.catalina.core.ApplicationFilterChain.internalDoFilter(ApplicationFilterChain.java:164)
	at org.apache.catalina.core.ApplicationFilterChain.doFilter(ApplicationFilterChain.java:140)
	at org.apache.catalina.core.StandardWrapperValve.invoke(StandardWrapperValve.java:167)
	at org.apache.catalina.core.StandardContextValve.invoke(StandardContextValve.java:90)
	at org.apache.catalina.authenticator.AuthenticatorBase.invoke(AuthenticatorBase.java:483)
	at org.apache.catalina.core.StandardHostValve.invoke(StandardHostValve.java:115)
	at org.apache.catalina.valves.ErrorReportValve.invoke(ErrorReportValve.java:93)
	at org.apache.catalina.core.StandardEngineValve.invoke(StandardEngineValve.java:74)
	at org.apache.catalina.connector.CoyoteAdapter.service(CoyoteAdapter.java:344)
	at org.apache.coyote.http11.Http11Processor.service(Http11Processor.java:384)
	at org.apache.coyote.AbstractProcessorLight.process(AbstractProcessorLight.java:63)
	at org.apache.coyote.AbstractProtocol$ConnectionHandler.process(AbstractProtocol.java:905)
	at org.apache.tomcat.util.net.NioEndpoint$SocketProcessor.doRun(NioEndpoint.java:1741)
	at org.apache.tomcat.util.net.SocketProcessorBase.run(SocketProcessorBase.java:52)
	at org.apache.tomcat.util.threads.ThreadPoolExecutor.runWorker(ThreadPoolExecutor.java:1190)
	at org.apache.tomcat.util.threads.ThreadPoolExecutor$Worker.run(ThreadPoolExecutor.java:659)
	at org.apache.tomcat.util.threads.TaskThread$WrappingRunnable.run(TaskThread.java:63)
	at java.base/java.lang.Thread.run(Thread.java:840)
2024-10-17 10:50:31 [http-nio-8080-exec-8] DEBUG s.o.a.b.controller.LoginController - Mostrando página de login
2024-10-17 10:59:28 [restartedMain] INFO  s.org.arrupe.becas.BecasApplication - Starting BecasApplication using Java 17.0.12 with PID 5948 (C:\Users\adria\OneDrive\Escritorio\Nuevas_Becas\Becas_FrontEnd\build\classes\java\main started by adria in C:\Users\adria\OneDrive\Escritorio\Nuevas_Becas\Becas_FrontEnd)
2024-10-17 10:59:28 [restartedMain] DEBUG s.org.arrupe.becas.BecasApplication - Running with Spring Boot v3.3.4, Spring v6.1.13
2024-10-17 10:59:28 [restartedMain] INFO  s.org.arrupe.becas.BecasApplication - No active profile set, falling back to 1 default profile: "default"
2024-10-17 10:59:28 [restartedMain] INFO  o.s.b.d.e.DevToolsPropertyDefaultsPostProcessor - Devtools property defaults active! Set 'spring.devtools.add-properties' to 'false' to disable
2024-10-17 10:59:28 [restartedMain] INFO  o.s.b.d.e.DevToolsPropertyDefaultsPostProcessor - For additional web related logging consider setting the 'logging.level.web' property to 'DEBUG'
2024-10-17 10:59:29 [restartedMain] INFO  o.s.b.w.e.tomcat.TomcatWebServer - Tomcat initialized with port 8080 (http)
2024-10-17 10:59:29 [restartedMain] INFO  o.a.coyote.http11.Http11NioProtocol - Initializing ProtocolHandler ["http-nio-8080"]
2024-10-17 10:59:29 [restartedMain] INFO  o.a.catalina.core.StandardService - Starting service [Tomcat]
2024-10-17 10:59:29 [restartedMain] INFO  o.a.catalina.core.StandardEngine - Starting Servlet engine: [Apache Tomcat/10.1.30]
2024-10-17 10:59:29 [restartedMain] INFO  o.a.c.c.C.[Tomcat].[localhost].[/] - Initializing Spring embedded WebApplicationContext
2024-10-17 10:59:29 [restartedMain] INFO  o.s.b.w.s.c.ServletWebServerApplicationContext - Root WebApplicationContext: initialization completed in 1335 ms
2024-10-17 10:59:30 [restartedMain] INFO  o.s.b.a.w.s.WelcomePageHandlerMapping - Adding welcome page template: index
2024-10-17 10:59:30 [restartedMain] WARN  o.t.templatemode.TemplateMode - [THYMELEAF][restartedMain] Unknown Template Mode 'HTML5'. Must be one of: 'HTML', 'XML', 'TEXT', 'JAVASCRIPT', 'CSS', 'RAW'. Using default Template Mode 'HTML'.
2024-10-17 10:59:30 [restartedMain] WARN  o.s.b.d.a.OptionalLiveReloadServer - Unable to start LiveReload server
2024-10-17 10:59:30 [restartedMain] INFO  o.a.coyote.http11.Http11NioProtocol - Starting ProtocolHandler ["http-nio-8080"]
2024-10-17 10:59:30 [restartedMain] INFO  o.s.b.w.e.tomcat.TomcatWebServer - Tomcat started on port 8080 (http) with context path '/'
2024-10-17 10:59:30 [restartedMain] INFO  s.org.arrupe.becas.BecasApplication - Started BecasApplication in 2.591 seconds (process running for 3.133)
2024-10-17 10:59:43 [http-nio-8080-exec-5] INFO  o.a.c.c.C.[Tomcat].[localhost].[/] - Initializing Spring DispatcherServlet 'dispatcherServlet'
2024-10-17 10:59:43 [http-nio-8080-exec-5] INFO  o.s.web.servlet.DispatcherServlet - Initializing Servlet 'dispatcherServlet'
2024-10-17 10:59:43 [http-nio-8080-exec-5] INFO  o.s.web.servlet.DispatcherServlet - Completed initialization in 0 ms
2024-10-17 10:59:43 [http-nio-8080-exec-5] DEBUG s.o.a.b.controller.LoginController - Mostrando página de login
2024-10-17 10:59:46 [http-nio-8080-exec-2] DEBUG s.o.a.b.controller.LoginController - Mostrando página de login
2024-10-17 10:59:47 [http-nio-8080-exec-8] DEBUG s.o.a.b.controller.LoginController - Mostrando página de login
2024-10-17 10:59:48 [http-nio-8080-exec-5] DEBUG s.o.a.b.controller.LoginController - Mostrando página de login
2024-10-17 10:59:48 [http-nio-8080-exec-4] DEBUG s.o.a.b.controller.LoginController - Mostrando página de login
2024-10-17 10:59:49 [http-nio-8080-exec-3] DEBUG s.o.a.b.controller.LoginController - Mostrando página de login
2024-10-17 10:59:50 [http-nio-8080-exec-10] DEBUG s.o.a.b.controller.LoginController - Mostrando página de login
2024-10-17 10:59:50 [http-nio-8080-exec-7] DEBUG s.o.a.b.controller.LoginController - Mostrando página de login
2024-10-17 10:59:51 [http-nio-8080-exec-6] DEBUG s.o.a.b.controller.LoginController - Mostrando página de login
2024-10-17 11:00:01 [http-nio-8080-exec-9] INFO  s.o.a.b.controller.LoginController - Procesando login para carnet: MR240002
2024-10-17 11:00:01 [http-nio-8080-exec-9] DEBUG s.o.a.b.controller.LoginController - URL de login: http://192.1.2.188:8081/signin
2024-10-17 11:00:01 [http-nio-8080-exec-9] DEBUG s.o.a.b.controller.LoginController - Enviando solicitud a la API para carnet: MR240002
2024-10-17 11:00:02 [http-nio-8080-exec-9] DEBUG s.o.a.b.controller.LoginController - Respuesta recibida desde API: Status: 200 OK, Body: {carnet=MR240002, rol=ESTUDIANTE, token=eyJhbGciOiJIUzUxMiJ9.eyJzdWIiOiJNUjI0MDAwMiIsImlhdCI6MTcyOTE4NDQwMiwiZXhwIjoxNzI5MTg2ODAyfQ.GamwOhESs3gjxZMG-QA0apar8F1L3D7omkmsm5nnChntBgdhr51cyqzEM-TvoY30jLXEFJ38X_zjvVCm6vnHGg}
2024-10-17 11:00:02 [http-nio-8080-exec-9] INFO  s.o.a.b.controller.LoginController - Login exitoso, carnet: MR240002, rol: ESTUDIANTE
2024-10-17 11:00:02 [http-nio-8080-exec-9] DEBUG s.o.a.b.controller.LoginController - Datos de usuario obtenidos para carnet: MR240002
2024-10-17 11:00:02 [http-nio-8080-exec-10] INFO  s.o.a.b.controller.LoginController - Accediendo al dashboard para el usuario con carnet: MR240002
2024-10-17 11:00:04 [http-nio-8080-exec-2] INFO  s.o.a.b.controller.LoginController - Sesión cerrada
2024-10-17 11:00:04 [http-nio-8080-exec-6] DEBUG s.o.a.b.controller.LoginController - Mostrando página de login
2024-10-17 11:00:43 [http-nio-8080-exec-1] DEBUG s.o.a.b.controller.LoginController - Mostrando página de login
2024-10-17 11:00:54 [http-nio-8080-exec-3] INFO  s.o.a.b.controller.LoginController - Procesando login para carnet: admin
2024-10-17 11:00:54 [http-nio-8080-exec-3] DEBUG s.o.a.b.controller.LoginController - URL de login: http://192.1.2.188:8081/signin
2024-10-17 11:00:54 [http-nio-8080-exec-3] DEBUG s.o.a.b.controller.LoginController - Enviando solicitud a la API para carnet: admin
2024-10-17 11:00:55 [http-nio-8080-exec-3] DEBUG s.o.a.b.controller.LoginController - Respuesta recibida desde API: Status: 200 OK, Body: {carnet=admin, rol=ADMIN, token=eyJhbGciOiJIUzUxMiJ9.eyJzdWIiOiJhZG1pbiIsImlhdCI6MTcyOTE4NDQ1NSwiZXhwIjoxNzI5MTg2ODU1fQ.KU6bJSNhfYUhE3viCLv-c1TB7ta9yxscR5fY6N5poljqg16GepCe0B_w9O6i2XVsKPZT-26FzT0kPwjhvJwR3g}
2024-10-17 11:00:55 [http-nio-8080-exec-3] INFO  s.o.a.b.controller.LoginController - Login exitoso, carnet: admin, rol: ADMIN
2024-10-17 11:00:55 [http-nio-8080-exec-3] DEBUG s.o.a.b.controller.LoginController - Datos de usuario obtenidos para carnet: admin
2024-10-17 11:00:55 [http-nio-8080-exec-8] INFO  s.o.a.b.controller.LoginController - Accediendo al dashboard admin para el usuario con carnet: admin
2024-10-17 11:01:04 [http-nio-8080-exec-2] INFO  s.o.a.b.controller.LoginController - Sesión cerrada
2024-10-17 11:01:04 [http-nio-8080-exec-6] DEBUG s.o.a.b.controller.LoginController - Mostrando página de login
2024-10-17 11:01:10 [http-nio-8080-exec-9] INFO  s.o.a.b.controller.LoginController - Sesión cerrada
2024-10-17 11:01:10 [http-nio-8080-exec-10] DEBUG s.o.a.b.controller.LoginController - Mostrando página de login
2024-10-17 11:06:16 [http-nio-8080-exec-2] INFO  s.o.a.b.controller.LoginController - Procesando login para carnet: admin
2024-10-17 11:06:16 [http-nio-8080-exec-2] DEBUG s.o.a.b.controller.LoginController - URL de login: http://192.1.2.188:8081/signin
2024-10-17 11:06:16 [http-nio-8080-exec-2] DEBUG s.o.a.b.controller.LoginController - Enviando solicitud a la API para carnet: admin
2024-10-17 11:06:16 [http-nio-8080-exec-2] DEBUG s.o.a.b.controller.LoginController - Respuesta recibida desde API: Status: 200 OK, Body: {carnet=admin, rol=ADMIN, token=eyJhbGciOiJIUzUxMiJ9.eyJzdWIiOiJhZG1pbiIsImlhdCI6MTcyOTE4NDc3NiwiZXhwIjoxNzI5MTg3MTc2fQ.fwNe9Bb_I4xmZVbHN3lVCHNOrUBhCdBsK3UAp74dIflES0Mqj8sLioxn_ZyUYI3vOiHt2cZss8d9AtT-2u5gwQ}
2024-10-17 11:06:16 [http-nio-8080-exec-2] INFO  s.o.a.b.controller.LoginController - Login exitoso, carnet: admin, rol: ADMIN
2024-10-17 11:06:16 [http-nio-8080-exec-2] DEBUG s.o.a.b.controller.LoginController - Datos de usuario obtenidos para carnet: admin
2024-10-17 11:06:16 [http-nio-8080-exec-6] INFO  s.o.a.b.controller.LoginController - Accediendo al dashboard admin para el usuario con carnet: admin
2024-10-17 11:09:15 [restartedMain] INFO  s.org.arrupe.becas.BecasApplication - Starting BecasApplication using Java 17.0.12 with PID 23628 (C:\Users\adria\OneDrive\Escritorio\Nuevas_Becas\Becas_FrontEnd\build\classes\java\main started by adria in C:\Users\adria\OneDrive\Escritorio\Nuevas_Becas\Becas_FrontEnd)
2024-10-17 11:09:15 [restartedMain] DEBUG s.org.arrupe.becas.BecasApplication - Running with Spring Boot v3.3.4, Spring v6.1.13
2024-10-17 11:09:15 [restartedMain] INFO  s.org.arrupe.becas.BecasApplication - No active profile set, falling back to 1 default profile: "default"
2024-10-17 11:09:15 [restartedMain] INFO  o.s.b.d.e.DevToolsPropertyDefaultsPostProcessor - Devtools property defaults active! Set 'spring.devtools.add-properties' to 'false' to disable
2024-10-17 11:09:15 [restartedMain] INFO  o.s.b.d.e.DevToolsPropertyDefaultsPostProcessor - For additional web related logging consider setting the 'logging.level.web' property to 'DEBUG'
2024-10-17 11:09:17 [restartedMain] INFO  o.s.b.w.e.tomcat.TomcatWebServer - Tomcat initialized with port 8080 (http)
2024-10-17 11:09:17 [restartedMain] INFO  o.a.coyote.http11.Http11NioProtocol - Initializing ProtocolHandler ["http-nio-8080"]
2024-10-17 11:09:17 [restartedMain] INFO  o.a.catalina.core.StandardService - Starting service [Tomcat]
2024-10-17 11:09:17 [restartedMain] INFO  o.a.catalina.core.StandardEngine - Starting Servlet engine: [Apache Tomcat/10.1.30]
2024-10-17 11:09:17 [restartedMain] INFO  o.a.c.c.C.[Tomcat].[localhost].[/] - Initializing Spring embedded WebApplicationContext
2024-10-17 11:09:17 [restartedMain] INFO  o.s.b.w.s.c.ServletWebServerApplicationContext - Root WebApplicationContext: initialization completed in 2049 ms
2024-10-17 11:09:17 [restartedMain] INFO  o.s.b.a.w.s.WelcomePageHandlerMapping - Adding welcome page template: index
2024-10-17 11:09:17 [restartedMain] WARN  o.t.templatemode.TemplateMode - [THYMELEAF][restartedMain] Unknown Template Mode 'HTML5'. Must be one of: 'HTML', 'XML', 'TEXT', 'JAVASCRIPT', 'CSS', 'RAW'. Using default Template Mode 'HTML'.
2024-10-17 11:09:18 [restartedMain] WARN  o.s.b.d.a.OptionalLiveReloadServer - Unable to start LiveReload server
2024-10-17 11:09:18 [restartedMain] INFO  o.a.coyote.http11.Http11NioProtocol - Starting ProtocolHandler ["http-nio-8080"]
2024-10-17 11:09:18 [restartedMain] INFO  o.s.b.w.e.tomcat.TomcatWebServer - Tomcat started on port 8080 (http) with context path '/'
2024-10-17 11:09:18 [restartedMain] INFO  s.org.arrupe.becas.BecasApplication - Started BecasApplication in 3.682 seconds (process running for 5.04)
2024-10-17 11:09:18 [http-nio-8080-exec-2] INFO  o.a.c.c.C.[Tomcat].[localhost].[/] - Initializing Spring DispatcherServlet 'dispatcherServlet'
2024-10-17 11:09:18 [http-nio-8080-exec-2] INFO  o.s.web.servlet.DispatcherServlet - Initializing Servlet 'dispatcherServlet'
2024-10-17 11:09:18 [http-nio-8080-exec-2] INFO  o.s.web.servlet.DispatcherServlet - Completed initialization in 3 ms
2024-10-17 11:09:18 [http-nio-8080-exec-2] DEBUG s.o.a.b.controller.LoginController - Accediendo a la página de inicio
2024-10-17 11:09:18 [http-nio-8080-exec-1] DEBUG s.o.a.b.controller.LoginController - Mostrando página de login
2024-10-17 11:09:24 [http-nio-8080-exec-5] INFO  s.o.a.b.controller.LoginController - Procesando login para carnet: admin
2024-10-17 11:09:24 [http-nio-8080-exec-5] DEBUG s.o.a.b.controller.LoginController - URL de login: http://192.1.2.188:8081/signin
2024-10-17 11:09:24 [http-nio-8080-exec-5] DEBUG s.o.a.b.controller.LoginController - Enviando solicitud a la API para carnet: admin
2024-10-17 11:09:24 [http-nio-8080-exec-5] DEBUG s.o.a.b.controller.LoginController - Respuesta recibida desde API: Status: 200 OK, Body: {carnet=admin, rol=ADMIN, token=eyJhbGciOiJIUzUxMiJ9.eyJzdWIiOiJhZG1pbiIsImlhdCI6MTcyOTE4NDk2NCwiZXhwIjoxNzI5MTg3MzY0fQ.I2OB7sbbB5ONEUh_NxbbBgaxpsPk9v6cmmLYR2RhAZgixiRy-FgAD29BFa2pV6Ki_UpdzVk244DuKHnep49Msw}
2024-10-17 11:09:24 [http-nio-8080-exec-5] INFO  s.o.a.b.controller.LoginController - Login exitoso, carnet: admin, rol: ADMIN
2024-10-17 11:09:24 [http-nio-8080-exec-5] DEBUG s.o.a.b.controller.LoginController - Datos de usuario obtenidos para carnet: admin
2024-10-17 11:09:24 [http-nio-8080-exec-6] INFO  s.o.a.b.controller.LoginController - Accediendo al dashboard admin para el usuario con carnet: admin
2024-10-17 11:10:46 [http-nio-8080-exec-7] INFO  s.o.a.b.controller.LoginController - Accediendo al dashboard admin para el usuario con carnet: admin
2024-10-17 11:10:50 [http-nio-8080-exec-4] INFO  s.o.a.b.controller.LoginController - Accediendo al dashboard admin para el usuario con carnet: admin
2024-10-17 11:13:55 [restartedMain] INFO  s.org.arrupe.becas.BecasApplication - Starting BecasApplication using Java 17.0.12 with PID 24184 (C:\Users\adria\OneDrive\Escritorio\Nuevas_Becas\Becas_FrontEnd\build\classes\java\main started by adria in C:\Users\adria\OneDrive\Escritorio\Nuevas_Becas\Becas_FrontEnd)
2024-10-17 11:13:55 [restartedMain] DEBUG s.org.arrupe.becas.BecasApplication - Running with Spring Boot v3.3.4, Spring v6.1.13
2024-10-17 11:13:55 [restartedMain] INFO  s.org.arrupe.becas.BecasApplication - No active profile set, falling back to 1 default profile: "default"
2024-10-17 11:13:55 [restartedMain] INFO  o.s.b.d.e.DevToolsPropertyDefaultsPostProcessor - Devtools property defaults active! Set 'spring.devtools.add-properties' to 'false' to disable
2024-10-17 11:13:55 [restartedMain] INFO  o.s.b.d.e.DevToolsPropertyDefaultsPostProcessor - For additional web related logging consider setting the 'logging.level.web' property to 'DEBUG'
2024-10-17 11:13:57 [restartedMain] INFO  o.s.b.w.e.tomcat.TomcatWebServer - Tomcat initialized with port 8080 (http)
2024-10-17 11:13:57 [restartedMain] INFO  o.a.coyote.http11.Http11NioProtocol - Initializing ProtocolHandler ["http-nio-8080"]
2024-10-17 11:13:57 [restartedMain] INFO  o.a.catalina.core.StandardService - Starting service [Tomcat]
2024-10-17 11:13:57 [restartedMain] INFO  o.a.catalina.core.StandardEngine - Starting Servlet engine: [Apache Tomcat/10.1.30]
2024-10-17 11:13:57 [restartedMain] INFO  o.a.c.c.C.[Tomcat].[localhost].[/] - Initializing Spring embedded WebApplicationContext
2024-10-17 11:13:57 [restartedMain] INFO  o.s.b.w.s.c.ServletWebServerApplicationContext - Root WebApplicationContext: initialization completed in 2500 ms
2024-10-17 11:13:58 [restartedMain] INFO  o.s.b.a.w.s.WelcomePageHandlerMapping - Adding welcome page template: index
2024-10-17 11:13:58 [restartedMain] WARN  o.t.templatemode.TemplateMode - [THYMELEAF][restartedMain] Unknown Template Mode 'HTML5'. Must be one of: 'HTML', 'XML', 'TEXT', 'JAVASCRIPT', 'CSS', 'RAW'. Using default Template Mode 'HTML'.
2024-10-17 11:13:58 [restartedMain] WARN  o.s.b.d.a.OptionalLiveReloadServer - Unable to start LiveReload server
2024-10-17 11:13:58 [restartedMain] INFO  o.a.coyote.http11.Http11NioProtocol - Starting ProtocolHandler ["http-nio-8080"]
2024-10-17 11:13:58 [restartedMain] INFO  o.s.b.w.e.tomcat.TomcatWebServer - Tomcat started on port 8080 (http) with context path '/'
2024-10-17 11:13:58 [restartedMain] INFO  s.org.arrupe.becas.BecasApplication - Started BecasApplication in 4.354 seconds (process running for 5.422)
2024-10-17 11:13:59 [http-nio-8080-exec-1] INFO  o.a.c.c.C.[Tomcat].[localhost].[/] - Initializing Spring DispatcherServlet 'dispatcherServlet'
2024-10-17 11:13:59 [http-nio-8080-exec-1] INFO  o.s.web.servlet.DispatcherServlet - Initializing Servlet 'dispatcherServlet'
2024-10-17 11:13:59 [http-nio-8080-exec-1] INFO  o.s.web.servlet.DispatcherServlet - Completed initialization in 1 ms
2024-10-17 11:13:59 [http-nio-8080-exec-1] DEBUG s.o.a.b.controller.LoginController - Accediendo a la página de inicio
2024-10-17 11:13:59 [http-nio-8080-exec-2] DEBUG s.o.a.b.controller.LoginController - Mostrando página de login
2024-10-17 11:14:06 [http-nio-8080-exec-6] INFO  s.o.a.b.controller.LoginController - Procesando login para carnet: admin
2024-10-17 11:14:06 [http-nio-8080-exec-6] DEBUG s.o.a.b.controller.LoginController - URL de login: http://192.1.2.188:8081/signin
2024-10-17 11:14:06 [http-nio-8080-exec-6] DEBUG s.o.a.b.controller.LoginController - Enviando solicitud a la API para carnet: admin
2024-10-17 11:14:06 [http-nio-8080-exec-6] DEBUG s.o.a.b.controller.LoginController - Respuesta recibida desde API: Status: 200 OK, Body: {carnet=admin, rol=ADMIN, token=eyJhbGciOiJIUzUxMiJ9.eyJzdWIiOiJhZG1pbiIsImlhdCI6MTcyOTE4NTI0NiwiZXhwIjoxNzI5MTg3NjQ2fQ.cSQdpajw9RKOnQMm0KmA3lDaqzkdUHI3xzpVRStHoBHhWELHpM2tPBIQGrF3DOdLUhatE00sqS4oTyH3sBNIeg}
2024-10-17 11:14:06 [http-nio-8080-exec-6] INFO  s.o.a.b.controller.LoginController - Login exitoso, carnet: admin, rol: ADMIN
2024-10-17 11:14:06 [http-nio-8080-exec-6] DEBUG s.o.a.b.controller.LoginController - Datos de usuario obtenidos para carnet: admin
2024-10-17 11:14:06 [http-nio-8080-exec-8] INFO  s.o.a.b.controller.LoginController - Accediendo al dashboard admin para el usuario con carnet: admin
2024-10-17 11:15:35 [http-nio-8080-exec-7] INFO  s.o.a.b.controller.LoginController - Accediendo al dashboard admin para el usuario con carnet: admin
2024-10-17 11:16:16 [restartedMain] INFO  s.org.arrupe.becas.BecasApplication - Starting BecasApplication using Java 17.0.12 with PID 14040 (C:\Users\adria\OneDrive\Escritorio\Nuevas_Becas\Becas_FrontEnd\build\classes\java\main started by adria in C:\Users\adria\OneDrive\Escritorio\Nuevas_Becas\Becas_FrontEnd)
2024-10-17 11:16:16 [restartedMain] DEBUG s.org.arrupe.becas.BecasApplication - Running with Spring Boot v3.3.4, Spring v6.1.13
2024-10-17 11:16:16 [restartedMain] INFO  s.org.arrupe.becas.BecasApplication - No active profile set, falling back to 1 default profile: "default"
2024-10-17 11:16:16 [restartedMain] INFO  o.s.b.d.e.DevToolsPropertyDefaultsPostProcessor - Devtools property defaults active! Set 'spring.devtools.add-properties' to 'false' to disable
2024-10-17 11:16:16 [restartedMain] INFO  o.s.b.d.e.DevToolsPropertyDefaultsPostProcessor - For additional web related logging consider setting the 'logging.level.web' property to 'DEBUG'
2024-10-17 11:16:17 [restartedMain] INFO  o.s.b.w.e.tomcat.TomcatWebServer - Tomcat initialized with port 8080 (http)
2024-10-17 11:16:17 [restartedMain] INFO  o.a.coyote.http11.Http11NioProtocol - Initializing ProtocolHandler ["http-nio-8080"]
2024-10-17 11:16:17 [restartedMain] INFO  o.a.catalina.core.StandardService - Starting service [Tomcat]
2024-10-17 11:16:17 [restartedMain] INFO  o.a.catalina.core.StandardEngine - Starting Servlet engine: [Apache Tomcat/10.1.30]
2024-10-17 11:16:17 [restartedMain] INFO  o.a.c.c.C.[Tomcat].[localhost].[/] - Initializing Spring embedded WebApplicationContext
2024-10-17 11:16:17 [restartedMain] INFO  o.s.b.w.s.c.ServletWebServerApplicationContext - Root WebApplicationContext: initialization completed in 1069 ms
2024-10-17 11:16:18 [restartedMain] INFO  o.s.b.a.w.s.WelcomePageHandlerMapping - Adding welcome page template: index
2024-10-17 11:16:18 [restartedMain] WARN  o.t.templatemode.TemplateMode - [THYMELEAF][restartedMain] Unknown Template Mode 'HTML5'. Must be one of: 'HTML', 'XML', 'TEXT', 'JAVASCRIPT', 'CSS', 'RAW'. Using default Template Mode 'HTML'.
2024-10-17 11:16:18 [restartedMain] WARN  o.s.b.d.a.OptionalLiveReloadServer - Unable to start LiveReload server
2024-10-17 11:16:18 [restartedMain] INFO  o.a.coyote.http11.Http11NioProtocol - Starting ProtocolHandler ["http-nio-8080"]
2024-10-17 11:16:18 [restartedMain] INFO  o.s.b.w.e.tomcat.TomcatWebServer - Tomcat started on port 8080 (http) with context path '/'
2024-10-17 11:16:18 [restartedMain] INFO  s.org.arrupe.becas.BecasApplication - Started BecasApplication in 2.09 seconds (process running for 2.484)
2024-10-17 11:16:24 [http-nio-8080-exec-1] INFO  o.a.c.c.C.[Tomcat].[localhost].[/] - Initializing Spring DispatcherServlet 'dispatcherServlet'
2024-10-17 11:16:24 [http-nio-8080-exec-1] INFO  o.s.web.servlet.DispatcherServlet - Initializing Servlet 'dispatcherServlet'
2024-10-17 11:16:24 [http-nio-8080-exec-1] INFO  o.s.web.servlet.DispatcherServlet - Completed initialization in 1 ms
2024-10-17 11:16:24 [http-nio-8080-exec-1] INFO  s.o.a.b.controller.LoginController - Sesión cerrada
2024-10-17 11:16:24 [http-nio-8080-exec-3] DEBUG s.o.a.b.controller.LoginController - Mostrando página de login
2024-10-17 11:16:30 [http-nio-8080-exec-7] INFO  s.o.a.b.controller.LoginController - Procesando login para carnet: admin
2024-10-17 11:16:30 [http-nio-8080-exec-7] DEBUG s.o.a.b.controller.LoginController - URL de login: http://192.1.2.188:8081/signin
2024-10-17 11:16:30 [http-nio-8080-exec-7] DEBUG s.o.a.b.controller.LoginController - Enviando solicitud a la API para carnet: admin
2024-10-17 11:16:30 [http-nio-8080-exec-7] DEBUG s.o.a.b.controller.LoginController - Respuesta recibida desde API: Status: 200 OK, Body: {carnet=admin, rol=ADMIN, token=eyJhbGciOiJIUzUxMiJ9.eyJzdWIiOiJhZG1pbiIsImlhdCI6MTcyOTE4NTM5MCwiZXhwIjoxNzI5MTg3NzkwfQ.5-WoujGjK-WQTTfA4GsZbl-J4L2j1aIe3WbHNnLC_0UOEhIcmj0j6FbHr0BiVopjObLqhqX9jKW08cHtsixo2g}
2024-10-17 11:16:30 [http-nio-8080-exec-7] INFO  s.o.a.b.controller.LoginController - Login exitoso, carnet: admin, rol: ADMIN
2024-10-17 11:16:30 [http-nio-8080-exec-7] DEBUG s.o.a.b.controller.LoginController - Datos de usuario obtenidos para carnet: admin
2024-10-17 11:16:30 [http-nio-8080-exec-8] INFO  s.o.a.b.controller.LoginController - Accediendo al dashboard admin para el usuario con carnet: admin
2024-10-17 11:30:41 [http-nio-8080-exec-7] DEBUG s.o.a.b.controller.LoginController - Accediendo a la página de inicio
2024-10-17 11:30:41 [http-nio-8080-exec-7] INFO  s.o.a.b.controller.LoginController - Usuario ya autenticado con carnet: admin, redirigiendo al dashboard
2024-10-17 11:30:41 [http-nio-8080-exec-8] INFO  s.o.a.b.controller.LoginController - Accediendo al dashboard para el usuario con carnet: admin
2024-10-17 11:52:37 [restartedMain] INFO  s.org.arrupe.becas.BecasApplication - Starting BecasApplication using Java 17.0.12 with PID 5680 (C:\Users\adria\OneDrive\Escritorio\Nuevas_Becas\Becas_FrontEnd\build\classes\java\main started by adria in C:\Users\adria\OneDrive\Escritorio\Nuevas_Becas\Becas_FrontEnd)
2024-10-17 11:52:37 [restartedMain] DEBUG s.org.arrupe.becas.BecasApplication - Running with Spring Boot v3.3.4, Spring v6.1.13
2024-10-17 11:52:37 [restartedMain] INFO  s.org.arrupe.becas.BecasApplication - No active profile set, falling back to 1 default profile: "default"
2024-10-17 11:52:37 [restartedMain] INFO  o.s.b.d.e.DevToolsPropertyDefaultsPostProcessor - Devtools property defaults active! Set 'spring.devtools.add-properties' to 'false' to disable
2024-10-17 11:52:37 [restartedMain] INFO  o.s.b.d.e.DevToolsPropertyDefaultsPostProcessor - For additional web related logging consider setting the 'logging.level.web' property to 'DEBUG'
2024-10-17 11:52:38 [restartedMain] INFO  o.s.b.w.e.tomcat.TomcatWebServer - Tomcat initialized with port 8080 (http)
2024-10-17 11:52:38 [restartedMain] INFO  o.a.coyote.http11.Http11NioProtocol - Initializing ProtocolHandler ["http-nio-8080"]
2024-10-17 11:52:38 [restartedMain] INFO  o.a.catalina.core.StandardService - Starting service [Tomcat]
2024-10-17 11:52:38 [restartedMain] INFO  o.a.catalina.core.StandardEngine - Starting Servlet engine: [Apache Tomcat/10.1.30]
2024-10-17 11:52:38 [restartedMain] INFO  o.a.c.c.C.[Tomcat].[localhost].[/] - Initializing Spring embedded WebApplicationContext
2024-10-17 11:52:38 [restartedMain] INFO  o.s.b.w.s.c.ServletWebServerApplicationContext - Root WebApplicationContext: initialization completed in 1313 ms
2024-10-17 11:52:38 [restartedMain] INFO  o.s.b.a.w.s.WelcomePageHandlerMapping - Adding welcome page template: index
2024-10-17 11:52:38 [restartedMain] WARN  o.t.templatemode.TemplateMode - [THYMELEAF][restartedMain] Unknown Template Mode 'HTML5'. Must be one of: 'HTML', 'XML', 'TEXT', 'JAVASCRIPT', 'CSS', 'RAW'. Using default Template Mode 'HTML'.
2024-10-17 11:52:39 [restartedMain] WARN  o.s.b.d.a.OptionalLiveReloadServer - Unable to start LiveReload server
2024-10-17 11:52:39 [restartedMain] INFO  o.a.coyote.http11.Http11NioProtocol - Starting ProtocolHandler ["http-nio-8080"]
2024-10-17 11:52:39 [restartedMain] INFO  o.s.b.w.e.tomcat.TomcatWebServer - Tomcat started on port 8080 (http) with context path '/'
2024-10-17 11:52:39 [restartedMain] INFO  s.org.arrupe.becas.BecasApplication - Started BecasApplication in 2.564 seconds (process running for 3.023)
2024-10-17 11:52:48 [http-nio-8080-exec-5] INFO  o.a.c.c.C.[Tomcat].[localhost].[/] - Initializing Spring DispatcherServlet 'dispatcherServlet'
2024-10-17 11:52:48 [http-nio-8080-exec-5] INFO  o.s.web.servlet.DispatcherServlet - Initializing Servlet 'dispatcherServlet'
2024-10-17 11:52:48 [http-nio-8080-exec-5] INFO  o.s.web.servlet.DispatcherServlet - Completed initialization in 1 ms
2024-10-17 11:52:48 [http-nio-8080-exec-5] DEBUG s.o.a.b.controller.LoginController - Accediendo a la página de inicio
2024-10-17 11:52:48 [http-nio-8080-exec-1] DEBUG s.o.a.b.controller.LoginController - Mostrando página de login
2024-10-17 11:53:05 [http-nio-8080-exec-7] INFO  s.o.a.b.controller.LoginController - Procesando login para carnet: admin
2024-10-17 11:53:05 [http-nio-8080-exec-7] DEBUG s.o.a.b.controller.LoginController - URL de login: http://192.1.2.188:8081/signin
2024-10-17 11:53:05 [http-nio-8080-exec-7] DEBUG s.o.a.b.controller.LoginController - Enviando solicitud a la API para carnet: admin
2024-10-17 11:53:06 [http-nio-8080-exec-7] DEBUG s.o.a.b.controller.LoginController - Respuesta recibida desde API: Status: 200 OK, Body: {carnet=admin, rol=ADMIN, token=eyJhbGciOiJIUzUxMiJ9.eyJzdWIiOiJhZG1pbiIsImlhdCI6MTcyOTE4NzU4NiwiZXhwIjoxNzI5MTg5OTg2fQ.tUDP7dw_NX-C_c1QvKAwimaMutIN1dr50XW2mwOAi7vl6-65OrdZL89nu7wnqWRXF1hOhYkFwVp55acqA59TLQ}
2024-10-17 11:53:06 [http-nio-8080-exec-7] INFO  s.o.a.b.controller.LoginController - Login exitoso, carnet: admin, rol: ADMIN
2024-10-17 11:53:06 [http-nio-8080-exec-7] DEBUG s.o.a.b.controller.LoginController - Datos de usuario obtenidos para carnet: admin
2024-10-17 11:53:06 [http-nio-8080-exec-4] INFO  s.o.a.b.controller.LoginController - Accediendo al dashboard admin para el usuario con carnet: admin
2024-10-17 11:59:09 [http-nio-8080-exec-10] DEBUG s.o.a.b.controller.LoginController - Accediendo a la página de inicio
2024-10-17 11:59:09 [http-nio-8080-exec-10] INFO  s.o.a.b.controller.LoginController - Usuario ya autenticado con carnet: admin, redirigiendo al dashboard
2024-10-17 11:59:09 [http-nio-8080-exec-5] INFO  s.o.a.b.controller.LoginController - Accediendo al dashboard para el usuario con carnet: admin
2024-10-17 11:59:12 [http-nio-8080-exec-4] INFO  s.o.a.b.controller.LoginController - Sesión cerrada
2024-10-17 11:59:12 [http-nio-8080-exec-10] DEBUG s.o.a.b.controller.LoginController - Mostrando página de login
2024-10-17 11:59:18 [http-nio-8080-exec-8] INFO  s.o.a.b.controller.LoginController - Procesando login para carnet: admin
2024-10-17 11:59:18 [http-nio-8080-exec-8] DEBUG s.o.a.b.controller.LoginController - URL de login: http://192.1.2.188:8081/signin
2024-10-17 11:59:18 [http-nio-8080-exec-8] DEBUG s.o.a.b.controller.LoginController - Enviando solicitud a la API para carnet: admin
2024-10-17 11:59:18 [http-nio-8080-exec-8] DEBUG s.o.a.b.controller.LoginController - Respuesta recibida desde API: Status: 200 OK, Body: {token=eyJhbGciOiJIUzUxMiJ9.eyJzdWIiOiJhZG1pbiIsImlhdCI6MTcyOTE4Nzk1OCwiZXhwIjoxNzI5MTkwMzU4fQ.DPye1bNu8iANbg0A9XKCGIWcQ0Y-CqGjPAQAZIybhwU_JyLKhsLIrXhdCTn2_tnE4-YlLdoQW0XnOwcifg-3Gg, rol=ADMIN, carnet=admin}
2024-10-17 11:59:18 [http-nio-8080-exec-8] INFO  s.o.a.b.controller.LoginController - Login exitoso, carnet: admin, rol: ADMIN
2024-10-17 11:59:18 [http-nio-8080-exec-8] DEBUG s.o.a.b.controller.LoginController - Datos de usuario obtenidos para carnet: admin
2024-10-17 11:59:18 [http-nio-8080-exec-1] INFO  s.o.a.b.controller.LoginController - Accediendo al dashboard admin para el usuario con carnet: admin
2024-10-17 12:03:24 [http-nio-8080-exec-3] INFO  s.o.a.b.controller.LoginController - Accediendo al dashboard admin para el usuario con carnet: admin
2024-10-17 14:17:15 [restartedMain] INFO  s.org.arrupe.becas.BecasApplication - Starting BecasApplication using Java 17.0.12 with PID 8612 (C:\Users\adria\OneDrive\Escritorio\Nuevas_Becas\Becas_FrontEnd\build\classes\java\main started by adria in C:\Users\adria\OneDrive\Escritorio\Nuevas_Becas\Becas_FrontEnd)
2024-10-17 14:17:15 [restartedMain] DEBUG s.org.arrupe.becas.BecasApplication - Running with Spring Boot v3.3.4, Spring v6.1.13
2024-10-17 14:17:15 [restartedMain] INFO  s.org.arrupe.becas.BecasApplication - No active profile set, falling back to 1 default profile: "default"
2024-10-17 14:17:15 [restartedMain] INFO  o.s.b.d.e.DevToolsPropertyDefaultsPostProcessor - Devtools property defaults active! Set 'spring.devtools.add-properties' to 'false' to disable
2024-10-17 14:17:15 [restartedMain] INFO  o.s.b.d.e.DevToolsPropertyDefaultsPostProcessor - For additional web related logging consider setting the 'logging.level.web' property to 'DEBUG'
2024-10-17 14:17:16 [restartedMain] INFO  o.s.b.w.e.tomcat.TomcatWebServer - Tomcat initialized with port 8080 (http)
2024-10-17 14:17:16 [restartedMain] INFO  o.a.coyote.http11.Http11NioProtocol - Initializing ProtocolHandler ["http-nio-8080"]
2024-10-17 14:17:16 [restartedMain] INFO  o.a.catalina.core.StandardService - Starting service [Tomcat]
2024-10-17 14:17:16 [restartedMain] INFO  o.a.catalina.core.StandardEngine - Starting Servlet engine: [Apache Tomcat/10.1.30]
2024-10-17 14:17:17 [restartedMain] INFO  o.a.c.c.C.[Tomcat].[localhost].[/] - Initializing Spring embedded WebApplicationContext
2024-10-17 14:17:17 [restartedMain] INFO  o.s.b.w.s.c.ServletWebServerApplicationContext - Root WebApplicationContext: initialization completed in 2068 ms
2024-10-17 14:17:17 [restartedMain] INFO  o.s.b.a.w.s.WelcomePageHandlerMapping - Adding welcome page template: index
2024-10-17 14:17:18 [restartedMain] WARN  o.t.templatemode.TemplateMode - [THYMELEAF][restartedMain] Unknown Template Mode 'HTML5'. Must be one of: 'HTML', 'XML', 'TEXT', 'JAVASCRIPT', 'CSS', 'RAW'. Using default Template Mode 'HTML'.
2024-10-17 14:17:18 [restartedMain] WARN  o.s.b.d.a.OptionalLiveReloadServer - Unable to start LiveReload server
2024-10-17 14:17:18 [restartedMain] INFO  o.a.coyote.http11.Http11NioProtocol - Starting ProtocolHandler ["http-nio-8080"]
2024-10-17 14:17:18 [restartedMain] INFO  o.s.b.w.e.tomcat.TomcatWebServer - Tomcat started on port 8080 (http) with context path '/'
2024-10-17 14:17:18 [restartedMain] INFO  s.org.arrupe.becas.BecasApplication - Started BecasApplication in 3.99 seconds (process running for 4.592)
2024-10-17 14:17:18 [http-nio-8080-exec-2] INFO  o.a.c.c.C.[Tomcat].[localhost].[/] - Initializing Spring DispatcherServlet 'dispatcherServlet'
2024-10-17 14:17:18 [http-nio-8080-exec-2] INFO  o.s.web.servlet.DispatcherServlet - Initializing Servlet 'dispatcherServlet'
2024-10-17 14:17:18 [http-nio-8080-exec-2] INFO  o.s.web.servlet.DispatcherServlet - Completed initialization in 1 ms
2024-10-17 14:17:18 [http-nio-8080-exec-2] INFO  s.o.a.b.controller.LoginController - Sesión cerrada
2024-10-17 14:17:18 [http-nio-8080-exec-1] DEBUG s.o.a.b.controller.LoginController - Mostrando página de login
2024-10-17 14:17:20 [http-nio-8080-exec-5] DEBUG s.o.a.b.controller.LoginController - Mostrando página de login
2024-10-17 14:17:25 [http-nio-8080-exec-2] INFO  s.o.a.b.controller.LoginController - Procesando login para carnet: PG241350
2024-10-17 14:17:25 [http-nio-8080-exec-2] DEBUG s.o.a.b.controller.LoginController - URL de login: http://192.1.2.188:8081/signin
2024-10-17 14:17:25 [http-nio-8080-exec-2] DEBUG s.o.a.b.controller.LoginController - Enviando solicitud a la API para carnet: PG241350
2024-10-17 14:17:27 [http-nio-8080-exec-2] ERROR s.o.a.b.controller.LoginController - Error HTTP al procesar login para carnet: PG241350. Estado: 401 UNAUTHORIZED, Respuesta: 
org.springframework.web.client.HttpClientErrorException$Unauthorized: 401 : [no body]
	at org.springframework.web.client.HttpClientErrorException.create(HttpClientErrorException.java:106)
	at org.springframework.web.client.DefaultResponseErrorHandler.handleError(DefaultResponseErrorHandler.java:183)
	at org.springframework.web.client.DefaultResponseErrorHandler.handleError(DefaultResponseErrorHandler.java:137)
	at org.springframework.web.client.ResponseErrorHandler.handleError(ResponseErrorHandler.java:63)
	at org.springframework.web.client.RestTemplate.handleResponse(RestTemplate.java:942)
	at org.springframework.web.client.RestTemplate.doExecute(RestTemplate.java:891)
	at org.springframework.web.client.RestTemplate.execute(RestTemplate.java:790)
	at org.springframework.web.client.RestTemplate.exchange(RestTemplate.java:672)
	at sv.org.arrupe.becas.controller.LoginController.procesarLogin(LoginController.java:65)
	at java.base/jdk.internal.reflect.NativeMethodAccessorImpl.invoke0(Native Method)
	at java.base/jdk.internal.reflect.NativeMethodAccessorImpl.invoke(NativeMethodAccessorImpl.java:77)
	at java.base/jdk.internal.reflect.DelegatingMethodAccessorImpl.invoke(DelegatingMethodAccessorImpl.java:43)
	at java.base/java.lang.reflect.Method.invoke(Method.java:569)
	at org.springframework.web.method.support.InvocableHandlerMethod.doInvoke(InvocableHandlerMethod.java:255)
	at org.springframework.web.method.support.InvocableHandlerMethod.invokeForRequest(InvocableHandlerMethod.java:188)
	at org.springframework.web.servlet.mvc.method.annotation.ServletInvocableHandlerMethod.invokeAndHandle(ServletInvocableHandlerMethod.java:118)
	at org.springframework.web.servlet.mvc.method.annotation.RequestMappingHandlerAdapter.invokeHandlerMethod(RequestMappingHandlerAdapter.java:926)
	at org.springframework.web.servlet.mvc.method.annotation.RequestMappingHandlerAdapter.handleInternal(RequestMappingHandlerAdapter.java:831)
	at org.springframework.web.servlet.mvc.method.AbstractHandlerMethodAdapter.handle(AbstractHandlerMethodAdapter.java:87)
	at org.springframework.web.servlet.DispatcherServlet.doDispatch(DispatcherServlet.java:1089)
	at org.springframework.web.servlet.DispatcherServlet.doService(DispatcherServlet.java:979)
	at org.springframework.web.servlet.FrameworkServlet.processRequest(FrameworkServlet.java:1014)
	at org.springframework.web.servlet.FrameworkServlet.doPost(FrameworkServlet.java:914)
	at jakarta.servlet.http.HttpServlet.service(HttpServlet.java:590)
	at org.springframework.web.servlet.FrameworkServlet.service(FrameworkServlet.java:885)
	at jakarta.servlet.http.HttpServlet.service(HttpServlet.java:658)
	at org.apache.catalina.core.ApplicationFilterChain.internalDoFilter(ApplicationFilterChain.java:195)
	at org.apache.catalina.core.ApplicationFilterChain.doFilter(ApplicationFilterChain.java:140)
	at org.apache.tomcat.websocket.server.WsFilter.doFilter(WsFilter.java:51)
	at org.apache.catalina.core.ApplicationFilterChain.internalDoFilter(ApplicationFilterChain.java:164)
	at org.apache.catalina.core.ApplicationFilterChain.doFilter(ApplicationFilterChain.java:140)
	at org.springframework.web.filter.RequestContextFilter.doFilterInternal(RequestContextFilter.java:100)
	at org.springframework.web.filter.OncePerRequestFilter.doFilter(OncePerRequestFilter.java:116)
	at org.apache.catalina.core.ApplicationFilterChain.internalDoFilter(ApplicationFilterChain.java:164)
	at org.apache.catalina.core.ApplicationFilterChain.doFilter(ApplicationFilterChain.java:140)
	at org.springframework.web.filter.FormContentFilter.doFilterInternal(FormContentFilter.java:93)
	at org.springframework.web.filter.OncePerRequestFilter.doFilter(OncePerRequestFilter.java:116)
	at org.apache.catalina.core.ApplicationFilterChain.internalDoFilter(ApplicationFilterChain.java:164)
	at org.apache.catalina.core.ApplicationFilterChain.doFilter(ApplicationFilterChain.java:140)
	at org.springframework.web.filter.CharacterEncodingFilter.doFilterInternal(CharacterEncodingFilter.java:201)
	at org.springframework.web.filter.OncePerRequestFilter.doFilter(OncePerRequestFilter.java:116)
	at org.apache.catalina.core.ApplicationFilterChain.internalDoFilter(ApplicationFilterChain.java:164)
	at org.apache.catalina.core.ApplicationFilterChain.doFilter(ApplicationFilterChain.java:140)
	at org.apache.catalina.core.StandardWrapperValve.invoke(StandardWrapperValve.java:167)
	at org.apache.catalina.core.StandardContextValve.invoke(StandardContextValve.java:90)
	at org.apache.catalina.authenticator.AuthenticatorBase.invoke(AuthenticatorBase.java:483)
	at org.apache.catalina.core.StandardHostValve.invoke(StandardHostValve.java:115)
	at org.apache.catalina.valves.ErrorReportValve.invoke(ErrorReportValve.java:93)
	at org.apache.catalina.core.StandardEngineValve.invoke(StandardEngineValve.java:74)
	at org.apache.catalina.connector.CoyoteAdapter.service(CoyoteAdapter.java:344)
	at org.apache.coyote.http11.Http11Processor.service(Http11Processor.java:384)
	at org.apache.coyote.AbstractProcessorLight.process(AbstractProcessorLight.java:63)
	at org.apache.coyote.AbstractProtocol$ConnectionHandler.process(AbstractProtocol.java:905)
	at org.apache.tomcat.util.net.NioEndpoint$SocketProcessor.doRun(NioEndpoint.java:1741)
	at org.apache.tomcat.util.net.SocketProcessorBase.run(SocketProcessorBase.java:52)
	at org.apache.tomcat.util.threads.ThreadPoolExecutor.runWorker(ThreadPoolExecutor.java:1190)
	at org.apache.tomcat.util.threads.ThreadPoolExecutor$Worker.run(ThreadPoolExecutor.java:659)
	at org.apache.tomcat.util.threads.TaskThread$WrappingRunnable.run(TaskThread.java:63)
	at java.base/java.lang.Thread.run(Thread.java:840)
2024-10-17 14:17:27 [http-nio-8080-exec-1] DEBUG s.o.a.b.controller.LoginController - Mostrando página de login
2024-10-17 14:17:48 [http-nio-8080-exec-7] INFO  s.o.a.b.controller.LoginController - Procesando login para carnet: MR240002
2024-10-17 14:17:48 [http-nio-8080-exec-7] DEBUG s.o.a.b.controller.LoginController - URL de login: http://192.1.2.188:8081/signin
2024-10-17 14:17:48 [http-nio-8080-exec-7] DEBUG s.o.a.b.controller.LoginController - Enviando solicitud a la API para carnet: MR240002
2024-10-17 14:17:49 [http-nio-8080-exec-7] DEBUG s.o.a.b.controller.LoginController - Respuesta recibida desde API: Status: 200 OK, Body: {token=eyJhbGciOiJIUzUxMiJ9.eyJzdWIiOiJNUjI0MDAwMiIsImlhdCI6MTcyOTE5NjI2OSwiZXhwIjoxNzI5MTk4NjY5fQ.095841xbtjTF5mhJ6Kty0PsMRzgiyn2cLmQarpph_tIkcRgcc6CzyzGO6FX1roITo4eudux-BqiUBOxHZyrO8g, rol=ESTUDIANTE, carnet=MR240002}
2024-10-17 14:17:49 [http-nio-8080-exec-7] INFO  s.o.a.b.controller.LoginController - Login exitoso, carnet: MR240002, rol: ESTUDIANTE
2024-10-17 14:17:49 [http-nio-8080-exec-7] DEBUG s.o.a.b.controller.LoginController - Datos de usuario obtenidos para carnet: MR240002
2024-10-17 14:17:49 [http-nio-8080-exec-9] INFO  s.o.a.b.controller.LoginController - Accediendo al dashboard para el usuario con carnet: MR240002
2024-10-17 15:36:56 [restartedMain] INFO  s.org.arrupe.becas.BecasApplication - Starting BecasApplication using Java 17.0.12 with PID 5408 (C:\Users\adria\OneDrive\Escritorio\Nuevas_Becas\Becas_FrontEnd\build\classes\java\main started by adria in C:\Users\adria\OneDrive\Escritorio\Nuevas_Becas\Becas_FrontEnd)
2024-10-17 15:36:56 [restartedMain] DEBUG s.org.arrupe.becas.BecasApplication - Running with Spring Boot v3.3.4, Spring v6.1.13
2024-10-17 15:36:56 [restartedMain] INFO  s.org.arrupe.becas.BecasApplication - No active profile set, falling back to 1 default profile: "default"
2024-10-17 15:36:56 [restartedMain] INFO  o.s.b.d.e.DevToolsPropertyDefaultsPostProcessor - Devtools property defaults active! Set 'spring.devtools.add-properties' to 'false' to disable
2024-10-17 15:36:56 [restartedMain] INFO  o.s.b.d.e.DevToolsPropertyDefaultsPostProcessor - For additional web related logging consider setting the 'logging.level.web' property to 'DEBUG'
2024-10-17 15:36:58 [restartedMain] INFO  o.s.b.w.e.tomcat.TomcatWebServer - Tomcat initialized with port 8080 (http)
2024-10-17 15:36:58 [restartedMain] INFO  o.a.coyote.http11.Http11NioProtocol - Initializing ProtocolHandler ["http-nio-8080"]
2024-10-17 15:36:58 [restartedMain] INFO  o.a.catalina.core.StandardService - Starting service [Tomcat]
2024-10-17 15:36:58 [restartedMain] INFO  o.a.catalina.core.StandardEngine - Starting Servlet engine: [Apache Tomcat/10.1.30]
2024-10-17 15:36:58 [restartedMain] INFO  o.a.c.c.C.[Tomcat].[localhost].[/] - Initializing Spring embedded WebApplicationContext
2024-10-17 15:36:58 [restartedMain] INFO  o.s.b.w.s.c.ServletWebServerApplicationContext - Root WebApplicationContext: initialization completed in 1351 ms
2024-10-17 15:36:58 [restartedMain] INFO  o.s.b.a.w.s.WelcomePageHandlerMapping - Adding welcome page template: index
2024-10-17 15:36:58 [restartedMain] WARN  o.t.templatemode.TemplateMode - [THYMELEAF][restartedMain] Unknown Template Mode 'HTML5'. Must be one of: 'HTML', 'XML', 'TEXT', 'JAVASCRIPT', 'CSS', 'RAW'. Using default Template Mode 'HTML'.
2024-10-17 15:36:58 [restartedMain] WARN  o.s.b.d.a.OptionalLiveReloadServer - Unable to start LiveReload server
2024-10-17 15:36:58 [restartedMain] INFO  o.a.coyote.http11.Http11NioProtocol - Starting ProtocolHandler ["http-nio-8080"]
2024-10-17 15:36:58 [restartedMain] INFO  o.s.b.w.e.tomcat.TomcatWebServer - Tomcat started on port 8080 (http) with context path '/'
2024-10-17 15:36:58 [restartedMain] INFO  s.org.arrupe.becas.BecasApplication - Started BecasApplication in 2.62 seconds (process running for 3.065)
2024-10-17 15:37:35 [http-nio-8080-exec-1] INFO  o.a.c.c.C.[Tomcat].[localhost].[/] - Initializing Spring DispatcherServlet 'dispatcherServlet'
2024-10-17 15:37:35 [http-nio-8080-exec-1] INFO  o.s.web.servlet.DispatcherServlet - Initializing Servlet 'dispatcherServlet'
2024-10-17 15:37:35 [http-nio-8080-exec-1] INFO  o.s.web.servlet.DispatcherServlet - Completed initialization in 0 ms
2024-10-17 15:37:35 [http-nio-8080-exec-1] DEBUG s.o.a.b.controller.LoginController - Accediendo a la página de inicio
2024-10-17 15:37:35 [http-nio-8080-exec-3] DEBUG s.o.a.b.controller.LoginController - Mostrando página de login
2024-10-17 15:37:51 [http-nio-8080-exec-7] INFO  s.o.a.b.controller.LoginController - Procesando login para carnet: admin
2024-10-17 15:37:51 [http-nio-8080-exec-7] DEBUG s.o.a.b.controller.LoginController - URL de login: http://192.1.2.188:8081/signin
2024-10-17 15:37:51 [http-nio-8080-exec-7] DEBUG s.o.a.b.controller.LoginController - Enviando solicitud a la API para carnet: admin
2024-10-17 15:37:51 [http-nio-8080-exec-7] DEBUG s.o.a.b.controller.LoginController - Respuesta recibida desde API: Status: 200 OK, Body: {token=eyJhbGciOiJIUzUxMiJ9.eyJzdWIiOiJhZG1pbiIsImlhdCI6MTcyOTIwMTA3MSwiZXhwIjoxNzI5MjAzNDcxfQ.FEm50I-QN7N-lbwC1G8HEVmzGHyVomVyzZkzYHHaAbYAzCkP6wOyvugbz6Vm7U9hQQdfbJqvC0XPbs4gcXxzsA, rol=ADMIN, carnet=admin}
2024-10-17 15:37:51 [http-nio-8080-exec-7] INFO  s.o.a.b.controller.LoginController - Login exitoso, carnet: admin, rol: ADMIN
2024-10-17 15:37:51 [http-nio-8080-exec-7] DEBUG s.o.a.b.controller.LoginController - Datos de usuario obtenidos para carnet: admin
2024-10-17 15:37:51 [http-nio-8080-exec-8] INFO  s.o.a.b.controller.LoginController - Accediendo al dashboard admin para el usuario con carnet: admin
2024-10-17 15:39:34 [restartedMain] INFO  s.org.arrupe.becas.BecasApplication - Starting BecasApplication using Java 17.0.12 with PID 8484 (C:\Users\adria\OneDrive\Escritorio\Nuevas_Becas\Becas_FrontEnd\build\classes\java\main started by adria in C:\Users\adria\OneDrive\Escritorio\Nuevas_Becas\Becas_FrontEnd)
2024-10-17 15:39:34 [restartedMain] DEBUG s.org.arrupe.becas.BecasApplication - Running with Spring Boot v3.3.4, Spring v6.1.13
2024-10-17 15:39:34 [restartedMain] INFO  s.org.arrupe.becas.BecasApplication - No active profile set, falling back to 1 default profile: "default"
2024-10-17 15:39:34 [restartedMain] INFO  o.s.b.d.e.DevToolsPropertyDefaultsPostProcessor - Devtools property defaults active! Set 'spring.devtools.add-properties' to 'false' to disable
2024-10-17 15:39:34 [restartedMain] INFO  o.s.b.d.e.DevToolsPropertyDefaultsPostProcessor - For additional web related logging consider setting the 'logging.level.web' property to 'DEBUG'
2024-10-17 15:39:35 [restartedMain] INFO  o.s.b.w.e.tomcat.TomcatWebServer - Tomcat initialized with port 8080 (http)
2024-10-17 15:39:35 [restartedMain] INFO  o.a.coyote.http11.Http11NioProtocol - Initializing ProtocolHandler ["http-nio-8080"]
2024-10-17 15:39:35 [restartedMain] INFO  o.a.catalina.core.StandardService - Starting service [Tomcat]
2024-10-17 15:39:35 [restartedMain] INFO  o.a.catalina.core.StandardEngine - Starting Servlet engine: [Apache Tomcat/10.1.30]
2024-10-17 15:39:35 [restartedMain] INFO  o.a.c.c.C.[Tomcat].[localhost].[/] - Initializing Spring embedded WebApplicationContext
2024-10-17 15:39:35 [restartedMain] INFO  o.s.b.w.s.c.ServletWebServerApplicationContext - Root WebApplicationContext: initialization completed in 1316 ms
2024-10-17 15:39:36 [restartedMain] INFO  o.s.b.a.w.s.WelcomePageHandlerMapping - Adding welcome page template: index
2024-10-17 15:39:36 [restartedMain] WARN  o.t.templatemode.TemplateMode - [THYMELEAF][restartedMain] Unknown Template Mode 'HTML5'. Must be one of: 'HTML', 'XML', 'TEXT', 'JAVASCRIPT', 'CSS', 'RAW'. Using default Template Mode 'HTML'.
2024-10-17 15:39:36 [restartedMain] WARN  o.s.b.d.a.OptionalLiveReloadServer - Unable to start LiveReload server
2024-10-17 15:39:36 [restartedMain] INFO  o.a.coyote.http11.Http11NioProtocol - Starting ProtocolHandler ["http-nio-8080"]
2024-10-17 15:39:36 [restartedMain] INFO  o.s.b.w.e.tomcat.TomcatWebServer - Tomcat started on port 8080 (http) with context path '/'
2024-10-17 15:39:36 [restartedMain] INFO  s.org.arrupe.becas.BecasApplication - Started BecasApplication in 2.616 seconds (process running for 3.078)
2024-10-17 15:39:38 [http-nio-8080-exec-1] INFO  o.a.c.c.C.[Tomcat].[localhost].[/] - Initializing Spring DispatcherServlet 'dispatcherServlet'
2024-10-17 15:39:38 [http-nio-8080-exec-1] INFO  o.s.web.servlet.DispatcherServlet - Initializing Servlet 'dispatcherServlet'
2024-10-17 15:39:38 [http-nio-8080-exec-1] INFO  o.s.web.servlet.DispatcherServlet - Completed initialization in 0 ms
2024-10-17 15:39:38 [http-nio-8080-exec-1] DEBUG s.o.a.b.controller.LoginController - Accediendo a la página de inicio
2024-10-17 15:39:38 [http-nio-8080-exec-2] DEBUG s.o.a.b.controller.LoginController - Mostrando página de login
2024-10-17 15:39:45 [http-nio-8080-exec-9] INFO  s.o.a.b.controller.LoginController - Procesando login para carnet: admin
2024-10-17 15:39:45 [http-nio-8080-exec-9] DEBUG s.o.a.b.controller.LoginController - URL de login: http://192.1.2.188:8081/signin
2024-10-17 15:39:45 [http-nio-8080-exec-9] DEBUG s.o.a.b.controller.LoginController - Enviando solicitud a la API para carnet: admin
2024-10-17 15:39:45 [http-nio-8080-exec-9] DEBUG s.o.a.b.controller.LoginController - Respuesta recibida desde API: Status: 200 OK, Body: {token=eyJhbGciOiJIUzUxMiJ9.eyJzdWIiOiJhZG1pbiIsImlhdCI6MTcyOTIwMTE4NSwiZXhwIjoxNzI5MjAzNTg1fQ.IDj6b3YvAWOpT_OkjfMyPzEe_8vuu_QACM9FUc5Ieu5lJHTcSsdqXUp1DmX_vKmDcS9MjtA0f8JYPpsr6JlzeQ, rol=ADMIN, carnet=admin}
2024-10-17 15:39:45 [http-nio-8080-exec-9] INFO  s.o.a.b.controller.LoginController - Login exitoso, carnet: admin, rol: ADMIN
2024-10-17 15:39:45 [http-nio-8080-exec-9] DEBUG s.o.a.b.controller.LoginController - Datos de usuario obtenidos para carnet: admin
2024-10-17 15:39:45 [http-nio-8080-exec-5] INFO  s.o.a.b.controller.LoginController - Accediendo al dashboard admin para el usuario con carnet: admin
2024-10-17 15:43:51 [restartedMain] INFO  s.org.arrupe.becas.BecasApplication - Starting BecasApplication using Java 17.0.12 with PID 3316 (C:\Users\adria\OneDrive\Escritorio\Nuevas_Becas\Becas_FrontEnd\build\classes\java\main started by adria in C:\Users\adria\OneDrive\Escritorio\Nuevas_Becas\Becas_FrontEnd)
2024-10-17 15:43:51 [restartedMain] DEBUG s.org.arrupe.becas.BecasApplication - Running with Spring Boot v3.3.4, Spring v6.1.13
2024-10-17 15:43:51 [restartedMain] INFO  s.org.arrupe.becas.BecasApplication - No active profile set, falling back to 1 default profile: "default"
2024-10-17 15:43:51 [restartedMain] INFO  o.s.b.d.e.DevToolsPropertyDefaultsPostProcessor - Devtools property defaults active! Set 'spring.devtools.add-properties' to 'false' to disable
2024-10-17 15:43:51 [restartedMain] INFO  o.s.b.d.e.DevToolsPropertyDefaultsPostProcessor - For additional web related logging consider setting the 'logging.level.web' property to 'DEBUG'
2024-10-17 15:43:52 [restartedMain] INFO  o.s.b.w.e.tomcat.TomcatWebServer - Tomcat initialized with port 8080 (http)
2024-10-17 15:43:52 [restartedMain] INFO  o.a.coyote.http11.Http11NioProtocol - Initializing ProtocolHandler ["http-nio-8080"]
2024-10-17 15:43:52 [restartedMain] INFO  o.a.catalina.core.StandardService - Starting service [Tomcat]
2024-10-17 15:43:52 [restartedMain] INFO  o.a.catalina.core.StandardEngine - Starting Servlet engine: [Apache Tomcat/10.1.30]
2024-10-17 15:43:52 [restartedMain] INFO  o.a.c.c.C.[Tomcat].[localhost].[/] - Initializing Spring embedded WebApplicationContext
2024-10-17 15:43:52 [restartedMain] INFO  o.s.b.w.s.c.ServletWebServerApplicationContext - Root WebApplicationContext: initialization completed in 1471 ms
2024-10-17 15:43:52 [restartedMain] INFO  o.s.b.a.w.s.WelcomePageHandlerMapping - Adding welcome page template: index
2024-10-17 15:43:53 [restartedMain] WARN  o.t.templatemode.TemplateMode - [THYMELEAF][restartedMain] Unknown Template Mode 'HTML5'. Must be one of: 'HTML', 'XML', 'TEXT', 'JAVASCRIPT', 'CSS', 'RAW'. Using default Template Mode 'HTML'.
2024-10-17 15:43:53 [restartedMain] INFO  o.s.b.d.a.OptionalLiveReloadServer - LiveReload server is running on port 35729
2024-10-17 15:43:53 [restartedMain] INFO  o.a.coyote.http11.Http11NioProtocol - Starting ProtocolHandler ["http-nio-8080"]
2024-10-17 15:43:53 [restartedMain] INFO  o.s.b.w.e.tomcat.TomcatWebServer - Tomcat started on port 8080 (http) with context path '/'
2024-10-17 15:43:53 [restartedMain] INFO  s.org.arrupe.becas.BecasApplication - Started BecasApplication in 2.922 seconds (process running for 3.535)
2024-10-17 15:44:05 [http-nio-8080-exec-1] INFO  o.a.c.c.C.[Tomcat].[localhost].[/] - Initializing Spring DispatcherServlet 'dispatcherServlet'
2024-10-17 15:44:05 [http-nio-8080-exec-1] INFO  o.s.web.servlet.DispatcherServlet - Initializing Servlet 'dispatcherServlet'
2024-10-17 15:44:05 [http-nio-8080-exec-1] INFO  o.s.web.servlet.DispatcherServlet - Completed initialization in 2 ms
2024-10-17 15:44:05 [http-nio-8080-exec-1] DEBUG s.o.a.b.controller.LoginController - Accediendo a la página de inicio
2024-10-17 15:44:05 [http-nio-8080-exec-2] DEBUG s.o.a.b.controller.LoginController - Mostrando página de login
2024-10-17 15:44:13 [http-nio-8080-exec-6] INFO  s.o.a.b.controller.LoginController - Procesando login para carnet: admin
2024-10-17 15:44:13 [http-nio-8080-exec-6] DEBUG s.o.a.b.controller.LoginController - URL de login: http://192.1.2.188:8081/signin
2024-10-17 15:44:13 [http-nio-8080-exec-6] DEBUG s.o.a.b.controller.LoginController - Enviando solicitud a la API para carnet: admin
2024-10-17 15:44:14 [http-nio-8080-exec-6] DEBUG s.o.a.b.controller.LoginController - Respuesta recibida desde API: Status: 200 OK, Body: {token=eyJhbGciOiJIUzUxMiJ9.eyJzdWIiOiJhZG1pbiIsImlhdCI6MTcyOTIwMTQ1NCwiZXhwIjoxNzI5MjAzODU0fQ.IooPaTGZUAa3wopLiOoZBXrju0DUH3UTtUKBDH3IB2owcalkKfps_4VBkyIFVk9UDbHHfvoPhPP7979F0OZA3g, rol=ADMIN, carnet=admin}
2024-10-17 15:44:14 [http-nio-8080-exec-6] INFO  s.o.a.b.controller.LoginController - Login exitoso, carnet: admin, rol: ADMIN
2024-10-17 15:44:14 [http-nio-8080-exec-6] DEBUG s.o.a.b.controller.LoginController - Datos de usuario obtenidos para carnet: admin
2024-10-17 15:44:14 [http-nio-8080-exec-7] INFO  s.o.a.b.controller.LoginController - Accediendo al dashboard admin para el usuario con carnet: admin
2024-10-17 15:44:56 [restartedMain] INFO  s.org.arrupe.becas.BecasApplication - Starting BecasApplication using Java 17.0.12 with PID 11668 (C:\Users\adria\OneDrive\Escritorio\Nuevas_Becas\Becas_FrontEnd\build\classes\java\main started by adria in C:\Users\adria\OneDrive\Escritorio\Nuevas_Becas\Becas_FrontEnd)
2024-10-17 15:44:56 [restartedMain] DEBUG s.org.arrupe.becas.BecasApplication - Running with Spring Boot v3.3.4, Spring v6.1.13
2024-10-17 15:44:56 [restartedMain] INFO  s.org.arrupe.becas.BecasApplication - No active profile set, falling back to 1 default profile: "default"
2024-10-17 15:44:56 [restartedMain] INFO  o.s.b.d.e.DevToolsPropertyDefaultsPostProcessor - Devtools property defaults active! Set 'spring.devtools.add-properties' to 'false' to disable
2024-10-17 15:44:56 [restartedMain] INFO  o.s.b.d.e.DevToolsPropertyDefaultsPostProcessor - For additional web related logging consider setting the 'logging.level.web' property to 'DEBUG'
2024-10-17 15:44:58 [restartedMain] INFO  o.s.b.w.e.tomcat.TomcatWebServer - Tomcat initialized with port 8080 (http)
2024-10-17 15:44:58 [restartedMain] INFO  o.a.coyote.http11.Http11NioProtocol - Initializing ProtocolHandler ["http-nio-8080"]
2024-10-17 15:44:58 [restartedMain] INFO  o.a.catalina.core.StandardService - Starting service [Tomcat]
2024-10-17 15:44:58 [restartedMain] INFO  o.a.catalina.core.StandardEngine - Starting Servlet engine: [Apache Tomcat/10.1.30]
2024-10-17 15:44:58 [restartedMain] INFO  o.a.c.c.C.[Tomcat].[localhost].[/] - Initializing Spring embedded WebApplicationContext
2024-10-17 15:44:58 [restartedMain] INFO  o.s.b.w.s.c.ServletWebServerApplicationContext - Root WebApplicationContext: initialization completed in 2072 ms
2024-10-17 15:44:59 [restartedMain] INFO  o.s.b.a.w.s.WelcomePageHandlerMapping - Adding welcome page template: index
2024-10-17 15:44:59 [restartedMain] WARN  o.t.templatemode.TemplateMode - [THYMELEAF][restartedMain] Unknown Template Mode 'HTML5'. Must be one of: 'HTML', 'XML', 'TEXT', 'JAVASCRIPT', 'CSS', 'RAW'. Using default Template Mode 'HTML'.
2024-10-17 15:44:59 [restartedMain] INFO  o.s.b.d.a.OptionalLiveReloadServer - LiveReload server is running on port 35729
2024-10-17 15:44:59 [restartedMain] INFO  o.a.coyote.http11.Http11NioProtocol - Starting ProtocolHandler ["http-nio-8080"]
2024-10-17 15:44:59 [restartedMain] INFO  o.s.b.w.e.tomcat.TomcatWebServer - Tomcat started on port 8080 (http) with context path '/'
2024-10-17 15:44:59 [restartedMain] INFO  s.org.arrupe.becas.BecasApplication - Started BecasApplication in 4.061 seconds (process running for 5.029)
2024-10-17 15:45:05 [http-nio-8080-exec-1] INFO  o.a.c.c.C.[Tomcat].[localhost].[/] - Initializing Spring DispatcherServlet 'dispatcherServlet'
2024-10-17 15:45:05 [http-nio-8080-exec-1] INFO  o.s.web.servlet.DispatcherServlet - Initializing Servlet 'dispatcherServlet'
2024-10-17 15:45:05 [http-nio-8080-exec-1] INFO  o.s.web.servlet.DispatcherServlet - Completed initialization in 0 ms
2024-10-17 15:48:05 [restartedMain] INFO  s.org.arrupe.becas.BecasApplication - Starting BecasApplication using Java 17.0.12 with PID 23180 (C:\Users\adria\OneDrive\Escritorio\Nuevas_Becas\Becas_FrontEnd\build\classes\java\main started by adria in C:\Users\adria\OneDrive\Escritorio\Nuevas_Becas\Becas_FrontEnd)
2024-10-17 15:48:05 [restartedMain] DEBUG s.org.arrupe.becas.BecasApplication - Running with Spring Boot v3.3.4, Spring v6.1.13
2024-10-17 15:48:05 [restartedMain] INFO  s.org.arrupe.becas.BecasApplication - No active profile set, falling back to 1 default profile: "default"
2024-10-17 15:48:05 [restartedMain] INFO  o.s.b.d.e.DevToolsPropertyDefaultsPostProcessor - Devtools property defaults active! Set 'spring.devtools.add-properties' to 'false' to disable
2024-10-17 15:48:05 [restartedMain] INFO  o.s.b.d.e.DevToolsPropertyDefaultsPostProcessor - For additional web related logging consider setting the 'logging.level.web' property to 'DEBUG'
2024-10-17 15:48:06 [restartedMain] INFO  o.s.b.w.e.tomcat.TomcatWebServer - Tomcat initialized with port 8080 (http)
2024-10-17 15:48:06 [restartedMain] INFO  o.a.coyote.http11.Http11NioProtocol - Initializing ProtocolHandler ["http-nio-8080"]
2024-10-17 15:48:06 [restartedMain] INFO  o.a.catalina.core.StandardService - Starting service [Tomcat]
2024-10-17 15:48:06 [restartedMain] INFO  o.a.catalina.core.StandardEngine - Starting Servlet engine: [Apache Tomcat/10.1.30]
2024-10-17 15:48:06 [restartedMain] INFO  o.a.c.c.C.[Tomcat].[localhost].[/] - Initializing Spring embedded WebApplicationContext
2024-10-17 15:48:06 [restartedMain] INFO  o.s.b.w.s.c.ServletWebServerApplicationContext - Root WebApplicationContext: initialization completed in 1545 ms
2024-10-17 15:48:06 [restartedMain] INFO  o.s.b.a.w.s.WelcomePageHandlerMapping - Adding welcome page template: index
2024-10-17 15:48:07 [restartedMain] WARN  o.t.templatemode.TemplateMode - [THYMELEAF][restartedMain] Unknown Template Mode 'HTML5'. Must be one of: 'HTML', 'XML', 'TEXT', 'JAVASCRIPT', 'CSS', 'RAW'. Using default Template Mode 'HTML'.
2024-10-17 15:48:07 [restartedMain] INFO  o.s.b.d.a.OptionalLiveReloadServer - LiveReload server is running on port 35729
2024-10-17 15:48:07 [restartedMain] INFO  o.a.coyote.http11.Http11NioProtocol - Starting ProtocolHandler ["http-nio-8080"]
2024-10-17 15:48:07 [restartedMain] INFO  o.s.b.w.e.tomcat.TomcatWebServer - Tomcat started on port 8080 (http) with context path '/'
2024-10-17 15:48:07 [restartedMain] INFO  s.org.arrupe.becas.BecasApplication - Started BecasApplication in 2.733 seconds (process running for 3.157)
2024-10-17 15:48:15 [http-nio-8080-exec-1] INFO  o.a.c.c.C.[Tomcat].[localhost].[/] - Initializing Spring DispatcherServlet 'dispatcherServlet'
2024-10-17 15:48:15 [http-nio-8080-exec-1] INFO  o.s.web.servlet.DispatcherServlet - Initializing Servlet 'dispatcherServlet'
2024-10-17 15:48:15 [http-nio-8080-exec-1] INFO  o.s.web.servlet.DispatcherServlet - Completed initialization in 1 ms
2024-10-17 15:48:51 [http-nio-8080-exec-7] WARN  s.o.a.b.controller.LoginController - Intento de acceso al dashboard admin sin autenticación
2024-10-17 15:48:51 [http-nio-8080-exec-9] DEBUG s.o.a.b.controller.LoginController - Mostrando página de login
2024-10-17 15:48:58 [http-nio-8080-exec-1] INFO  s.o.a.b.controller.LoginController - Procesando login para carnet: admin
2024-10-17 15:48:58 [http-nio-8080-exec-1] DEBUG s.o.a.b.controller.LoginController - URL de login: http://192.1.2.188:8081/signin
2024-10-17 15:48:58 [http-nio-8080-exec-1] DEBUG s.o.a.b.controller.LoginController - Enviando solicitud a la API para carnet: admin
2024-10-17 15:48:59 [http-nio-8080-exec-1] DEBUG s.o.a.b.controller.LoginController - Respuesta recibida desde API: Status: 200 OK, Body: {token=eyJhbGciOiJIUzUxMiJ9.eyJzdWIiOiJhZG1pbiIsImlhdCI6MTcyOTIwMTczOSwiZXhwIjoxNzI5MjA0MTM5fQ.1QOTq3Oqz7kKblHf0n50jh3oRrHJOqkaBTaDvN4dpHV9qvEGKCpO9jvrErr8tcKR1rRpezogz4G7FbjCmqfNkQ, rol=ADMIN, carnet=admin}
2024-10-17 15:48:59 [http-nio-8080-exec-1] INFO  s.o.a.b.controller.LoginController - Login exitoso, carnet: admin, rol: ADMIN
2024-10-17 15:48:59 [http-nio-8080-exec-1] DEBUG s.o.a.b.controller.LoginController - Datos de usuario obtenidos para carnet: admin
2024-10-17 15:48:59 [http-nio-8080-exec-3] INFO  s.o.a.b.controller.LoginController - Accediendo al dashboard admin para el usuario con carnet: admin
